the 322
of 191
to 164
a 144
and 144
in 103
Project 79
or 73
you 67
with 65
I 60
this 45
is 43
was 43
his 41
that 40
for 39
any 38
not 38
had 36
by 35
it 34
on 34
be 33
work 33
at 31
he 30
have 29
are 28
electronic 27
The 26
all 26
from 26
we 26
my 25
works 23
Gutenberg 22
Poirot 22
no 22
will 22
your 22
as 21
terms 21
but 20
do 20
may 19
other 19
If 18
an 18
copyright 18
were 17
United 15
been 14
Archive 13
Foundation 13
He 13
Literary 13
You 13
must 13
We 12
about 12
can 12
her 12
our 12
what 12
donations 11
man 11
out 11
which 11
OF 10
access 10
full 10
has 10
little 10
paragraph 10
use 10
It 9
copy 9
forth 9
including 9
its 9
laws 9
set 9
very 9
who 9
License 8
Miss 8
THE 8
agreement 8
fee 8
old 8
one 8
paid 8
said 8
up 8
when 8
without 8
Section 7
States 7
agree 7
cannot 7
copies 7
following 7
located 7
made 7
me 7
money 7
received 7
see 7
small 7
such 7
than 7
two 7
under 7
where 7
wife 7
Baker 6
But 6
Marsh 6
My 6
OR 6
YOU 6
associated 6
before 6
charge 6
comply 6
could 6
did 6
distributing 6
distribution 6
eBook 6
few 6
go 6
how 6
if 6
law 6
left 6
only 6
own 6
permission 6
provide 6
refund 6
second 6
tax 6
they 6
through 6
us 6
using 6
And 5
Crabtree 5
against 5
am 5
certain 5
distribute 5
eBooks 5
free 5
get 5
him 5
key 5
make 5
most 5
part 5
protected 5
quite 5
shall 5
she 5
state 5
these 5
though 5
trademark 5
uncle 5
within 5
would 5
writing 5
written 5
years 5
A 4
By 4
Do 4
In 4
Information 4
Manor 4
PROJECT 4
This 4
To 4
after 4
anyone 4
check 4
country 4
days 4
desk 4
each 4
find 4
format 4
found 4
freely 4
give 4
given 4
house 4
individual 4
information 4
into 4
just 4
last 4
means 4
more 4
much 4
niece 4
once 4
online 4
paying 4
person 4
phrase 4
posted 4
printed 4
providing 4
return 4
should 4
sign 4
so 4
states 4
status 4
then 4
there 4
time 4
upon 4
volunteers 4
website 4
whole 4
wits 4
ANY 3
Agatha 3
Andrew 3
Bakers 3
Christie 3
FOR 3
For 3
GUTENBERG 3
General 3
LIMITED 3
Missing 3
See 3
She 3
THIS 3
There 3
Violet 3
WILL 3
also 3
applicable 3
arrived 3
attached 3
back 3
better 3
big 3
cavity 3
collection 3
compliance 3
complying 3
creating 3
derivative 3
destroy 3
distributed 3
done 3
editions 3
education 3
either 3
entity 3
envelope 3
even 3
future 3
good 3
gray 3
having 3
held 3
here 3
inside 3
late 3
limitation 3
links 3
look 3
makes 3
many 3
medium 3
mission 3
name 3
neatly 3
new 3
nothing 3
number 3
obtain 3
official 3
over 3
paper 3
paragraphs 3
payments 3
people 3
place 3
plainly 3
property 3
proved 3
provided 3
public 3
put 3
replacement 3
returned 3
right 3
support 3
their 3
them 3
thing 3
three 3
train 3
used 3
various 3
way 3
woman 3
workmen 3
world 3
year 3
young 3
AGREE 2
As 2
BREACH 2
DAMAGES 2
Devonshire 2
Donations 2
EBOOK 2
Except 2
FULL 2
Hercule 2
How 2
LICENSE 2
MISSING 2
March 2
NO 2
NOT 2
On 2
Plymouth 2
Royalty 2
THAT 2
TO 2
Terms 2
They 2
Uncle 2
Us 2
Use 2
Vanilla 2
WARRANTIES 2
While 2
Will 2
With 2
able 2
absolutely 2
accepted 2
accordance 2
active 2
additional 2
ago 2
almost 2
another 2
answer 2
anywhere 2
asking 2
attention 2
available 2
away 2
based 2
became 2
beginning 2
bitter 2
both 2
bound 2
brick 2
business 2
businesslike 2
called 2
came 2
cells 2
charitable 2
charming 2
computer 2
concept 2
concerning 2
considerable 2
constant 2
contact 2
contain 2
containing 2
copied 2
copying 2
cost 2
costs 2
created 2
cried 2
cut 2
date 2
deep 2
deeply 2
defect 2
defective 2
destroyed 2
dirty 2
disclaimer 2
displaying 2
domain 2
easy 2
efforts 2
employees 2
especially 2
every 2
exempt 2
faint 2
fancy 2
father 2
federal 2
fees 2
firm 2
fragment 2
gets 2
great 2
half 2
help 2
hope 2
hospitals 2
hour 2
immediate 2
impossible 2
included 2
ingenuity 2
intellectual 2
keep 2
keeping 2
kind 2
knew 2
lady 2
learn 2
legal 2
let 2
license 2
lieu 2
likely 2
limited 2
living 2
long 2
managed 2
marked 2
married 2
master 2
method 2
moment 2
mother 2
need 2
notice 2
now 2
obtaining 2
outside 2
owner 2
owns 2
page 2
particular 2
particularly 2
parts 2
pass 2
pay 2
perfectly 2
permitted 2
physical 2
pleasant 2
point 2
poor 2
possessed 2
possibly 2
presented 2
problem 2
proceeded 2
prominently 2
promoting 2
protect 2
provision 2
ran 2
rather 2
really 2
receipt 2
receive 2
references 2
registered 2
remained 2
remembered 2
requirements 2
restrictions 2
rich 2
room 2
royalties 2
same 2
says 2
search 2
seemed 2
sent 2
signed 2
solicit 2
some 2
specified 2
spite 2
strangers 2
study 2
successful 2
sum 2
sure 2
things 2
tiny 2
trouble 2
unless 2
user 2
usual 2
value 2
while 2
whom 2
widest 2
witnessed 2
words 2
AGREEMENT 1
AND 1
ANYTHING 1
About 1
Additional 1
Albert 1
All 1
Already 1
Although 1
Always 1
Among 1
Any 1
Assuredly 1
At 1
Australia 1
Awake 1
BE 1
BEFORE 1
BUT 1
Before 1
Blue 1
Book 1
CONTRACT 1
Case 1
Clark 1
Clearly 1
Compliance 1
Contact 1
Contributions 1
Copyright 1
Creating 1
DISCLAIMER 1
DISTRIBUTE 1
DISTRIBUTOR 1
DONATIONS 1
Dated 1
Defect 1
Despite 1
EIN 1
END 1
EVEN 1
EXCEPT 1
EXPRESS 1
Eagerly 1
Easier 1
Email 1
English 1
Extraordinary 1
FITNESS 1
Farming 1
Frank 1
Full 1
GIVE 1
God 1
Going 1
Granted 1
HAVE 1
Hart 1
Hastings 1
Have 1
Her 1
Himself 1
IF 1
IN 1
INCIDENTAL 1
INCLUDING 1
INDEMNITY 1
Instead 1
Internal 1
International 1
January 1
Jessie 1
LIABLE 1
Lake 1
MERCHANTABILITY 1
Madame 1
Many 1
Master 1
Michael 1
Mission 1
Mississippi 1
Most 1
NOTICE 1
Naturally 1
Nearly 1
Neither 1
Never 1
New 1
North 1
Not 1
Nothing 1
OTHER 1
Of 1
Only 1
Our 1
PARAGRAPH 1
PG 1
PLEASE 1
POSSIBILITY 1
PROVIDED 1
PUNITIVE 1
Part 1
Paying 1
Please 1
Produced 1
Professor 1
READ 1
REFUND 1
REMEDIES 1
REPLACEMENT 1
RIGHT 1
Redistributing 1
Redistribution 1
Release 1
Replacement 1
Revenue 1
Ring 1
Roger 1
SEND 1
START 1
STRICT 1
SUCH 1
Salt 1
Sections 1
Since 1
Solves 1
Some 1
Special 1
Suddenly 1
Sue 1
THOSE 1
TRADEMARK 1
That 1
Their 1
Then 1
Tired 1
UNDER 1
USE 1
UT 1
Unfortunately 1
Unless 1
Updated 1
Volunteers 1
WARRANTY 1
WITH 1
WORK 1
When 1
Woman 1
abide 1
abilities 1
above 1
abrupt 1
accept 1
accepting 1
accessible 1
acquired 1
across 1
actual 1
addition 1
additions 1
address 1
admirer 1
advantage 1
afterward 1
again 1
agent 1
agreed 1
agricultural 1
alien 1
allow 1
alone 1
along 1
already 1
alternate 1
always 1
among 1
amply 1
anything 1
apparently 1
appear 1
appeared 1
appearing 1
apple 1
apply 1
approach 1
apron 1
argument 1
arguments 1
arise 1
armchair 1
arose 1
aroused 1
array 1
assistance 1
assuming 1
assured 1
astuteness 1
attempt 1
attended 1
bareheaded 1
beaming 1
bears 1
because 1
bed 1
began 1
begin 1
beneficiary 1
best 1
bewilderment 1
beyond 1
blend 1
blood 1
boiled 1
bought 1
bricks 1
briefly 1
bring 1
brisk 1
calculate 1
calculated 1
call 1
card 1
care 1
carry 1
case 1
catch 1
caught 1
cause 1
cease 1
challenge 1
change 1
changed 1
characters 1
charities 1
charred 1
china 1
chintz 1
choice 1
choose 1
chose 1
chuckles 1
claim 1
clear 1
clearly 1
clerk 1
clever 1
cleverness 1
clue 1
cocoa 1
codes 1
coming 1
commented 1
commercial 1
committed 1
compilation 1
complacent 1
complicated 1
compliment 1
computers 1
conceal 1
concealed 1
confectioner 1
confirmation 1
confirmed 1
contents 1
contributions 1
convert 1
corporation 1
corrupt 1
countries 1
covered 1
crabbed 1
creation 1
credit 1
crisis 1
critical 1
current 1
cursory 1
dairy 1
damage 1
damaged 1
dated 1
daughter 1
day 1
declared 1
deductible 1
deigned 1
deletions 1
demand 1
depends 1
derive 1
derived 1
described 1
detach 1
detached 1
determine 1
determined 1
died 1
different 1
directly 1
disappeared 1
disappearing 1
disclaim 1
disclaimers 1
discontinue 1
discover 1
discovered 1
disk 1
disposal 1
disposed 1
document 1
documents 1
does 1
domestic 1
donate 1
donation 1
donors 1
down 1
dozed 1
drawer 1
drawn 1
drew 1
drive 1
driving 1
due 1
during 1
dusting 1
easily 1
educate 1
educational 1
ee 1
effort 1
elaborate 1
elapsed 1
elation 1
eldest 1
elect 1
electronically 1
eleven 1
else 1
email 1
emigrated 1
employ 1
employed 1
employee 1
end 1
enough 1
ensuring 1
entirely 1
equipment 1
everything 1
exactly 1
examined 1
exceedingly 1
excellent 1
except 1
exclusion 1
excuse 1
exercise 1
exists 1
expect 1
expecting 1
expend 1
expense 1
explained 1
explanation 1
exporting 1
extent 1
extraordinary 1
eye 1
face 1
fact 1
facts 1
fad 1
faded 1
fall 1
fancied 1
far 1
farm 1
farmer 1
farming 1
fell 1
fetch 1
field 1
file 1
files 1
final 1
financial 1
fire 1
first 1
fix 1
floor 1
follow 1
followed 1
foresaw 1
forget 1
form 1
formats 1
fortune 1
forty 1
fountain 1
frowned 1
further 1
fussy 1
gaunt 1
generations 1
gentleman 1
getting 1
gifts 1
girls 1
gnarled 1
goals 1
got 1
govern 1
granted 1
gratefully 1
greater 1
grizzled 1
gross 1
group 1
hand 1
handed 1
hands 1
handsome 1
handwriting 1
hard 1
harmless 1
health 1
hear 1
high 1
higher 1
himself 1
hired 1
hold 1
holder 1
hours 1
housework 1
hundreds 1
hunt 1
hypertext 1
ideas 1
identification 1
imagined 1
immediately 1
implied 1
important 1
imposed 1
inaccurate 1
include 1
includes 1
increasing 1
indemnify 1
indicate 1
indicating 1
indication 1
indirectly 1
informant 1
ingenious 1
innocent 1
intelligent 1
intended 1
intensely 1
intention 1
interested 1
interpreted 1
invalidity 1
issue 1
itself 1
ivory 1
job 1
justified 1
kept 1
kindness 1
knees 1
know 1
knowledge 1
land 1
large 1
later 1
laying 1
lead 1
leanings 1
leather 1
leave 1
legally 1
liability 1
liberty 1
library 1
licensed 1
life 1
lighted 1
lighting 1
like 1
lines 1
linked 1
live 1
lived 1
locations 1
locking 1
longer 1
looked 1
looking 1
loose 1
lot 1
low 1
lucky 1
main 1
maintaining 1
manager 1
manner 1
manor 1
map 1
matter 1
maximum 1
meant 1
meet 1
men 1
met 1
methods 1
meticulous 1
might 1
milk 1
mind 1
mine 1
minor 1
minus 1
minutes 1
miserable 1
mistake 1
modern 1
modified 1
moments 1
mon 1
month 1
morning 1
mortal 1
moving 1
names 1
narrows 1
native 1
nearly 1
neat 1
necessarily 1
neighboring 1
network 1
never 1
newly 1
newsletter 1
night 1
nine 1
nodding 1
nonproprietary 1
nor 1
note 1
notifies 1
object 1
obtained 1
off 1
offends 1
offers 1
office 1
often 1
open 1
opinion 1
opportunities 1
opportunity 1
opposed 1
opposite 1
organized 1
original 1
originator 1
orphan 1
outdated 1
owed 1
packets 1
pages 1
paneled 1
papers 1
paperwork 1
parted 1
party 1
peculiar 1
pen 1
perfect 1
performances 1
periodic 1
permanent 1
persisted 1
personality 1
pie 1
piece 1
piercing 1
pit 1
pitted 1
placed 1
plain 1
plan 1
please 1
pleasure 1
plunged 1
portion 1
possessing 1
possibility 1
post 1
practical 1
practically 1
pray 1
precision 1
prepare 1
prepossessed 1
preserve 1
pressed 1
pressing 1
prevent 1
previous 1
previously 1
principal 1
print 1
processing 1
produce 1
produced 1
profits 1
prohibition 1
promotion 1
proofread 1
proportions 1
proposed 1
proprietary 1
prove 1
purpose 1
putting 1
quality 1
rambling 1
reaching 1
read 1
readable 1
reading 1
reasonable 1
rebelled 1
receiving 1
recently 1
redistribute 1
redistributing 1
referred 1
regard 1
regulating 1
rejoices 1
relation 1
relations 1
remain 1
remaining 1
remarkable 1
remember 1
reminded 1
remove 1
removed 1
repairs 1
replace 1
reported 1
representations 1
require 1
required 1
research 1
resolved 1
respect 1
retired 1
roast 1
rooted 1
rose 1
rough 1
round 1
routine 1
royalty 1
rubbing 1
sad 1
safety 1
sallies 1
sat 1
saw 1
scrap 1
scratched 1
scrawled 1
searcher 1
secure 1
seek 1
seem 1
seems 1
sees 1
sending 1
sensible 1
sentence 1
servants 1
settee 1
several 1
share 1
shared 1
sharing 1
showed 1
shriveled 1
signature 1
sitting 1
six 1
slightly 1
slow 1
sole 1
solicitation 1
solving 1
somewhat 1
sons 1
speculation 1
spoil 1
sporting 1
standing 1
stared 1
start 1
started 1
statements 1
stating 1
station 1
stayed 1
step 1
stiff 1
still 1
stood 1
story 1
stove 1
straight 1
strode 1
stuffed 1
subject 1
subscribe 1
successfully 1
suitable 1
superscriptures 1
supper 1
surface 1
survey 1
survive 1
suspect 1
swamp 1
swear 1
sympathetic 1
synonymous 1
taken 1
takes 1
taking 1
talent 1
tapping 1
task 1
tear 1
telegram 1
tell 1
testator 1
texts 1
thoroughly 1
tidy 1
ties 1
times 1
tired 1
told 1
too 1
took 1
toward 1
town 1
transcribe 1
transcription 1
treated 1
treatment 1
tried 1
triple 1
true 1
types 1
understand 1
undoubted 1
unenforceability 1
unfortunately 1
uniform 1
unlike 1
unlink 1
unprotected 1
unsolicited 1
unusual 1
upbringing 1
upset 1
upsetting 1
useful 1
uttered 1
vague 1
vanity 1
variety 1
vast 1
vaunt 1
version 1
view 1
views 1
village 1
violates 1
visit 1
void 1
volunteer 1
waiting 1
walked 1
walks 1
want 1
warned 1
warranties 1
wasting 1
ways 1
web 1
welcome 1
well 1
wheeled 1
whenever 1
widespread 1
win 1
wiping 1
wish 1
withdrew 1
witnessing 1
women 1
wonder 1
word 1
worked 1
yeoman 1
younger 1
yours 1
