the 8642
and 2965
of 2934
to 2809
in 1666
his 1531
with 1476
a 1415
The 1350
And 1276
my 846
from 777
I 736
he 736
thy 698
on 558
by 546
their 533
To 532
all 497
her 493
that 461
With 415
as 393
is 388
But 366
they 365
this 359
our 348
A 343
for 343
or 341
at 311
we 310
Then 270
In 255
be 255
Ulysses 254
him 251
shall 241
not 232
thus 232
are 223
His 219
it 216
was 211
but 210
your 208
He 194
now 190
what 189
thou 182
she 178
which 177
who 171
For 168
every 168
Or 165
no 165
an 162
when 161
Of 158
these 153
some 147
then 146
you 145
Nor 144
more 144
through 143
have 140
me 140
great 139
When 132
gods 132
had 129
if 128
so 125
yet 123
royal 122
Thus 121
man 120
From 118
whom 118
O 114
were 114
soul 111
queen 110
each 108
may 108
thee 108
first 107
nor 107
whose 107
hand 106
will 106
If 100
So 100
Now 99
high 98
ye 98
long 97
While 96
let 96
native 96
My 93
than 93
Thy 92
fair 92
By 90
king 90
Heaven 89
There 89
Till 88
can 88
while 88
This 87
those 87
Jove 85
must 85
train 84
would 83
Where 82
god 82
eyes 81
like 81
sacred 81
where 81
before 80
its 80
Project 79
They 79
care 79
son 79
What 78
arms 78
has 78
one 78
such 78
At 77
That 77
us 77
power 76
other 75
Who 74
prince 73
them 73
goddess 70
once 70
still 70
No 69
She 69
form 69
round 69
should 68
On 67
As 66
chief 66
death 65
soft 65
dreadful 64
human 64
Telemachus 63
mighty 63
palace 62
sire 62
vessel 62
ever 60
into 60
there 60
voice 60
How 59
Their 59
along 59
day 59
night 59
old 59
Some 58
gave 58
heart 58
only 58
here 57
shore 57
any 56
own 56
rage 56
been 55
dome 55
heaven 55
how 55
life 55
Her 54
Pallas 54
could 54
fate 54
full 54
length 54
most 54
words 54
All 53
Not 53
We 53
Yet 53
faithful 53
many 53
men 53
work 53
youth 53
Full 52
dire 52
joy 52
powers 52
race 52
age 51
equal 51
golden 51
hands 51
rich 51
tears 51
till 51
upon 51
vain 51
various 51
These 50
beneath 50
sad 50
alone 49
land 49
monarch 49
rest 49
stranger 49
woes 49
BOOK 48
distant 48
far 48
feast 48
future 48
good 48
never 48
proud 48
suitors 48
Swift 47
days 47
give 47
much 47
name 47
speed 47
friendly 46
grace 46
return 46
sure 46
Each 45
dear 45
rising 45
vengeance 45
Our 44
Whose 44
earth 44
made 44
mortal 44
watery 44
bold 43
brave 43
bright 43
heard 43
purple 43
secret 43
Far 42
hero 42
pleasing 42
Let 41
Such 41
force 41
genial 41
gifts 41
hospitable 41
love 41
might 41
mind 41
silver 41
stern 41
too 41
wide 41
Through 40
around 40
deep 40
realms 40
without 40
fierce 39
hour 39
tender 39
toils 39
years 39
arm 38
down 38
grief 38
instant 38
left 38
martial 38
order 38
sons 38
soon 38
view 38
well 38
whole 38
early 37
labours 37
lay 37
peers 37
wild 37
Here 36
bosom 36
breast 36
forth 36
gives 36
happy 36
shade 36
spread 36
strong 36
Before 35
Eumaeus 35
ancient 35
banquet 35
coast 35
eternal 35
guest 35
just 35
lord 35
safe 35
seek 35
strength 35
swift 35
thought 35
time 35
works 35
Homer 34
art 34
bear 34
bed 34
bridal 34
cast 34
friends 34
generous 34
last 34
though 34
Soon 33
cares 33
morning 33
same 33
since 33
waves 33
wine 33
Be 32
father 32
honours 32
state 32
took 32
war 32
air 31
bid 31
court 31
dark 31
divine 31
foreign 31
grateful 31
hear 31
heavenly 31
new 31
pensive 31
see 31
sweet 31
young 31
An 30
Ithaca 30
above 30
against 30
ample 30
cause 30
eye 30
godlike 30
guilty 30
imperial 30
lofty 30
ocean 30
out 30
present 30
sage 30
sudden 30
sun 30
two 30
within 30
wondrous 30
yon 30
THE 29
Though 29
billows 29
blood 29
port 29
ready 29
seas 29
ship 29
truth 29
wisdom 29
wretched 29
Beneath 28
Neptune 28
Shall 28
Your 28
back 28
beauteous 28
copious 28
country 28
destined 28
fame 28
lawless 28
next 28
pale 28
set 28
silent 28
sorrows 28
spoke 28
transport 28
wrath 28
It 27
Minerva 27
Two 27
bow 27
celestial 27
due 27
electronic 27
hunger 27
know 27
make 27
near 27
nymph 27
public 27
seat 27
shining 27
sleep 27
take 27
walls 27
Iliad 26
Meantime 26
Why 26
bowl 26
close 26
fond 26
haste 26
joys 26
loud 26
loved 26
master 26
sorrow 26
spacious 26
stood 26
trembling 26
wait 26
winds 26
Antinous 25
Greece 25
Still 25
city 25
female 25
friend 25
gold 25
led 25
lost 25
majestic 25
manly 25
natal 25
radiant 25
rites 25
share 25
shores 25
social 25
Around 24
Grecian 24
High 24
Homeric 24
OF 24
absent 24
blooming 24
daughter 24
glory 24
goblet 24
guard 24
heroes 24
immortal 24
kind 24
marble 24
people 24
received 24
riot 24
rosy 24
send 24
ships 24
toil 24
waters 24
word 24
Alcinous 23
Is 23
already 23
attend 23
azure 23
best 23
better 23
bore 23
dread 23
ethereal 23
even 23
fleet 23
gay 23
gentle 23
gloomy 23
glorious 23
less 23
limbs 23
raise 23
rural 23
sable 23
shades 23
solemn 23
speak 23
straight 23
sunk 23
tongue 23
vessels 23
wise 23
wonder 23
wretch 23
Fate 22
Gutenberg 22
One 22
Penelope 22
black 22
broad 22
charms 22
course 22
dead 22
deed 22
did 22
evening 22
fear 22
fly 22
given 22
glittering 22
guardian 22
herald 22
hope 22
hopes 22
labour 22
learn 22
main 22
mine 22
part 22
pomp 22
rocks 22
rolling 22
scene 22
side 22
sovereign 22
swelling 22
sword 22
tempest 22
unknown 22
wandering 22
way 22
Like 21
Long 21
Nestor 21
aid 21
bless 21
both 21
cease 21
choicest 21
end 21
ere 21
fates 21
fields 21
find 21
half 21
heaps 21
hence 21
himself 21
lives 21
matron 21
nature 21
pleased 21
rival 21
seized 21
sight 21
silence 21
smooth 21
sought 21
space 21
steps 21
task 21
virgin 21
voyage 21
Fast 20
New 20
arts 20
bears 20
began 20
boast 20
descends 20
do 20
faith 20
found 20
fraud 20
fury 20
herds 20
late 20
leave 20
noble 20
placed 20
realm 20
regal 20
reverend 20
rock 20
roof 20
savage 20
seems 20
seize 20
tell 20
terms 20
vast 20
virtue 20
Lest 19
Troy 19
am 19
came 19
conscious 19
constant 19
eager 19
feet 19
few 19
foe 19
forms 19
general 19
ground 19
head 19
isle 19
menial 19
oft 19
poems 19
rapid 19
robes 19
secure 19
stand 19
suppliant 19
taught 19
ten 19
thoughts 19
turn 19
vows 19
youthful 19
Down 18
after 18
anxious 18
bark 18
charge 18
command 18
common 18
companions 18
copyright 18
council 18
crown 18
decreed 18
drew 18
ease 18
filial 18
flames 18
flocks 18
haughty 18
having 18
house 18
light 18
living 18
maid 18
mother 18
mournful 18
nuptial 18
peaceful 18
pity 18
pride 18
right 18
rise 18
rolls 18
stately 18
three 18
twenty 18
use 18
vase 18
vengeful 18
victims 18
waste 18
wealth 18
woe 18
world 18
wound 18
Greeks 17
Whom 17
You 17
another 17
bade 17
cannot 17
circle 17
cold 17
dawn 17
either 17
empty 17
following 17
giant 17
gift 17
goats 17
hapless 17
holy 17
journey 17
magic 17
mild 17
pass 17
place 17
prepare 17
question 17
scarce 17
sea 17
second 17
sense 17
six 17
storms 17
story 17
thirst 17
up 17
vest 17
vulgar 17
why 17
worth 17
Instant 16
Laertes 16
Three 16
Too 16
United 16
Which 16
Whilst 16
among 16
band 16
bard 16
behold 16
bend 16
bids 16
bower 16
breathes 16
clouds 16
deathful 16
dogs 16
drove 16
ear 16
fall 16
flock 16
fortune 16
free 16
gates 16
hast 16
held 16
hoary 16
honour 16
hours 16
huge 16
illustrious 16
join 16
liquid 16
met 16
mountains 16
move 16
obedient 16
paid 16
pious 16
poem 16
praise 16
prey 16
rose 16
sails 16
seen 16
shalt 16
step 16
stores 16
stream 16
suitor 16
swain 16
tale 16
taste 16
throne 16
wish 16
Atrides 15
Oh 15
Should 15
about 15
altars 15
awful 15
balmy 15
blessing 15
blest 15
bloody 15
board 15
call 15
circling 15
consort 15
darkness 15
domestic 15
doom 15
large 15
laws 15
means 15
paternal 15
pay 15
poet 15
point 15
poor 15
press 15
prudent 15
sailors 15
save 15
saw 15
shady 15
short 15
shoulders 15
speaks 15
spear 15
starry 15
streams 15
superior 15
surge 15
treasures 15
twelve 15
utmost 15
veil 15
warm 15
wave 15
weighty 15
wing 15
wrongs 15
Euryclea 14
Fierce 14
Great 14
Hence 14
Since 14
act 14
amid 14
arrow 14
away 14
beauty 14
blissful 14
bring 14
cave 14
certain 14
chaste 14
choice 14
crew 14
duteous 14
fell 14
fragrant 14
graceful 14
host 14
impious 14
indulge 14
keep 14
labouring 14
lies 14
makes 14
mast 14
meet 14
morn 14
oh 14
passage 14
patient 14
peace 14
plain 14
pure 14
raging 14
roll 14
rude 14
rush 14
rushing 14
say 14
sent 14
shame 14
shed 14
skies 14
skill 14
song 14
stay 14
streaming 14
sylvan 14
town 14
trod 14
under 14
unhappy 14
very 14
viands 14
vision 14
water 14
willing 14
winged 14
wings 14
written 14
yield 14
Archive 13
First 13
Foundation 13
Greek 13
Hermes 13
Ill 13
Literary 13
Mars 13
Meanwhile 13
More 13
Once 13
Safe 13
Straight 13
Sudden 13
absence 13
adverse 13
bounding 13
brow 13
calm 13
claim 13
commands 13
curious 13
cut 13
decent 13
deeds 13
descending 13
destroy 13
direful 13
double 13
dreary 13
face 13
faithless 13
favouring 13
fleecy 13
flies 13
flow 13
flowery 13
former 13
frame 13
furious 13
graced 13
guide 13
home 13
lie 13
little 13
neighbouring 13
nine 13
off 13
prize 13
prove 13
quit 13
rather 13
reach 13
reign 13
reluctant 13
righteous 13
sail 13
sate 13
shone 13
speech 13
suit 13
tall 13
thine 13
thunder 13
thundering 13
told 13
tread 13
turns 13
twice 13
urge 13
views 13
waft 13
wants 13
welcome 13
whence 13
Again 12
Against 12
Aurora 12
Back 12
Ere 12
Eurymachus 12
Helen 12
Pylos 12
Spartan 12
Than 12
Those 12
Twelve 12
Was 12
Ye 12
access 12
added 12
again 12
airy 12
alternate 12
amidst 12
approaching 12
assembly 12
author 12
base 12
body 12
born 12
bound 12
brazen 12
capacious 12
car 12
character 12
come 12
counsel 12
counsels 12
demand 12
desert 12
dust 12
fatal 12
favourite 12
field 12
flying 12
food 12
fortunes 12
fruitful 12
gate 12
grave 12
green 12
heir 12
hell 12
heroic 12
hills 12
hundred 12
impatient 12
infant 12
island 12
javelin 12
kings 12
lead 12
least 12
listening 12
live 12
longer 12
look 12
mere 12
mingled 12
moment 12
naked 12
numerous 12
object 12
open 12
pavement 12
plough 12
portion 12
princes 12
propitious 12
read 12
refulgent 12
regions 12
relate 12
roaring 12
rough 12
sacrifice 12
scenes 12
seem 12
seer 12
slumber 12
sole 12
spoils 12
spreads 12
store 12
tedious 12
thence 12
thick 12
threshold 12
thrones 12
try 12
victim 12
vital 12
western 12
year 12
Fates 11
Had 11
Has 11
Hear 11
Irus 11
Me 11
Nausicaa 11
Sparta 11
Thence 11
Thou 11
Trojan 11
ambush 11
anger 11
appears 11
assembled 11
bath 11
battle 11
bay 11
beside 11
boundless 11
bounteous 11
bounty 11
brother 11
burning 11
busy 11
cautious 11
ceased 11
chosen 11
cool 11
coward 11
dangerous 11
deck 11
donations 11
drooping 11
embrace 11
falchion 11
famed 11
feel 11
fire 11
flowing 11
gain 11
gales 11
hall 11
heaved 11
help 11
herd 11
history 11
hostile 11
humble 11
ills 11
image 11
incessant 11
infernal 11
keen 11
known 11
laid 11
lamp 11
latent 11
lustre 11
mean 11
melancholy 11
modest 11
mountain 11
navy 11
none 11
nymphs 11
oxen 11
parting 11
parts 11
pointed 11
promised 11
prosperous 11
purpose 11
receive 11
remote 11
revenge 11
rite 11
rocky 11
rule 11
shook 11
slow 11
sound 11
sounds 11
splendid 11
states 11
storm 11
studious 11
survey 11
sway 11
think 11
thrice 11
tremendous 11
trust 11
urged 11
violence 11
wander 11
want 11
warrior 11
woman 11
wondering 11
Achilles 10
Attend 10
Can 10
Close 10
Deep 10
Did 10
Having 10
Ilion 10
Melesigenes 10
Phrygian 10
Scarce 10
Scylla 10
Stern 10
Wide 10
also 10
angry 10
ask 10
attends 10
beat 10
believe 10
birth 10
blazing 10
blind 10
breathe 10
breathed 10
bristly 10
brought 10
calls 10
canisters 10
careful 10
cheek 10
column 10
couch 10
coursers 10
crowd 10
dance 10
deny 10
descend 10
disastrous 10
doubt 10
drive 10
extended 10
fast 10
firm 10
foes 10
four 10
garments 10
gently 10
gloom 10
goblets 10
hasty 10
hears 10
horrid 10
horrors 10
insolence 10
intercept 10
knew 10
lands 10
limpid 10
lovely 10
lust 10
measure 10
moved 10
murderous 10
nations 10
nights 10
number 10
numbers 10
oars 10
offspring 10
paragraph 10
perhaps 10
pitying 10
portals 10
prone 10
prospect 10
prostrate 10
raised 10
ran 10
regard 10
repast 10
repose 10
reward 10
several 10
shape 10
sighs 10
slumbers 10
sounding 10
source 10
spirit 10
sprung 10
stands 10
stubborn 10
suits 10
supplies 10
table 10
takes 10
tide 10
tumultuous 10
verdant 10
visit 10
wall 10
wanderings 10
weary 10
weight 10
wines 10
yonder 10
youths 10
Alone 9
Athenian 9
Calypso 9
Circe 9
Haste 9
Just 9
Medon 9
Melanthius 9
Menelaus 9
Must 9
None 9
Odyssey 9
Pyle 9
Six 9
Torn 9
Well 9
Were 9
afford 9
almost 9
approach 9
attention 9
backward 9
bands 9
beating 9
beheld 9
behind 9
being 9
bending 9
blessings 9
breathing 9
chains 9
change 9
closed 9
copies 9
cursed 9
danger 9
deeps 9
delight 9
disclose 9
dismal 9
display 9
distance 9
doubts 9
downy 9
dying 9
ears 9
fears 9
fiery 9
fight 9
fix 9
flame 9
flew 9
floods 9
foaming 9
front 9
gallant 9
games 9
gathering 9
gazing 9
hail 9
hecatombs 9
hill 9
horror 9
important 9
indignant 9
jovial 9
joyous 9
knee 9
knowledge 9
knows 9
leads 9
level 9
lips 9
lonely 9
lot 9
low 9
mates 9
mercy 9
midnight 9
monster 9
mounts 9
moves 9
myself 9
obsequious 9
parents 9
period 9
person 9
pile 9
plenteous 9
points 9
portal 9
pour 9
powerful 9
prepared 9
presents 9
prophetic 9
pursued 9
receives 9
recess 9
restore 9
returning 9
roofs 9
run 9
safety 9
series 9
setting 9
shaft 9
shine 9
shines 9
shun 9
sky 9
spotless 9
spouse 9
sprightly 9
springs 9
steer 9
stretch 9
sweep 9
tempests 9
things 9
thoughtful 9
thunders 9
touch 9
turning 9
unequal 9
vaulted 9
victor 9
vile 9
virtuous 9
wanton 9
waving 9
ways 9
wealthy 9
weeping 9
whirling 9
whither 9
winding 9
wrong 9
wrought 9
Along 8
Death 8
Eurylochus 8
Firm 8
License 8
Perhaps 8
Phemius 8
Pisistratus 8
Rich 8
Say 8
Studious 8
Stygian 8
Urged 8
Vulcan 8
Will 8
Without 8
acts 8
admiration 8
aged 8
agree 8
agreement 8
allow 8
ambrosial 8
attending 8
aught 8
avenge 8
avenging 8
beamy 8
between 8
big 8
bloom 8
bounds 8
brass 8
bread 8
brings 8
careless 8
check 8
chiefs 8
cliffs 8
cloak 8
conquest 8
copy 8
courts 8
cries 8
dame 8
demands 8
destruction 8
different 8
disguise 8
divide 8
easy 8
employ 8
enormous 8
exile 8
experience 8
explore 8
false 8
familiar 8
fee 8
felt 8
fits 8
flight 8
follow 8
fraudful 8
fresh 8
further 8
galley 8
ghost 8
glories 8
go 8
goes 8
growth 8
guides 8
happier 8
hath 8
headlong 8
hearts 8
hide 8
hollow 8
idle 8
impetuous 8
including 8
inmost 8
invite 8
joyful 8
launch 8
leaves 8
lewd 8
lion 8
literary 8
lords 8
lowly 8
luxurious 8
luxury 8
lyre 8
majesty 8
mankind 8
mansion 8
mark 8
measured 8
memory 8
messenger 8
monstrous 8
monument 8
mortals 8
mount 8
murmurs 8
nation 8
naval 8
nodding 8
orient 8
passion 8
past 8
permit 8
please 8
pleasure 8
pledge 8
plunge 8
poetry 8
ponderous 8
princely 8
private 8
red 8
remains 8
remembrance 8
respecting 8
restored 8
revolving 8
ringlets 8
roar 8
robe 8
rules 8
sandals 8
sceptre 8
sceptred 8
sentence 8
servant 8
shaggy 8
shares 8
sheep 8
shield 8
shoot 8
shoulder 8
sign 8
slave 8
smiling 8
snowy 8
solid 8
spousal 8
sternly 8
strange 8
strive 8
subject 8
suffering 8
swell 8
tempt 8
thousand 8
thyself 8
tore 8
torrent 8
treasure 8
trees 8
tribes 8
tumult 8
untimely 8
valves 8
verge 8
virgins 8
wanderer 8
watchful 8
weak 8
whilst 8
wicked 8
wind 8
worn 8
worthy 8
Amidst 7
Another 7
Are 7
Bright 7
Crete 7
Forth 7
Four 7
Him 7
May 7
Mentor 7
Next 7
Observant 7
Philaetius 7
Pleased 7
Pylian 7
Section 7
See 7
Soft 7
Sole 7
States 7
Sunk 7
Thick 7
active 7
advancing 7
affords 7
airs 7
aloud 7
appear 7
ardent 7
arise 7
arrived 7
associates 7
attendant 7
barren 7
bathe 7
because 7
begins 7
bends 7
bestow 7
betray 7
beyond 7
bird 7
bliss 7
boiling 7
boon 7
brows 7
cates 7
cavern 7
century 7
cheeks 7
cheerful 7
children 7
companion 7
comply 7
conduct 7
consecrated 7
costly 7
courage 7
criticism 7
cruel 7
daily 7
damsel 7
damsels 7
daring 7
darling 7
dearest 7
descended 7
desire 7
desperate 7
done 7
dost 7
doubtful 7
dress 7
driven 7
drives 7
duty 7
envy 7
exhausted 7
experienced 7
eyed 7
farther 7
fated 7
fathers 7
feastful 7
feeble 7
feed 7
fifty 7
fill 7
fills 7
fires 7
floating 7
formed 7
foul 7
friendship 7
genuine 7
ghastly 7
glad 7
glides 7
greatly 7
griefs 7
groans 7
grove 7
guiding 7
handmaids 7
harmonious 7
heads 7
helm 7
heralds 7
herself 7
holds 7
hoped 7
howling 7
hung 7
husband 7
increase 7
inglorious 7
injured 7
insult 7
involved 7
issuing 7
justly 7
knees 7
libation 7
lifts 7
limb 7
load 7
located 7
lodge 7
loves 7
massy 7
matchless 7
mature 7
minds 7
misery 7
modern 7
mutual 7
named 7
names 7
nobler 7
nobly 7
oar 7
observant 7
opening 7
over 7
panting 7
partner 7
paths 7
permission 7
plant 7
plunged 7
pours 7
prayer 7
prolong 7
protected 7
provide 7
put 7
quivering 7
rags 7
rapture 7
reading 7
reason 7
refund 7
remain 7
remove 7
respect 7
rights 7
rivals 7
ruddy 7
rugged 7
ruin 7
sanction 7
search 7
sees 7
separate 7
seven 7
sex 7
shaded 7
shafts 7
shot 7
sigh 7
sings 7
sink 7
slept 7
snares 7
songs 7
soothe 7
speedy 7
spreading 7
springing 7
stain 7
stem 7
stone 7
strike 7
support 7
surges 7
sustain 7
themselves 7
theory 7
timely 7
times 7
together 7
towering 7
trace 7
unfold 7
unguents 7
unity 7
used 7
venerable 7
vigour 7
vines 7
waits 7
warlike 7
wept 7
whelming 7
white 7
wield 7
witness 7
wood 7
woodland 7
woods 7
worst 7
writing 7
AND 6
Already 6
Bear 6
Behold 6
Bid 6
Blest 6
Cyclops 6
Dolius 6
Fair 6
Go 6
Have 6
Ithacus 6
Its 6
Much 6
Nine 6
Noman 6
OR 6
Old 6
Peisistratus 6
Pensive 6
Proud 6
Sad 6
Sage 6
Sent 6
Tears 6
Theban 6
Vain 6
YOU 6
accents 6
accepted 6
account 6
ages 6
ah 6
alike 6
almighty 6
amorous 6
annual 6
apart 6
arrows 6
artful 6
ascend 6
ashes 6
associated 6
awhile 6
bank 6
barbarous 6
beam 6
beasts 6
beholds 6
blameless 6
bled 6
borne 6
bounties 6
boy 6
breathless 6
called 6
carpets 6
casts 6
chariot 6
clime 6
collected 6
comes 6
considerable 6
consult 6
contest 6
continues 6
control 6
crowds 6
crystal 6
curling 6
dangers 6
dare 6
debate 6
decrees 6
deem 6
dewy 6
direct 6
discharge 6
discourse 6
displays 6
distributing 6
distribution 6
divinely 6
does 6
domes 6
drain 6
draw 6
draws 6
dubious 6
dumb 6
dusky 6
eBook 6
earlier 6
eastern 6
echoing 6
efforts 6
employed 6
engage 6
envied 6
erring 6
ewer 6
existence 6
faded 6
falling 6
falls 6
fat 6
favour 6
feeling 6
fellows 6
five 6
flood 6
floor 6
flows 6
foot 6
footsteps 6
forest 6
forward 6
fragments 6
freedom 6
frenzy 6
funeral 6
garden 6
goat 6
gracious 6
grant 6
greatest 6
groves 6
gushing 6
hate 6
heap 6
heavy 6
height 6
helpless 6
historical 6
honest 6
horn 6
ill 6
impartial 6
inclement 6
individual 6
injustice 6
inspired 6
invites 6
iron 6
ivory 6
language 6
lasting 6
laver 6
law 6
lifted 6
line 6
lineage 6
loaded 6
loins 6
longing 6
lose 6
maids 6
mangled 6
manifest 6
manner 6
mazy 6
meditated 6
memorial 6
mingling 6
minute 6
mirthful 6
miseries 6
monsters 6
mourn 6
mouth 6
murmuring 6
music 6
neck 6
nerves 6
nocturnal 6
oblivion 6
offering 6
often 6
orders 6
pace 6
painted 6
partners 6
passed 6
peer 6
perfect 6
perils 6
phantom 6
pierce 6
pierced 6
pilot 6
pirates 6
poetical 6
pole 6
poverty 6
precious 6
price 6
primitive 6
proceed 6
produce 6
prudence 6
punish 6
quick 6
ray 6
rays 6
real 6
refection 6
refused 6
region 6
relates 6
relentless 6
reproach 6
resolved 6
responsive 6
retired 6
rows 6
rustic 6
sandy 6
saved 6
scorn 6
sends 6
servants 6
shake 6
shared 6
shepherd 6
show 6
shows 6
signal 6
single 6
sinking 6
slain 6
smoke 6
smokes 6
something 6
spectres 6
spent 6
spies 6
spring 6
staff 6
steeds 6
stormy 6
strangers 6
strife 6
strikes 6
strove 6
subjects 6
sung 6
supplied 6
supply 6
surprise 6
swains 6
synod 6
tax 6
tend 6
tenth 6
terrific 6
terrors 6
texture 6
theme 6
theories 6
third 6
throw 6
title 6
tomb 6
torch 6
towards 6
translucent 6
treads 6
trembled 6
tumbling 6
tusky 6
unconscious 6
ungrateful 6
unperceived 6
unwilling 6
using 6
valour 6
visionary 6
vocal 6
void 6
wakeful 6
wan 6
wanders 6
wash 6
wastes 6
waved 6
wavy 6
weapon 6
whirls 6
wife 6
wilt 6
wisest 6
wishes 6
wit 6
worthless 6
Accept 5
Ajax 5
Alike 5
Apollo 5
Argive 5
Beyond 5
Celestial 5
Dear 5
Dire 5
Do 5
Due 5
Dulichium 5
Enough 5
Fame 5
Father 5
Fear 5
Give 5
God 5
Immortal 5
Laodamas 5
Loud 5
Olympian 5
Orestes 5
Pharian 5
Radiant 5
Received 5
Round 5
Secure 5
Seek 5
Sincere 5
Speak 5
Strong 5
Sweet 5
TO 5
Taphian 5
Thee 5
Thetis 5
Thrice 5
Time 5
Tiresias 5
ULYSSES 5
Up 5
Urge 5
Venus 5
Wise 5
Within 5
Wolf 5
address 5
adopted 5
advanced 5
affliction 5
aloft 5
always 5
anchors 5
anguish 5
appearing 5
applied 5
arrival 5
arrives 5
ascends 5
attempt 5
attentive 5
averse 5
beams 5
became 5
becomes 5
belong 5
below 5
benevolent 5
bent 5
bind 5
blackens 5
blast 5
blaze 5
blazed 5
bleating 5
bleeding 5
bleeds 5
bowls 5
brains 5
break 5
bride 5
briny 5
brutal 5
bulk 5
burst 5
bury 5
carry 5
charged 5
choose 5
chose 5
circled 5
cities 5
clasps 5
class 5
complete 5
conceal 5
conclude 5
confess 5
confirm 5
consummate 5
convey 5
crush 5
current 5
curse 5
dared 5
dares 5
date 5
deathless 5
declared 5
decree 5
delighted 5
denies 5
descendant 5
described 5
desires 5
detested 5
die 5
difficulty 5
din 5
directs 5
dishonest 5
distribute 5
divides 5
domain 5
door 5
draught 5
dreaded 5
drops 5
drugs 5
dwells 5
eBooks 5
else 5
embraces 5
empire 5
ends 5
entering 5
especially 5
event 5
events 5
evil 5
exempt 5
feature 5
feeds 5
festival 5
fired 5
flaming 5
flashing 5
fled 5
fleece 5
flour 5
foliage 5
folly 5
footstool 5
forced 5
forests 5
forgot 5
forsake 5
fountain 5
fourth 5
freely 5
gaze 5
gliding 5
glowing 5
gore 5
gratitude 5
guests 5
handmaid 5
hard 5
harvest 5
hateful 5
hideous 5
household 5
hungry 5
ignoble 5
imaged 5
imperious 5
implore 5
industrious 5
influence 5
inquire 5
insidious 5
inspires 5
invade 5
inward 5
kept 5
kindly 5
kinds 5
laborious 5
lamentable 5
largest 5
laughter 5
leader 5
leagued 5
libations 5
lightning 5
links 5
lions 5
loss 5
lots 5
loyal 5
luscious 5
manuscripts 5
marks 5
mass 5
meads 5
measures 5
melting 5
military 5
mirth 5
mix 5
mound 5
moving 5
mules 5
murder 5
mystic 5
narrow 5
necessity 5
needful 5
neglected 5
news 5
nothing 5
obscure 5
offerings 5
office 5
omen 5
omens 5
opposed 5
orb 5
original 5
others 5
owner 5
pain 5
painful 5
pair 5
parent 5
passing 5
perish 5
phrase 5
plenty 5
poets 5
portico 5
possess 5
posterity 5
presence 5
prompt 5
prowess 5
raft 5
ram 5
ranged 5
raptured 5
raptures 5
rarely 5
rattling 5
rears 5
record 5
reddening 5
refluent 5
relieve 5
rends 5
renews 5
repair 5
require 5
restless 5
restores 5
restrain 5
result 5
returns 5
reveals 5
revered 5
reverence 5
riots 5
room 5
sadly 5
safely 5
said 5
sat 5
scar 5
scarcely 5
scrip 5
season 5
seated 5
seats 5
securely 5
seeks 5
serene 5
serve 5
seventh 5
shakes 5
sharp 5
shelter 5
shivering 5
shower 5
silken 5
sincere 5
sinewy 5
sing 5
sister 5
slumberous 5
small 5
smiles 5
smoking 5
soil 5
solitude 5
souls 5
spare 5
splendours 5
spoil 5
stars 5
stiff 5
strand 5
strode 5
struggling 5
succour 5
suffer 5
sullen 5
summer 5
supreme 5
taint 5
talents 5
tasks 5
tasteful 5
tear 5
thighs 5
thoughtless 5
throng 5
tides 5
timorous 5
tongues 5
torn 5
towers 5
trademark 5
traitor 5
transports 5
tree 5
triumph 5
triumphant 5
troop 5
troubled 5
true 5
tyrant 5
union 5
unlike 5
unseen 5
urns 5
vainly 5
valiant 5
vapour 5
varied 5
viewless 5
vindictive 5
vintage 5
violate 5
waking 5
walks 5
wand 5
warbling 5
warriors 5
wearied 5
web 5
went 5
wert 5
wheels 5
whether 5
whirl 5
wont 5
woolly 5
wounds 5
wretches 5
zone 5
After 4
Agelaus 4
Aghast 4
Amid 4
Among 4
Amphinomus 4
Anticlea 4
Approach 4
Arete 4
Better 4
Between 4
Big 4
Blind 4
Boreas 4
Cautious 4
Cease 4
Charybdis 4
Curious 4
Cyclopean 4
Demodocus 4
Divine 4
Eternal 4
Eupithes 4
Eurynome 4
Even 4
Expert 4
Fell 4
Fresh 4
Glaucus 4
Guard 4
Heedless 4
Himself 4
Hither 4
Horrid 4
Information 4
Less 4
Light 4
Low 4
Mercury 4
Near 4
Neleus 4
Nigh 4
ODYSSEY 4
Obedient 4
Oft 4
PROJECT 4
Part 4
Patient 4
Pope 4
Prepared 4
Promiscuous 4
Propitious 4
Rage 4
Receive 4
Rise 4
Rose 4
Sacred 4
Samian 4
Secured 4
Shame 4
Sicilian 4
Sprung 4
Stand 4
Struck 4
Suffice 4
Trembling 4
True 4
Turn 4
Unseen 4
Vengeance 4
Viands 4
WITH 4
Want 4
Whatever 4
Whether 4
Wolfian 4
Would 4
Young 4
abodes 4
accent 4
accosts 4
across 4
add 4
admit 4
adorn 4
adulterous 4
advice 4
afflicted 4
aim 4
allotted 4
although 4
answer 4
anyone 4
ascending 4
aside 4
assenting 4
assert 4
assign 4
assists 4
astonished 4
attended 4
attractive 4
attributed 4
augur 4
auspicious 4
authorship 4
avert 4
awe 4
axe 4
bad 4
ball 4
become 4
beggar 4
believing 4
belongs 4
beloved 4
beverage 4
birds 4
bitter 4
blush 4
boldness 4
branch 4
breezes 4
brief 4
brimming 4
broken 4
bullock 4
burns 4
busied 4
cables 4
canst 4
carnage 4
carpet 4
caverns 4
caves 4
changed 4
changes 4
charm 4
cheering 4
clamour 4
climb 4
climes 4
cloud 4
clouded 4
collection 4
comfort 4
committed 4
communed 4
compact 4
concerning 4
condition 4
conference 4
connubial 4
constrain 4
consumed 4
contain 4
contending 4
continued 4
convulsive 4
cost 4
cottage 4
covered 4
covert 4
coy 4
crackling 4
craggy 4
craving 4
created 4
crime 4
cross 4
crowded 4
curls 4
cuts 4
dainties 4
darts 4
dastard 4
daughters 4
dawning 4
dazzling 4
deadly 4
deaf 4
deaths 4
declare 4
decline 4
declining 4
deepest 4
defended 4
deign 4
delusion 4
demon 4
departure 4
deplores 4
depth 4
detain 4
determined 4
devours 4
dictates 4
died 4
disclosed 4
discover 4
disgrace 4
dooms 4
doors 4
drawn 4
dreams 4
drop 4
dropping 4
dry 4
eagle 4
earliest 4
echoes 4
editions 4
eloquence 4
eluded 4
embers 4
embodied 4
embroidery 4
emulate 4
enchanting 4
ended 4
entrails 4
except 4
exercised 4
expanded 4
explain 4
express 4
expressed 4
expressive 4
extends 4
fact 4
favourable 4
features 4
feels 4
females 4
fence 4
fenced 4
fertile 4
fiends 4
figures 4
finding 4
finds 4
finished 4
flesh 4
float 4
floats 4
flung 4
fluttering 4
foam 4
foamy 4
fondness 4
fool 4
forehead 4
forfeit 4
forget 4
format 4
fountains 4
fowl 4
frail 4
frantic 4
freight 4
frequent 4
fruit 4
funereal 4
gale 4
garb 4
garment 4
gather 4
genius 4
ghosts 4
gilds 4
glide 4
godhead 4
granted 4
grasp 4
grasps 4
greater 4
grew 4
grieve 4
grisly 4
groan 4
grot 4
gulfy 4
hair 4
haply 4
happiness 4
harbour 4
hastes 4
haunt 4
heaving 4
herbage 4
hides 4
hold 4
homely 4
horse 4
hovering 4
humbler 4
images 4
impart 4
imperfect 4
implores 4
impotent 4
indignation 4
inhabitants 4
innocent 4
integrity 4
intellectual 4
invited 4
issue 4
itself 4
javelins 4
judge 4
juice 4
justify 4
kingly 4
lend 4
lessening 4
license 4
lived 4
lodgments 4
looks 4
loom 4
loose 4
lordly 4
luckless 4
lyrist 4
mad 4
mandate 4
manners 4
mantle 4
manuscript 4
mariners 4
marked 4
meagre 4
meeting 4
melt 4
merely 4
merit 4
miserable 4
missile 4
mist 4
mists 4
moon 4
morsels 4
mounting 4
mouths 4
national 4
natives 4
need 4
needy 4
neither 4
nod 4
northern 4
nose 4
nought 4
nursed 4
oblivious 4
obscene 4
obtain 4
offending 4
officious 4
olive 4
online 4
oracles 4
orphan 4
ourselves 4
outward 4
owe 4
owed 4
particular 4
path 4
patron 4
pause 4
peculiar 4
peerage 4
pendent 4
piercing 4
piteous 4
plains 4
plan 4
plans 4
ply 4
poised 4
pompous 4
porch 4
porkers 4
post 4
posted 4
presume 4
presumptuous 4
previously 4
probably 4
proceeds 4
proclaims 4
profound 4
promise 4
protecting 4
provided 4
providing 4
purpled 4
quest 4
ragged 4
range 4
reached 4
rear 4
recent 4
recognized 4
redress 4
reference 4
release 4
relics 4
relieved 4
removed 4
replies 4
reply 4
resides 4
resounding 4
resumed 4
retain 4
retreating 4
revel 4
review 4
richest 4
rightful 4
rills 4
road 4
roused 4
rudder 4
ruins 4
rushes 4
sailing 4
sands 4
sanguine 4
scattered 4
scheme 4
scornful 4
semblance 4
serious 4
seventeen 4
severe 4
shelfy 4
shined 4
shrieks 4
shrouds 4
slaughter 4
slight 4
slowly 4
slumbering 4
solitary 4
sort 4
sports 4
spouting 4
status 4
storied 4
strongest 4
submits 4
substance 4
succeeding 4
successive 4
suffered 4
suffice 4
sufficient 4
supposed 4
surgy 4
surly 4
surround 4
surrounding 4
suspicion 4
swarms 4
swiftest 4
swine 4
swords 4
tables 4
taken 4
talk 4
taunts 4
terrible 4
terror 4
thinking 4
throngs 4
tilting 4
toilsome 4
translation 4
transmissive 4
treasured 4
tribe 4
tuneful 4
tunic 4
unable 4
uncomfortable 4
unguarded 4
urn 4
vacant 4
vagrant 4
vapours 4
varying 4
veins 4
version 4
vests 4
vestures 4
virtues 4
visions 4
visual 4
volunteers 4
vow 4
walk 4
warmth 4
wasteful 4
watch 4
weakness 4
weapons 4
website 4
weep 4
weeps 4
whatever 4
whispering 4
whizzing 4
wholly 4
win 4
winters 4
wintry 4
won 4
wonders 4
woody 4
wordy 4
worthies 4
wreck 4
writer 4
writers 4
yielding 4
yields 4
youngest 4
zeal 4
ANY 3
Above 3
Achaian 3
Across 3
Advanced 3
Affianced 3
Alexander 3
Alive 3
Amphimedon 3
Argos 3
Arise 3
Art 3
Athenians 3
Athens 3
Athwart 3
Auxiliar 3
Awed 3
Behind 3
Beloved 3
Black 3
Born 3
Brown 3
Came 3
Ceres 3
Christian 3
Comest 3
Could 3
Dark 3
Dauntless 3
Deaf 3
Declare 3
Deem 3
Delphic 3
Diana 3
Distant 3
Domestic 3
Doubt 3
Dumb 3
Eager 3
Egypt 3
Egyptian 3
Elpenor 3
Eteoneus 3
Except 3
FOR 3
Fall 3
Few 3
Fly 3
Fond 3
Forgive 3
Free 3
Frequent 3
GUTENBERG 3
Gave 3
General 3
Graced 3
Graceful 3
Graces 3
Happier 3
Hard 3
Hast 3
Hath 3
Heaved 3
Historic 3
Icarius 3
Impatient 3
Imperial 3
Incessant 3
Indulge 3
Inured 3
Join 3
Knight 3
Know 3
LIMITED 3
Lay 3
Learn 3
Lesbian 3
Live 3
Lost 3
Mature 3
Might 3
Minos 3
Muse 3
Myself 3
Nereids 3
Night 3
Observe 3
Ocean 3
Olympus 3
Phoenician 3
Pierced 3
Placed 3
Power 3
Roused 3
Scornful 3
Seven 3
Short 3
Sidon 3
Silent 3
Sir 3
Smooth 3
Speaks 3
Spent 3
Spoke 3
Spontaneous 3
Spreads 3
Stung 3
Sure 3
Swear 3
Swell 3
THIS 3
Taught 3
Thin 3
Thither 3
Thunderer 3
Took 3
Twice 3
Ulyssean 3
Unless 3
Vulcanian 3
Youth 3
able 3
accepts 3
according 3
accursed 3
acres 3
actions 3
addressing 3
admires 3
adorns 3
affable 3
affairs 3
affect 3
afflictive 3
afterwards 3
aghast 3
agonies 3
alarms 3
allows 3
allure 3
altar 3
amazing 3
amber 3
anchor 3
applause 3
apples 3
applicable 3
arch 3
arching 3
ardour 3
armour 3
arose 3
arrangement 3
array 3
ascribed 3
asks 3
aspect 3
assigns 3
assistant 3
attempts 3
attest 3
attribute 3
audacious 3
audience 3
auxiliar 3
banish 3
bathes 3
beach 3
beast 3
beats 3
beeves 3
beginning 3
begun 3
belief 3
bellowing 3
bequeath 3
bespoke 3
binds 3
blackening 3
blandishment 3
bleak 3
blindly 3
bloomy 3
blue 3
boding 3
boldest 3
bondage 3
bought 3
bowers 3
bows 3
branches 3
breach 3
breaks 3
breezy 3
brethren 3
brighter 3
broke 3
bubbling 3
build 3
burn 3
business 3
cable 3
calculated 3
canvas 3
cape 3
capital 3
carcase 3
case 3
catch 3
caused 3
causes 3
censure 3
centre 3
cerulean 3
chair 3
chance 3
changeful 3
chanting 3
charity 3
charming 3
chase 3
child 3
chilly 3
choir 3
clad 3
clash 3
cleansing 3
clear 3
clearly 3
cleave 3
clothe 3
clusters 3
coasts 3
columns 3
coming 3
competent 3
compliance 3
complying 3
composed 3
compositions 3
comprehensive 3
confound 3
congenial 3
conquering 3
considered 3
consign 3
consistent 3
conspicuous 3
constrained 3
content 3
continue 3
contradictions 3
conveys 3
conviction 3
cords 3
corrupt 3
couldst 3
countries 3
crave 3
creating 3
crimes 3
critics 3
crooked 3
cultivated 3
curb 3
curl 3
dart 3
dash 3
dauntless 3
debt 3
decay 3
deeper 3
deeply 3
defect 3
deigns 3
deity 3
delay 3
delegate 3
deluge 3
den 3
denied 3
deplore 3
derivative 3
deserved 3
design 3
desiring 3
despair 3
despatchful 3
destiny 3
devoted 3
devour 3
dews 3
dexter 3
dictate 3
diffuse 3
dignity 3
directions 3
discovers 3
disdain 3
dispose 3
disposed 3
dispute 3
dissolved 3
distinct 3
distributed 3
doleful 3
drank 3
dream 3
drinks 3
driving 3
dungeon 3
during 3
dwell 3
earnest 3
editorial 3
effect 3
eight 3
elate 3
elder 3
elders 3
eldest 3
elude 3
embattled 3
embraced 3
emerging 3
enchantress 3
endless 3
energy 3
enlarged 3
enter 3
enthusiasm 3
entity 3
envious 3
erroneous 3
essay 3
everything 3
exalt 3
expect 3
expense 3
expired 3
explores 3
extremest 3
failed 3
fainting 3
fairly 3
fancied 3
fane 3
fatted 3
fault 3
fearful 3
feasts 3
felon 3
fervent 3
fetters 3
fiction 3
fiend 3
fifth 3
fighting 3
final 3
finny 3
fish 3
flatter 3
flower 3
flowers 3
folding 3
fondly 3
forbear 3
forceful 3
forgetfulness 3
forgotten 3
forky 3
fragment 3
fragrance 3
frauds 3
freshening 3
frowning 3
frugal 3
fruits 3
fumes 3
furnish 3
furry 3
gained 3
game 3
gaping 3
gauntlet 3
giants 3
giddy 3
gigantic 3
glance 3
glancing 3
gluttons 3
godless 3
gorgeous 3
grain 3
grand 3
grants 3
grassy 3
greedy 3
greet 3
grim 3
groaning 3
gross 3
grow 3
growing 3
grown 3
guardians 3
guided 3
guilt 3
guiltless 3
gulf 3
gulfs 3
habit 3
habitants 3
hairs 3
halsers 3
hangs 3
heal 3
hearth 3
heavens 3
henceforth 3
higher 3
hind 3
hissing 3
hither 3
hoarse 3
homeward 3
honey 3
humbled 3
hurt 3
illumined 3
illusion 3
imitate 3
immeasurable 3
immediate 3
impelling 3
impending 3
impervious 3
impulses 3
inclined 3
inclosure 3
included 3
indented 3
indulgence 3
indulging 3
infamy 3
inferior 3
information 3
injurious 3
inly 3
inspire 3
inspiring 3
instead 3
instinct 3
instrument 3
instruments 3
insulted 3
insults 3
intent 3
interdicts 3
intrusion 3
invaders 3
invades 3
inventive 3
inwrought 3
islands 3
isles 3
jars 3
jaws 3
jealous 3
judgment 3
juster 3
justice 3
ken 3
kindled 3
kindred 3
kisses 3
knowing 3
laments 3
lance 3
landed 3
laughs 3
layer 3
lays 3
leading 3
leafy 3
leather 3
legal 3
licensed 3
lieu 3
lighted 3
lights 3
limitation 3
listen 3
literature 3
liver 3
lock 3
locks 3
lodged 3
lone 3
looked 3
lowing 3
lucid 3
mace 3
magnificent 3
marbles 3
margin 3
mariner 3
maternal 3
matter 3
mayst 3
mazes 3
mead 3
meantime 3
medium 3
mendicant 3
message 3
method 3
methods 3
mildly 3
milky 3
mimic 3
minstrel 3
miracle 3
mission 3
mocks 3
modesty 3
monarchs 3
money 3
month 3
months 3
mood 3
mourns 3
nearer 3
nearest 3
nectar 3
nectareous 3
nether 3
nigh 3
nightly 3
nimble 3
nobles 3
noblest 3
noise 3
north 3
note 3
notice 3
nuptials 3
oak 3
oath 3
obtaining 3
oceans 3
odours 3
offence 3
offended 3
offensive 3
official 3
oils 3
opens 3
opinion 3
opinions 3
ordains 3
ore 3
ornaments 3
osiers 3
ours 3
paints 3
pangs 3
panoply 3
paragraphs 3
parted 3
partial 3
particularly 3
partly 3
passages 3
paying 3
payments 3
pays 3
perfection 3
perfidious 3
permitted 3
persons 3
persuaded 3
piety 3
piled 3
pinions 3
plaintive 3
play 3
pleaded 3
pleasures 3
plied 3
plunging 3
positive 3
possession 3
possessions 3
precede 3
prefer 3
prepares 3
preserve 3
prevent 3
priest 3
prime 3
probability 3
produced 3
product 3
products 3
profane 3
prolific 3
prophecies 3
prophesy 3
protect 3
provisions 3
purest 3
purity 3
purposed 3
pursue 3
pursuit 3
quarrel 3
quite 3
quiver 3
rapine 3
rare 3
rash 3
readers 3
receiving 3
recesses 3
recited 3
redoubled 3
reeking 3
refined 3
reflection 3
regardless 3
relating 3
released 3
rend 3
render 3
repass 3
repeat 3
repentant 3
replacement 3
replied 3
report 3
reprove 3
reputation 3
reserved 3
reside 3
resign 3
resort 3
resound 3
resumes 3
reveal 3
revels 3
reverse 3
reversed 3
ribs 3
riches 3
ring 3
ripe 3
ripen 3
riper 3
ritual 3
roars 3
robed 3
rooms 3
rooted 3
roseate 3
rove 3
ruffian 3
ruled 3
safer 3
saffron 3
sailed 3
salutes 3
satisfied 3
savoury 3
says 3
scaly 3
scent 3
scepticism 3
scorns 3
scourge 3
scream 3
sculpture 3
sculptured 3
seals 3
secrets 3
seeds 3
seest 3
select 3
selected 3
sell 3
servile 3
sheds 3
shelving 3
shoots 3
shout 3
shrilling 3
shroud 3
shrunk 3
sides 3
signs 3
similar 3
simple 3
sires 3
sisters 3
sit 3
sits 3
skim 3
slanderous 3
slaves 3
slay 3
sleeping 3
sleeps 3
sloping 3
smile 3
smoked 3
smoky 3
snatch 3
society 3
softer 3
solar 3
soldier 3
sorrowing 3
sparkling 3
spectre 3
speeding 3
spindle 3
spiry 3
spy 3
standard 3
steadfast 3
steal 3
steed 3
stop 3
stored 3
strain 3
street 3
strew 3
strict 3
stroke 3
strokes 3
struck 3
structure 3
style 3
sublime 3
successful 3
succinct 3
sufferings 3
sulphur 3
sum 3
summons 3
suppliants 3
suppose 3
supremely 3
survives 3
suspected 3
swells 3
swept 3
tainted 3
taints 3
taking 3
taper 3
tearful 3
teeming 3
tempestuous 3
temple 3
terribly 3
therefore 3
thinks 3
threads 3
threw 3
ties 3
top 3
torches 3
touched 3
tough 3
towery 3
tracks 3
transient 3
transported 3
treatment 3
tribute 3
tripod 3
twanging 3
twelfth 3
twisted 3
unbidden 3
unbind 3
undaunted 3
unfaithful 3
unheard 3
unjust 3
unless 3
unmeasured 3
unresisted 3
uplifted 3
upper 3
useful 3
vagrants 3
vales 3
value 3
vault 3
venturous 3
verdure 3
vernal 3
victors 3
visage 3
voyaging 3
waited 3
wake 3
waked 3
warms 3
warn 3
wars 3
wasting 3
wear 3
weeds 3
weigh 3
west 3
wheat 3
whitens 3
wholesome 3
wider 3
winter 3
wonted 3
wore 3
wounded 3
wrathful 3
yellow 3
ADVENTURES 2
AEgysthus 2
AGREE 2
Aboard 2
Absent 2
Active 2
Agamemnon 2
Age 2
Ah 2
Alcides 2
Alcmena 2
Almighty 2
Aloft 2
Am 2
Amazed 2
Antiphates 2
Arcesian 2
Ardent 2
Argus 2
Arrived 2
Arrivest 2
Arriving 2
Artful 2
Attic 2
Awful 2
BREACH 2
Bacchus 2
Base 2
Beat 2
Bentley 2
Bids 2
Bore 2
Brave 2
Breathed 2
Breathes 2
Bring 2
Broad 2
Brought 2
Call 2
Canst 2
Cast 2
Cephalenia 2
Chian 2
Chief 2
Chiefly 2
Chios 2
Ciconian 2
Cicons 2
Climb 2
Closed 2
Cnossian 2
Cold 2
Commands 2
Composed 2
Conscious 2
Consult 2
Crept 2
Cretan 2
Cries 2
Critheis 2
Crown 2
Cumae 2
Cumans 2
Cyclop 2
Cyprian 2
Cytherea 2
DAMAGES 2
DESCENT 2
DISCOVERY 2
Decree 2
Deeds 2
Delian 2
Delicious 2
Delights 2
Delusive 2
Descend 2
Destruction 2
Diffused 2
Direct 2
Dismiss 2
Divide 2
Donations 2
Dread 2
Drop 2
Dubious 2
EBOOK 2
Earth 2
Echephron 2
Elis 2
Eludes 2
Elusive 2
Embraced 2
Encircled 2
Ends 2
English 2
Enjoy 2
Enormous 2
Envy 2
Escaped 2
Euboea 2
Eurynomus 2
FULL 2
Familiar 2
Fearless 2
Fed 2
Fenced 2
Fields 2
Fit 2
Five 2
Fix 2
Flamed 2
Floating 2
Floats 2
Forbear 2
Forced 2
Frantic 2
Gay 2
Gaze 2
Gives 2
Glows 2
Gracious 2
Graze 2
Green 2
Grote 2
Half 2
Halitherses 2
Hangs 2
Heaps 2
Hermaean 2
Heroes 2
Heroic 2
Herself 2
Hesperus 2
Hid 2
Holy 2
Homeward 2
Hung 2
Hymen 2
Hymn 2
IN 2
Idomen 2
Immured 2
Impassive 2
Impending 2
Inform 2
Injurious 2
Inspire 2
Intent 2
Invade 2
Island 2
Ithacensian 2
Joy 2
Kallinus 2
Kind 2
King 2
LICENSE 2
Lampetie 2
Large 2
Latona 2
Leave 2
Leaves 2
Left 2
Leocritus 2
Lie 2
Lotus 2
Loved 2
Lured 2
Make 2
Makes 2
Mantius 2
Many 2
Meet 2
Methinks 2
Most 2
Moved 2
NO 2
NOT 2
Nausithous 2
Neritus 2
Never 2
Nymphs 2
Obscene 2
Ogygia 2
Ogygian 2
Ortygia 2
Others 2
Pale 2
Pay 2
Peace 2
Peiraeus 2
Permit 2
Pero 2
Pherae 2
Phylo 2
Pirates 2
Plant 2
Plato 2
Pluto 2
Polybus 2
Poplars 2
Portions 2
Powerless 2
Prepare 2
Produced 2
Proteus 2
Providence 2
Ranged 2
Raptured 2
Rare 2
Rather 2
Regardless 2
Relate 2
Remote 2
Replete 2
Restless 2
Restore 2
Retire 2
Revenge 2
Revere 2
Revolving 2
Rob 2
Rolls 2
Royalty 2
Rude 2
Sated 2
Saw 2
Scepticism 2
Scheria 2
Scherian 2
Securely 2
Sees 2
Select 2
Send 2
Seneca 2
Shakespere 2
Shot 2
Silence 2
Simonides 2
Siren 2
Sirens 2
Slay 2
Sleepless 2
Slow 2
Small 2
Sol 2
Steal 2
Stood 2
Stratius 2
Stretch 2
Sufficed 2
Sung 2
Suppliant 2
Supply 2
Swells 2
Swept 2
THAT 2
Takes 2
Teach 2
Tempests 2
Terms 2
Thebais 2
Thebes 2
Theoclymenus 2
Theseus 2
Thestorides 2
Thoughtless 2
Threat 2
Thunders 2
Toss 2
Transported 2
Trinacrian 2
Trojans 2
Truth 2
Tumultuous 2
Unequal 2
Unhappy 2
Unknown 2
Untaught 2
Unwelcome 2
Use 2
Vanilla 2
Versed 2
View 2
Vouchsafe 2
WARRANTIES 2
Wait 2
Waked 2
Waste 2
Whence 2
White 2
Wild 2
Won 2
Words 2
Wretch 2
abhors 2
abroad 2
absolute 2
abundance 2
abyss 2
accept 2
accompany 2
accordance 2
accost 2
acquaint 2
acquainted 2
adamant 2
adamantine 2
additional 2
additions 2
adds 2
admire 2
admired 2
admits 2
advance 2
advised 2
advises 2
affright 2
afresh 2
agonizing 2
aided 2
aiding 2
aids 2
aims 2
alarm 2
alcove 2
alders 2
alive 2
alterations 2
amaze 2
amazed 2
ambition 2
ambitious 2
amongst 2
analysis 2
analytical 2
animating 2
anomalies 2
answers 2
anvil 2
anywhere 2
apace 2
apparition 2
applauding 2
applauses 2
apply 2
appointed 2
approved 2
archer 2
ardours 2
arguments 2
arising 2
arriving 2
arrogance 2
artist 2
ashore 2
assault 2
asserts 2
assistance 2
assistants 2
assisting 2
associations 2
assumed 2
assurance 2
athletic 2
athwart 2
attached 2
attain 2
attained 2
attesting 2
attire 2
attracted 2
attuned 2
augmented 2
authenticity 2
autumn 2
autumnal 2
available 2
awaken 2
awakes 2
award 2
awed 2
awes 2
axle 2
babe 2
ballads 2
balls 2
balm 2
baneful 2
banks 2
banquets 2
barbarians 2
bards 2
barley 2
bars 2
based 2
baseness 2
bathing 2
battered 2
battlements 2
bays 2
beaker 2
beaming 2
bearded 2
beauties 2
beds 2
beguiled 2
behest 2
behests 2
belies 2
bended 2
besmear 2
bestowed 2
bestows 2
betakes 2
betrays 2
betters 2
bevy 2
bitterness 2
blame 2
blank 2
blasts 2
blazes 2
bleed 2
blesses 2
blew 2
blooms 2
blow 2
blows 2
blushes 2
blushing 2
blustering 2
boar 2
boasted 2
boaster 2
boasts 2
boisterous 2
boldly 2
bolt 2
bolted 2
book 2
books 2
bottom 2
boughs 2
bounded 2
bowery 2
braced 2
brackish 2
branchy 2
brand 2
breath 2
breed 2
breeze 2
bribe 2
brightening 2
brightest 2
bristle 2
brood 2
brooding 2
budding 2
builds 2
burden 2
bursts 2
buskins 2
buy 2
calamitous 2
calms 2
capable 2
captivate 2
captive 2
carried 2
cask 2
causeless 2
ceaseless 2
celebrated 2
centuries 2
challenged 2
chamber 2
chambers 2
champion 2
chanced 2
cheer 2
chest 2
chiefly 2
chilling 2
churl 2
cincture 2
circles 2
circumfluent 2
circumstances 2
claims 2
clang 2
cleaves 2
cleaving 2
cleft 2
climbs 2
closest 2
clothes 2
clustering 2
coals 2
coat 2
combat 2
combined 2
comely 2
comest 2
comforted 2
commit 2
commutual 2
comparatively 2
compare 2
compilation 2
compilers 2
complains 2
completes 2
complicated 2
composition 2
computer 2
conceived 2
concept 2
concludes 2
conducted 2
confederates 2
confirms 2
confusion 2
connecting 2
conquer 2
consider 2
constrains 2
consume 2
contact 2
contains 2
contemplation 2
contends 2
contentment 2
continents 2
convened 2
convenient 2
conventional 2
conversation 2
converse 2
convoy 2
copied 2
copying 2
cornel 2
corroding 2
costs 2
couches 2
countless 2
courtly 2
creation 2
creature 2
credulity 2
cried 2
crop 2
crowns 2
cruse 2
cry 2
cubit 2
cull 2
cumbrous 2
cup 2
cure 2
cypress 2
dames 2
dancing 2
darkens 2
dazzled 2
dearer 2
dearly 2
deceived 2
decide 2
declares 2
deemed 2
defective 2
defence 2
defy 2
degenerate 2
dejected 2
delicacy 2
delightful 2
deluges 2
departed 2
department 2
deprived 2
deputed 2
derive 2
derived 2
derives 2
descries 2
deserters 2
deserts 2
detained 2
detains 2
determine 2
developed 2
devoid 2
devolving 2
devote 2
devotion 2
dexterous 2
dialect 2
dialogue 2
dictated 2
difficult 2
difficulties 2
dignify 2
dim 2
disappointed 2
discharged 2
disclaimer 2
discontented 2
discord 2
discus 2
disdains 2
disease 2
dishonour 2
dismiss 2
dispatchful 2
dispersed 2
displaying 2
dissembling 2
dissolves 2
distinctly 2
distract 2
disturbed 2
disturbs 2
divert 2
dog 2
doing 2
dominion 2
doomed 2
downward 2
dried 2
drink 2
dropped 2
ductile 2
dues 2
dull 2
durst 2
duties 2
dwelt 2
eagles 2
earthly 2
eased 2
echoed 2
effort 2
effulgence 2
effused 2
elaborate 2
elegance 2
elegant 2
elegiac 2
eleven 2
eloquently 2
elusive 2
embarks 2
emendations 2
eminent 2
empress 2
emulates 2
enchanted 2
encircled 2
encircling 2
enclosure 2
ending 2
engaged 2
enjoy 2
enjoyed 2
enjoys 2
enlarge 2
enough 2
enrich 2
ensanguined 2
ensure 2
entire 2
entrance 2
epic 2
epical 2
error 2
errors 2
escape 2
escaped 2
essentially 2
eve 2
everlasting 2
evidence 2
evidences 2
evils 2
ewes 2
exalted 2
exalting 2
exalts 2
example 2
exciting 2
exclusion 2
exercise 2
exhales 2
existed 2
existing 2
expert 2
expiring 2
explains 2
expose 2
exquisite 2
extend 2
extent 2
extreme 2
exulting 2
eyeless 2
eyelids 2
fabled 2
factious 2
failing 2
faint 2
faints 2
fallacies 2
fallacious 2
falsehood 2
falsify 2
famine 2
fancy 2
fanning 2
faultless 2
favoured 2
fawning 2
feasters 2
fed 2
federal 2
feelings 2
fees 2
feigned 2
fervour 2
fetter 2
fibres 2
fictitious 2
figs 2
figure 2
files 2
filled 2
filmy 2
finely 2
fingers 2
firmly 2
firstlings 2
fishy 2
fitting 2
fixed 2
flamed 2
flattering 2
flattery 2
flavorous 2
fleets 2
florid 2
flourish 2
flourished 2
foams 2
fold 2
folds 2
followed 2
followers 2
foment 2
forbid 2
foremost 2
foretold 2
forge 2
forks 2
formerly 2
formidable 2
forming 2
forty 2
fount 2
frames 2
frequents 2
frighted 2
frown 2
fruitage 2
frustrate 2
fulfil 2
fuming 2
fusile 2
galling 2
gardens 2
gasping 2
gazed 2
geese 2
generally 2
gentler 2
gild 2
gilded 2
gird 2
girding 2
girl 2
giving 2
glades 2
glassy 2
globe 2
gloves 2
glow 2
glows 2
glutton 2
goatskin 2
gone 2
gory 2
got 2
govern 2
graces 2
grandeur 2
grapes 2
graze 2
greets 2
grin 2
grooms 2
grounds 2
grovelling 2
guards 2
guess 2
gust 2
habits 2
habitual 2
handed 2
handle 2
happiest 2
hardly 2
harm 2
harmless 2
harpies 2
hasten 2
hated 2
havoc 2
healing 2
heave 2
heaves 2
heavier 2
heed 2
heedful 2
heedless 2
heel 2
hellward 2
helmet 2
herb 2
herbs 2
herdsman 2
hereditary 2
hewn 2
hid 2
hidden 2
hinds 2
hoar 2
hoard 2
homage 2
honoured 2
hopeless 2
horses 2
hosts 2
hounds 2
hovers 2
however 2
humane 2
humbly 2
huntress 2
hurts 2
hyacinthine 2
idly 2
ignorance 2
imagination 2
impassive 2
impatience 2
impel 2
implored 2
import 2
importance 2
impotence 2
impress 2
impression 2
imprint 2
improves 2
incased 2
incensed 2
incongruity 2
inconsistent 2
increased 2
increasing 2
incumbent 2
indeed 2
indistinct 2
indulgent 2
industry 2
inflamed 2
inflicts 2
informs 2
ingenious 2
ingenuity 2
inhospitable 2
injuries 2
inmate 2
inquiring 2
inquiry 2
insatiate 2
inscription 2
insight 2
insolent 2
insulting 2
intelligent 2
intended 2
intercepts 2
interdicted 2
internal 2
interpolations 2
interrupts 2
intervals 2
interwoven 2
introduction 2
inured 2
investigations 2
invests 2
invoked 2
invoking 2
jawbone 2
jealously 2
joint 2
jutting 2
juvenile 2
keel 2
keepers 2
keeping 2
keeps 2
key 2
kills 2
kindness 2
kiss 2
knife 2
knotted 2
lag 2
lagging 2
lair 2
lake 2
lances 2
landscape 2
languish 2
larger 2
lash 2
later 2
latest 2
laugh 2
lawful 2
leaps 2
learns 2
leaving 2
legends 2
lends 2
lent 2
lest 2
lets 2
licence 2
licentious 2
lids 2
lift 2
lifting 2
lighten 2
lightens 2
lightly 2
likely 2
limited 2
linen 2
lines 2
linger 2
lingering 2
lip 2
listed 2
lo 2
loads 2
loaves 2
looking 2
loudest 2
lunar 2
lurk 2
magnificently 2
mail 2
maintain 2
maintained 2
maintaining 2
maintains 2
males 2
malice 2
manhood 2
mansions 2
mantled 2
mares 2
masters 2
mate 2
matrons 2
maw 2
meal 2
meanest 2
meed 2
meets 2
members 2
menials 2
merchant 2
metal 2
mid 2
middle 2
mien 2
mightier 2
milder 2
milk 2
mindful 2
mingle 2
ministers 2
mirror 2
mischief 2
mischiefs 2
miscreant 2
misrule 2
mistaken 2
mistrusts 2
mixed 2
model 2
momentary 2
moor 2
moral 2
mosaic 2
mossy 2
mould 2
murderer 2
muse 2
musing 2
mute 2
narration 2
narrative 2
needs 2
neglectful 2
neglects 2
neighboring 2
neighbour 2
neighbours 2
nerve 2
nervous 2
ninth 2
nods 2
noisy 2
nostrils 2
noted 2
nurse 2
obedience 2
obeisance 2
obey 2
obeys 2
oblique 2
obliquely 2
observance 2
observe 2
observed 2
obstinately 2
odorous 2
offenders 2
olives 2
ooze 2
oppressive 2
oppressor 2
oppressors 2
oracle 2
ordain 2
originally 2
ornament 2
outside 2
owns 2
page 2
pains 2
pall 2
palls 2
pant 2
partake 2
particulars 2
party 2
pastimes 2
pasture 2
pastures 2
patch 2
pathetic 2
pathless 2
patience 2
patrimonial 2
pavements 2
pavilion 2
pear 2
pen 2
perfected 2
permanent 2
personal 2
personality 2
perusing 2
phantoms 2
physical 2
piece 2
pillar 2
pine 2
pining 2
pinnace 2
pities 2
plank 2
planks 2
plausible 2
plead 2
pliant 2
plumy 2
poetic 2
pointing 2
poison 2
poisons 2
polished 2
polluted 2
pollution 2
pomegranate 2
poop 2
popular 2
portentous 2
portions 2
ports 2
position 2
possessed 2
potent 2
poured 2
pouring 2
practice 2
practised 2
prayers 2
precept 2
precepts 2
predestined 2
presage 2
prescient 2
preservation 2
prevents 2
previous 2
priests 2
primary 2
princess 2
principles 2
print 2
printed 2
prints 2
prized 2
process 2
proclaim 2
prodigies 2
profusion 2
progress 2
prominently 2
promoting 2
pronounce 2
proof 2
proper 2
property 2
proportion 2
propose 2
proposed 2
protection 2
protects 2
proved 2
purchase 2
purged 2
pursues 2
quarter 2
quench 2
questions 2
racer 2
racers 2
radiance 2
raged 2
rains 2
ranks 2
rashness 2
reassert 2
receipt 2
recently 2
reception 2
recital 2
reclaim 2
reclining 2
recompense 2
recording 2
recreant 2
references 2
refresh 2
refreshing 2
refunded 2
refunds 2
regain 2
regains 2
regent 2
registered 2
reigns 2
reins 2
rekindled 2
related 2
relation 2
relief 2
religious 2
remained 2
remaining 2
remember 2
remnant 2
remnants 2
remorseless 2
renown 2
rent 2
repay 2
repel 2
reported 2
required 2
requirements 2
requisite 2
resent 2
resentment 2
reserve 2
resounds 2
respondent 2
restraint 2
restrictions 2
resume 2
retards 2
retiring 2
retreat 2
revellers 2
revisit 2
revolved 2
rid 2
ride 2
rifted 2
rigid 2
rings 2
roam 2
roams 2
roarings 2
roast 2
rode 2
roots 2
rouse 2
rout 2
row 2
royalties 2
ruler 2
rulers 2
ruling 2
rumbling 2
rumour 2
rumours 2
rushed 2
sabre 2
sacrificing 2
saddens 2
sages 2
sailor 2
sated 2
satiate 2
satisfaction 2
scabbard 2
scandal 2
scanty 2
scarf 2
scatter 2
scattering 2
scents 2
schemes 2
scholars 2
scholastic 2
science 2
scoops 2
scorching 2
screaming 2
searching 2
secured 2
secures 2
seeking 2
seeming 2
seldom 2
sending 2
senior 2
sentiments 2
service 2
servitude 2
sets 2
settle 2
sewer 2
shadowy 2
shameful 2
shears 2
shelly 2
shelves 2
shields 2
shipwright 2
shouts 2
shoved 2
showed 2
showers 2
shown 2
shrill 2
shuns 2
shuttle 2
sickening 2
sighing 2
similitude 2
singing 2
sitting 2
sixteen 2
sixth 2
skilful 2
skin 2
skins 2
sluices 2
smaller 2
smallest 2
smiled 2
smouldering 2
sober 2
sobs 2
sold 2
soldiers 2
solicit 2
solicitation 2
sooner 2
sordid 2
sourly 2
southern 2
spake 2
speaking 2
spears 2
species 2
specified 2
speeds 2
spin 2
spite 2
sponge 2
spontaneous 2
sportive 2
spots 2
spouts 2
sprinkled 2
stains 2
stake 2
star 2
start 2
started 2
starting 2
stateliest 2
statement 2
statements 2
stays 2
steady 2
steals 2
steel 2
steely 2
steep 2
steers 2
stings 2
stock 2
stole 2
stones 2
stony 2
streaks 2
streets 2
strengthen 2
strongly 2
structures 2
struggle 2
strung 2
stuck 2
stung 2
subdues 2
submissive 2
submit 2
substantial 2
substantially 2
succeed 2
succeeded 2
succeeds 2
success 2
sues 2
suffers 2
sufficed 2
suffrage 2
suitable 2
summit 2
sumptuous 2
sunny 2
suns 2
supported 2
surface 2
surging 2
surpassed 2
surrounded 2
surrounds 2
surveys 2
suspended 2
swallow 2
swam 2
swarthy 2
sways 2
swear 2
sweeps 2
sweepy 2
sweetest 2
swiftness 2
swims 2
swoln 2
symmetry 2
sympathy 2
talent 2
tame 2
tardy 2
teach 2
tells 2
temper 2
temples 2
tenderness 2
tends 2
tenor 2
tented 2
testimony 2
text 2
thickening 2
thicket 2
thickets 2
thing 2
thirsty 2
thither 2
thorny 2
thread 2
threat 2
threatening 2
threats 2
throat 2
thronging 2
thunderous 2
thwart 2
tie 2
tied 2
token 2
toss 2
tossing 2
total 2
touching 2
toward 2
traced 2
traces 2
track 2
tract 2
tracts 2
trade 2
tradition 2
traditional 2
tragedies 2
trains 2
traitors 2
traitress 2
transcends 2
traveller 2
treacherous 2
treason 2
tremble 2
trembles 2
trench 2
trickling 2
trident 2
tried 2
tries 2
trim 2
triple 2
triumphs 2
troops 2
trouble 2
troublesome 2
truncheon 2
tufted 2
tumbled 2
tune 2
twain 2
twining 2
twirl 2
twist 2
tyrants 2
unapparent 2
unavailing 2
unbounded 2
uncertain 2
uncertainty 2
unerring 2
unfolds 2
unfortunate 2
unfrequented 2
unfriendly 2
unfurl 2
unite 2
universal 2
unjustly 2
unknowing 2
unlicensed 2
unnerved 2
unpractised 2
unregarded 2
unrelenting 2
unrevenged 2
unrighteous 2
unruly 2
untasted 2
until 2
unusual 2
unveils 2
unwary 2
unwieldy 2
unwise 2
uproar 2
usage 2
user 2
usher 2
usurp 2
usurping 2
vale 2
valley 2
vanished 2
variety 2
vases 2
vaunts 2
veils 2
vents 2
venture 2
verbal 2
versed 2
verses 2
vesture 2
vice 2
vicissitudes 2
victorious 2
vigorous 2
villain 2
vindicate 2
visitant 2
voices 2
voluntary 2
vouchsafe 2
vouchsafed 2
voyaged 2
voyager 2
vultures 2
wafted 2
waist 2
wanderers 2
wanderest 2
warbled 2
warning 2
warring 2
wary 2
wax 2
weds 2
wet 2
wheel 2
whelm 2
whispers 2
whistling 2
widest 2
wiles 2
wills 2
wishing 2
withers 2
withheld 2
wives 2
womankind 2
women 2
woof 2
wool 2
working 2
worlds 2
worse 2
wouldst 2
wove 2
wrapped 2
wraps 2
wrinkled 2
wrinkles 2
write 2
writhen 2
wrote 2
yards 2
yawning 2
yearling 2
yoke 2
yore 2
younger 2
yourself 2
AEgyptius 1
AEneid 1
AEolia 1
AEolian 1
AGREEMENT 1
ALOIS 1
ANYTHING 1
ARRIVAL 1
Abides 1
About 1
Absolves 1
Access 1
According 1
Accursed 1
Achaians 1
Achieved 1
Achilleid 1
Achilleis 1
Actoris 1
Add 1
Additional 1
Adds 1
Adjusting 1
Admired 1
Admitted 1
Adown 1
Adraste 1
Advance 1
Aeaetes 1
Aeolus 1
Aeson 1
Aetolian 1
Affection 1
Afflict 1
Afflicts 1
Afresh 1
Aims 1
Air 1
Alarm 1
Alcandra 1
Alexandrine 1
Allured 1
Aloof 1
Alternate 1
Although 1
Alybas 1
Amassing 1
Amazing 1
Ambasineus 1
Ambrosial 1
Amnisus 1
Amphialus 1
Amphiaraus 1
Amphiktyonic 1
Amphitrite 1
Ample 1
Amuse 1
Amythaon 1
Anchialus 1
Ancient 1
Anon 1
Antiphus 1
Anxious 1
Any 1
Apaturian 1
Appears 1
Appease 1
Appointed 1
Approaching 1
Arabian 1
Arcesius 1
Archilochus 1
Aretus 1
Argives 1
Argo 1
Ariadne 1
Arising 1
Aristoteles 1
Arktinus 1
Armour 1
Arnaeus 1
Arrive 1
Arrives 1
Artist 1
Ascend 1
Ascends 1
Asiatic 1
Askance 1
Aslope 1
Asphalion 1
Assemble 1
Assent 1
Assents 1
Assist 1
Assistant 1
Assyrian 1
Asteris 1
Astley 1
Atlantic 1
Attendant 1
Attended 1
Attending 1
Attends 1
Attest 1
Attesting 1
Attests 1
Auster 1
Autolycus 1
Autonoe 1
Averse 1
Awake 1
BE 1
BEFORE 1
BENDING 1
BUT 1
Bait 1
Ballads 1
Basks 1
Battista 1
Battle 1
Beam 1
Beauty 1
Bebold 1
Because 1
Beds 1
Beeves 1
Befits 1
Befriended 1
Began 1
Bereaved 1
Beside 1
Besides 1
Binding 1
Bitter 1
Blank 1
Blaspheme 1
Blasted 1
Blazed 1
Blazing 1
Bleeds 1
Blows 1
Blue 1
Boar 1
Boethius 1
Boethoedes 1
Bold 1
Boreal 1
Both 1
Boundless 1
Bow 1
Breaks 1
Bred 1
Brightening 1
Broachers 1
Brodie 1
Brooks 1
Brothers 1
Brutian 1
Burst 1
CALYPSO 1
CONFERENCE 1
CONTRACT 1
CONVERSATION 1
COUNCIL 1
COURT 1
Capacious 1
Care 1
Careful 1
Careless 1
Cassandra 1
Castor 1
Caucons 1
Cedar 1
Centaur 1
Cephalenian 1
Cephalens 1
Cetaean 1
Chafe 1
Chalcis 1
Changed 1
Chantrey 1
Character 1
Charge 1
Charged 1
Check 1
Cheer 1
Cheerly 1
Cheers 1
Chiefs 1
Chloris 1
Choose 1
Chromius 1
Cimmeria 1
Circaean 1
Clad 1
Clasps 1
Clear 1
Cleobulus 1
Climbs 1
Clouds 1
Clung 1
Clymene 1
Clytius 1
Clytonius 1
Colonel 1
Colophonians 1
Come 1
Commences 1
Complete 1
Compliance 1
Complied 1
Conceal 1
Concealed 1
Conduct 1
Conducted 1
Confederate 1
Confer 1
Confines 1
Confounded 1
Confused 1
Consistency 1
Constant 1
Consulting 1
Consummate 1
Contact 1
Contemning 1
Contending 1
Contents 1
Contract 1
Contributions 1
Convene 1
Conversation 1
Conveys 1
Convoke 1
Copyright 1
Coracian 1
Crataeis 1
Creating 1
Crunus 1
Crush 1
Ctesippus 1
Ctesius 1
Curbs 1
Cyclopaean 1
Cydonian 1
Cyllenius 1
Cynthia 1
Cypress 1
Cyprus 1
Cythera 1
DEATH 1
DEPARTURE 1
DISCLAIMER 1
DISTRIBUTE 1
DISTRIBUTOR 1
DONATIONS 1
Damastorides 1
Damps 1
Dance 1
Dardan 1
Darts 1
Daughters 1
David 1
Day 1
Deathless 1
Declines 1
Defame 1
Defect 1
Deiphobus 1
Delightful 1
Delineate 1
Delivering 1
Deludes 1
Demand 1
Demands 1
Demons 1
Demoptolemus 1
Deny 1
Depending 1
Deplored 1
Depress 1
Deprived 1
Derisive 1
Descended 1
Descends 1
Despatch 1
Despite 1
Destroy 1
Destroys 1
Detains 1
Determines 1
Deucalion 1
Devious 1
Devour 1
Dian 1
Dictate 1
Dim 1
Diocles 1
Disbark 1
Discharging 1
Disconsolate 1
Disfigure 1
Dishonest 1
Dispeopling 1
Dispersed 1
Disposed 1
Distinct 1
Distinguished 1
Distracting 1
Distributed 1
Diverse 1
Divided 1
Divining 1
Dodonean 1
Does 1
Dooms 1
Doubtful 1
Draw 1
Dreaded 1
Dreadful 1
Dreading 1
Drench 1
Drink 1
Drive 1
Driven 1
Drives 1
Drowsy 1
Dryads 1
Dulichians 1
Dust 1
Dwells 1
Dymas 1
EIN 1
END 1
EVEN 1
EXCEPT 1
EXPRESS 1
Early 1
Echeneus 1
Echetus 1
Edged 1
Eight 1
Eiresione 1
Elanced 1
Elatus 1
Elect 1
Else 1
Elysium 1
Email 1
Embracing 1
Emerging 1
Enchased 1
Encouraged 1
End 1
Ended 1
Engage 1
Enjoyment 1
Ennius 1
Epaean 1
Eperitus 1
Ephimedia 1
Ephyre 1
Eretmeus 1
Eriphyle 1
Erratic 1
Erymanth 1
Eschetus 1
Espoused 1
Estrange 1
Eumelus 1
Euryades 1
Eurydice 1
Eurymedes 1
Eurymedusa 1
Eurypylus 1
Everything 1
Exact 1
Exalt 1
Example 1
Excess 1
Exiled 1
Exiles 1
Expect 1
Experienced 1
Exploring 1
Extended 1
Exterior 1
Exults 1
FIGHT 1
FITNESS 1
FROM 1
Fain 1
Falls 1
False 1
Famed 1
Famine 1
Fat 1
Fatal 1
Fated 1
Feed 1
Felt 1
Figured 1
Fill 1
Find 1
Fine 1
Fired 1
Flaccus 1
Flame 1
Flat 1
Fledged 1
Flew 1
Florian 1
Flow 1
Food 1
Foodless 1
Fool 1
Forbid 1
Force 1
Foreseeing 1
Forget 1
Forgetful 1
Forgot 1
Forsake 1
Forsakes 1
Forsaking 1
Forsook 1
Fortune 1
Forward 1
Fought 1
Founders 1
Fragments 1
Frail 1
France 1
Fraught 1
Freighted 1
French 1
Frogs 1
Fronts 1
Froze 1
Fruitful 1
Fulfil 1
Furies 1
Furious 1
Fury 1
GIVE 1
Gazed 1
Gentle 1
Gerestus 1
German 1
Ghastly 1
Ghost 1
Gild 1
Gird 1
Glad 1
Glide 1
Glides 1
Gloomy 1
Glorious 1
Glowing 1
Goddess 1
Gods 1
Good 1
Gortyna 1
Grammarians 1
Grammaticus 1
Grant 1
Grateful 1
Grave 1
Grecians 1
Grief 1
Grieved 1
Grim 1
Guide 1
Guides 1
HAVE 1
HOMER 1
Hapless 1
Hardouin 1
Harpies 1
Hart 1
Headlong 1
Heap 1
Heard 1
Hebe 1
Heir 1
Hellespont 1
Helpless 1
Henceforth 1
Hercules 1
Herod 1
Herodotus 1
Hesper 1
Hide 1
Hideous 1
Hides 1
Hippodame 1
Hippotades 1
Hiss 1
Historical 1
History 1
Hoist 1
Holds 1
Homeros 1
Hope 1
Host 1
Hours 1
Howls 1
Human 1
Humanely 1
Humble 1
Hundreds 1
Hunger 1
Hurl 1
Hylacides 1
Hymenaean 1
Hyperesian 1
Hyperia 1
Hyperian 1
IF 1
INCIDENTAL 1
INCLUDING 1
INDEMNITY 1
INTERVIEW 1
INTO 1
Iasion 1
Icarian 1
Icmalius 1
Ideas 1
Idomeneus 1
Ignoble 1
Illustrious 1
Ilus 1
Immense 1
Immoderate 1
Imperious 1
Impervious 1
Impious 1
Imploring 1
Imported 1
Imposed 1
Imprints 1
Incensed 1
Incentive 1
Incredible 1
Incumbent 1
Indecent 1
Indecently 1
Indignant 1
Indissolubly 1
Indulgent 1
Industrious 1
Inflict 1
Inhabitant 1
Inhaling 1
Inhume 1
Inimitably 1
Inquire 1
Inquiring 1
Insatiate 1
Insolvable 1
Inspect 1
Inspires 1
Instinct 1
Insulting 1
Intemperate 1
Internal 1
International 1
Into 1
Invite 1
Iolcos 1
Ionian 1
Iphitus 1
Iphthima 1
Irresolute 1
Irreverent 1
Isle 1
Ismarian 1
Ismarus 1
Ithacensians 1
Ithacian 1
Itylus 1
Jaggy 1
Jardan 1
Jim 1
Jocasta 1
Joyful 1
Joys 1
Judge 1
July 1
Juno 1
Jupiter 1
Justice 1
Justly 1
Justus 1
Kills 1
Kings 1
Kissing 1
Knew 1
Knowledge 1
Known 1
LIABLE 1
LOTOPHAGI 1
Laerceus 1
Laestrigonian 1
Lake 1
Landor 1
Laodam 1
Lash 1
Late 1
Launch 1
Lawless 1
Laws 1
Lead 1
Led 1
Leda 1
Leiodes 1
Lemnian 1
Lends 1
Lenient 1
Leucothea 1
Libya 1
Liddell 1
Lies 1
Life 1
Lifts 1
Lives 1
Lo 1
Load 1
Loosed 1
Lord 1
Lote 1
Lowly 1
Lurks 1
Luxuriant 1
Luxurious 1
Lybian 1
MERCHANTABILITY 1
Made 1
Maecenas 1
Magnificent 1
Main 1
Majestic 1
Majestically 1
Malen 1
Man 1
Marathon 1
Mark 1
Maron 1
Master 1
Match 1
Matter 1
Meanly 1
Measured 1
Megapenthe 1
Megapenthes 1
Melampus 1
Melantho 1
Meles 1
Memnon 1
Mentes 1
Mera 1
Mere 1
Mesaulius 1
Met 1
Michael 1
Mild 1
Milk 1
Mindful 1
Ministrant 1
Mirror 1
Miseries 1
Misery 1
Misjudging 1
Mislead 1
Misname 1
Misrule 1
Mission 1
Mississippi 1
Mistaking 1
Moly 1
Moon 1
Morn 1
Morsel 1
Mould 1
Moulders 1
Mount 1
Mountains 1
Move 1
Mulius 1
Mycaena 1
Mycenae 1
Mycene 1
Myrmidons 1
NOTICE 1
Name 1
Nations 1
Nature 1
Naubolides 1
Naught 1
Nay 1
Nearly 1
Necessity 1
Neign 1
Neon 1
Nericus 1
Nestorean 1
Nile 1
Nimbly 1
Nocturnal 1
North 1
Northern 1
Nothing 1
Numbering 1
Nurse 1
Nursed 1
OTHER 1
Obdurate 1
Obey 1
Object 1
Objects 1
Obliquely 1
Oblivion 1
Observed 1
Obtruding 1
Ocyalus 1
Odour 1
Offend 1
Oicleus 1
Oilean 1
Omnipotence 1
Ordains 1
Oriental 1
Orion 1
Ossa 1
Other 1
Otus 1
Ourself 1
Outcast 1
Outcasts 1
Outfly 1
Outlives 1
PARAGRAPH 1
PG 1
PLEASE 1
POSSIBILITY 1
PROVIDED 1
PUNITIVE 1
Pacific 1
Paeon 1
Pains 1
Pants 1
Paphos 1
Parnassus 1
Partake 1
Partaking 1
Partook 1
Pass 1
Past 1
Patroclus 1
Patron 1
Payne 1
Peasants 1
Peer 1
Peers 1
Peisistratic 1
Peisistratid 1
Pelasgi 1
Pelias 1
Pelides 1
Pelion 1
Peloponnesian 1
Periclimenus 1
Perimedes 1
Perish 1
Perpetual 1
Perseus 1
Persuasive 1
Phaedra 1
Phaethusa 1
Phedon 1
Pheres 1
Philoctetes 1
Philomelides 1
Philomelidies 1
Phocae 1
Phocaea 1
Phocas 1
Phoebe 1
Phylacian 1
Pigrees 1
Pilots 1
Pined 1
Pious 1
Piraeus 1
Pirous 1
Pisander 1
Please 1
Ploughs 1
Plunge 1
Ply 1
Poetry 1
Points 1
Poised 1
Poising 1
Polites 1
Pollux 1
Polypheme 1
Polyphemus 1
Ponderous 1
Pontonous 1
Pontonus 1
Portend 1
Potent 1
Pour 1
Poured 1
Pours 1
Poutonous 1
Powerful 1
Practised 1
Praised 1
Pramnian 1
Precedes 1
Precipitant 1
Prefers 1
Presaging 1
Prescient 1
Prescribe 1
Prevent 1
Priam 1
Prime 1
Probability 1
Proceed 1
Proceeds 1
Proclaims 1
Procris 1
Professor 1
Prolegomena 1
Proofers 1
Propose 1
Proserpine 1
Prosperous 1
Protector 1
Prove 1
Provoke 1
Prymneus 1
Psyrian 1
Pursue 1
Pylians 1
Pythian 1
Quick 1
READ 1
REFUND 1
REMEDIES 1
REPLACEMENT 1
RETURN 1
RIGHT 1
Rains 1
Raised 1
Range 1
Rear 1
Rebate 1
Recite 1
Recorded 1
Recumbent 1
Red 1
Redistributing 1
Redistribution 1
Reduced 1
Refer 1
Reflecting 1
Refreshing 1
Refulgent 1
Regard 1
Regarded 1
Regardful 1
Reign 1
Reithrian 1
Rejoicing 1
Rejoinder 1
Relates 1
Release 1
Released 1
Relentless 1
Relieved 1
Remember 1
Rememberance 1
Removes 1
Repair 1
Repeat 1
Replacement 1
Repose 1
Requested 1
Resembling 1
Reserve 1
Reserved 1
Resolved 1
Resort 1
Respect 1
Respectful 1
Resplendent 1
Restored 1
Resumed 1
Resuming 1
Retort 1
Return 1
Returning 1
Returns 1
Revenue 1
Revered 1
Review 1
Reviving 1
Revolved 1
Reward 1
Rhadamanth 1
Rhadamanthus 1
Rhexenor 1
Richer 1
Riches 1
Ride 1
Roam 1
Roar 1
Robe 1
Rolling 1
Rouse 1
Ruler 1
Rules 1
Rush 1
Rushing 1
SEND 1
START 1
STRICT 1
SUCH 1
Sadly 1
Salmoneus 1
Salt 1
Salute 1
Same 1
Samos 1
Sandy 1
Santa 1
Sate 1
Satiate 1
Save 1
Saved 1
Saxo 1
Scared 1
Scatters 1
Scenes 1
Schemes 1
Scherians 1
School 1
Scorn 1
Scott 1
Scourge 1
Scream 1
Scyros 1
Seals 1
Search 1
Secret 1
Sections 1
Secures 1
Sedate 1
Seem 1
Seems 1
Seen 1
Seest 1
Seized 1
Selected 1
Sends 1
Sensible 1
Separate 1
Sepulchral 1
Severely 1
Shady 1
Shake 1
Shalt 1
Shameless 1
Shape 1
Sharp 1
Sheathe 1
Shed 1
Sheds 1
Shine 1
Shone 1
Shoots 1
Shuns 1
Shut 1
Sicania 1
Sigh 1
Sighs 1
Signs 1
Silver 1
Simenides 1
Sing 1
Singed 1
Sinister 1
Sintians 1
Sisyphian 1
Slain 1
Slave 1
Slaves 1
Sleek 1
Slew 1
Smiles 1
Smit 1
Smyrna 1
Snatch 1
Socrates 1
Sold 1
Solon 1
Somnus 1
Son 1
Sonorous 1
Sooner 1
Soothed 1
Sour 1
Spares 1
Special 1
Spread 1
Spring 1
Springs 1
Sprinkled 1
Stage 1
Staggering 1
Start 1
Steals 1
Steer 1
Sternly 1
Stiff 1
Stole 1
Stoop 1
Stoops 1
Stores 1
Storms 1
Strain 1
Strains 1
Strange 1
Strangers 1
Strauss 1
Streams 1
Strip 1
Strive 1
Stubborn 1
Stun 1
Sublime 1
Submissive 1
Succeed 1
Successful 1
Successless 1
Suffices 1
Sufficient 1
Sulphurous 1
Sun 1
Superior 1
Supplied 1
Support 1
Supports 1
Supreme 1
Supremely 1
Surround 1
Surveys 1
Suspecting 1
Suspend 1
Sustain 1
Sweep 1
Swung 1
Syria 1
TELEMACHUS 1
THEODORE 1
THOSE 1
TRADEMARK 1
Take 1
Tall 1
Tancred 1
Tantalus 1
Taphians 1
Tartarian 1
Tear 1
Telemus 1
Tell 1
Temese 1
Tempers 1
Ten 1
Tenedos 1
Themis 1
Theseid 1
Thesprot 1
Thesprotian 1
Thessaly 1
Thine 1
Think 1
Thoas 1
Thongs 1
Thousa 1
Thrace 1
Thrasymed 1
Threatening 1
Throned 1
Thucydides 1
Thyestes 1
Thyself 1
Tibullus 1
Tired 1
Tis 1
Tityus 1
Together 1
Tosses 1
Touch 1
Toward 1
Traditions 1
Translated 1
Transpierced 1
Tread 1
Trees 1
Tremendous 1
Trench 1
Trust 1
Try 1
Tune 1
Turns 1
Tydides 1
Tyro 1
Tyrrhenia 1
UNDER 1
USE 1
UT 1
Unable 1
Unblamed 1
Unblest 1
Uncertain 1
Unconscious 1
Under 1
Unerring 1
Unfold 1
Unfriended 1
Ungenerous 1
Unguents 1
Unguided 1
Unhurt 1
Unity 1
Unjust 1
Unkind 1
Unkindly 1
Unknowing 1
Unlike 1
Unload 1
Unmanly 1
Unmindful 1
Unmoor 1
Unmoved 1
Unpiteous 1
Unsavoury 1
Unseemly 1
Unwilling 1
Upbore 1
Upbraids 1
Updated 1
Upon 1
Uprising 1
Uproots 1
Uprose 1
Upspringing 1
Us 1
Vagrants 1
Valerius 1
Various 1
Vast 1
Veils 1
Venetian 1
Venial 1
Victors 1
Views 1
Vision 1
Visits 1
Volunteers 1
Vouchsafed 1
Vultures 1
WARRANTY 1
WILL 1
WORK 1
Wakeful 1
Walter 1
Wandering 1
War 1
Warbling 1
Warm 1
Wash 1
Wast 1
Wastes 1
Watch 1
Waved 1
Wavering 1
Weary 1
Weeping 1
Weeps 1
Weigh 1
Welcome 1
Welcomed 1
Westmacott 1
Whereupon 1
Whit 1
Whoever 1
Widger 1
Willing 1
Wisdom 1
Wish 1
Wither 1
Withering 1
Withers 1
Witness 1
Woes 1
Wonder 1
Woods 1
Worn 1
Worthy 1
Wounded 1
Wrong 1
Wrought 1
Xenophon 1
Years 1
Yield 1
Yon 1
Zaccynthus 1
Zacinth 1
Zephyr 1
Zephyrus 1
Zethus 1
abandonment 1
abate 1
abide 1
abjured 1
ablution 1
abode 1
absorbs 1
abstersive 1
abstracts 1
absurd 1
abundant 1
abuse 1
accepting 1
accesses 1
accessible 1
acclaiming 1
accompaniments 1
accord 1
accordingly 1
accords 1
accurate 1
accustomed 1
achieve 1
aching 1
acknowledge 1
acknowledged 1
acknowledges 1
acquaintance 1
acquaints 1
acquire 1
acquired 1
acquits 1
action 1
actively 1
actual 1
acumen 1
acute 1
acuteness 1
adapts 1
adding 1
addition 1
addressed 1
addresses 1
adjoining 1
adjourn 1
admiring 1
admittance 1
admitting 1
adopt 1
adored 1
adores 1
adoring 1
adorned 1
adulterers 1
advantage 1
adventure 1
adventurous 1
advices 1
advise 1
advocates 1
aegis 1
aera 1
aesthetic 1
afar 1
affection 1
affianced 1
affirms 1
affix 1
affluence 1
affluent 1
affrights 1
agent 1
agents 1
aggravate 1
aggregate 1
aggressor 1
agreed 1
aimed 1
aiming 1
allegorize 1
alliance 1
allowed 1
allowing 1
allusive 1
ally 1
alms 1
aloof 1
altogether 1
amalgamation 1
amazement 1
ambient 1
ambiguous 1
ambrosia 1
amity 1
amour 1
ampler 1
analyzing 1
anatomist 1
ancestor 1
ancestry 1
angel 1
angles 1
animals 1
animate 1
animated 1
animates 1
announced 1
announcement 1
answered 1
antidote 1
antique 1
antiquity 1
anxiety 1
anything 1
apartments 1
apocryphal 1
apparent 1
appealing 1
appeals 1
appeared 1
appeased 1
appetites 1
apple 1
applying 1
appreciate 1
apprised 1
approbation 1
appropriation 1
approve 1
approves 1
arable 1
arbiters 1
arbitrary 1
archaic 1
archers 1
arches 1
archetypus 1
architectonic 1
architrave 1
arduous 1
area 1
areas 1
argued 1
arguing 1
argument 1
aright 1
armed 1
armies 1
arming 1
armourers 1
army 1
aromatic 1
arrangers 1
arrear 1
arrests 1
arrive 1
artifice 1
artifices 1
artificial 1
ascendency 1
ascent 1
ascertained 1
ascribe 1
ashamed 1
askance 1
aspired 1
asquint 1
assassin 1
assemblage 1
assemblies 1
assent 1
assiduous 1
assigned 1
assist 1
associate 1
assuage 1
assumes 1
assure 1
assures 1
assuring 1
astonishing 1
atoms 1
atone 1
atoned 1
attaches 1
attaining 1
attainments 1
attendance 1
attires 1
attract 1
attributes 1
attunes 1
auburn 1
audible 1
augment 1
augments 1
auguries 1
august 1
austere 1
authorities 1
authority 1
authorizes 1
authors 1
autumns 1
avail 1
avails 1
avenger 1
averting 1
avow 1
avowed 1
await 1
awaits 1
awaked 1
awakens 1
aware 1
awfully 1
awkward 1
babbling 1
badge 1
baffled 1
bags 1
balance 1
baldness 1
bandage 1
banded 1
bane 1
banqueted 1
bar 1
barbaric 1
barbed 1
bare 1
bared 1
barked 1
barking 1
barks 1
barrier 1
basely 1
basest 1
bask 1
basket 1
bason 1
basons 1
bat 1
bathed 1
battening 1
battles 1
beard 1
bearing 1
beautiful 1
beautifully 1
becalm 1
becalms 1
beck 1
bedew 1
bees 1
befell 1
befit 1
befits 1
befriend 1
beg 1
begging 1
begone 1
begot 1
beguiles 1
behaviour 1
beholders 1
beings 1
bellows 1
belt 1
beneficent 1
benevolence 1
bereaved 1
bereft 1
besides 1
besiege 1
besieged 1
bestial 1
bestrew 1
bestrown 1
bidding 1
biographies 1
births 1
bit 1
blacken 1
blackest 1
blade 1
blamed 1
blandishments 1
blasphemies 1
blazon 1
bleat 1
blemish 1
blend 1
blending 1
blessed 1
blindness 1
blithe 1
bloated 1
block 1
bloodless 1
bluster 1
boards 1
boasters 1
bodies 1
bodings 1
boil 1
bolder 1
bonds 1
bone 1
bones 1
booming 1
boots 1
borders 1
boreal 1
borrowed 1
bosoms 1
bowels 1
bowing 1
bowyer 1
boys 1
brace 1
bracelet 1
bran 1
branching 1
brandish 1
bravely 1
braver 1
bravest 1
brawny 1
breaking 1
breeds 1
bribed 1
bribes 1
bridegroom 1
brindled 1
brisker 1
bristled 1
bristles 1
broadest 1
broil 1
broils 1
brothers 1
brown 1
browsing 1
brush 1
bubble 1
bucklers 1
buds 1
buildings 1
built 1
bulky 1
bull 1
bulls 1
bulwarks 1
buried 1
burlesque 1
burnt 1
bursting 1
cadence 1
cake 1
cakes 1
calamity 1
calculate 1
calling 1
callow 1
calmed 1
calmer 1
calmness 1
calmy 1
camps 1
cankers 1
canopies 1
canopy 1
cap 1
capabilities 1
captain 1
captious 1
captives 1
card 1
career 1
carefully 1
carelessness 1
caresses 1
cars 1
carved 1
carves 1
carving 1
cases 1
casket 1
casks 1
caster 1
casting 1
cauls 1
cautions 1
celebrate 1
celebrating 1
celebrity 1
celestials 1
cemented 1
cenotaph 1
censorious 1
cento 1
ceremonies 1
certainly 1
cessation 1
chafes 1
chairs 1
chalky 1
challenge 1
champaign 1
channel 1
chant 1
chanter 1
characters 1
chargers 1
charitable 1
charities 1
charmed 1
charmers 1
chased 1
chastise 1
chastised 1
chastisement 1
chastity 1
cheapen 1
cheaply 1
checking 1
checks 1
cheese 1
cheeses 1
cherished 1
cherishes 1
chess 1
chests 1
chide 1
chieftain 1
childhood 1
childish 1
chill 1
chin 1
chines 1
choosing 1
chorded 1
chronicle 1
churns 1
circlet 1
circlets 1
circumfluous 1
circumfusile 1
circumscribed 1
circumstance 1
cisterns 1
civil 1
clashing 1
classical 1
claws 1
cleanse 1
cleansed 1
clefts 1
clever 1
cleverness 1
cliff 1
climates 1
climbed 1
clinchers 1
clinching 1
cling 1
clinging 1
closely 1
closing 1
clothed 1
clotted 1
cloudless 1
cloudy 1
club 1
clung 1
cluster 1
coarse 1
coasting 1
cock 1
codes 1
coercive 1
coffer 1
coffers 1
coined 1
collect 1
colony 1
colour 1
colours 1
combats 1
combine 1
comfortless 1
comforts 1
comings 1
commander 1
commanding 1
commence 1
commenced 1
commencement 1
commerce 1
commercial 1
commission 1
commix 1
commodious 1
commonly 1
communicated 1
comparative 1
compared 1
compass 1
compassion 1
compelling 1
compels 1
compiled 1
compiling 1
complaint 1
compliment 1
composedly 1
composure 1
compress 1
comprised 1
computers 1
concealing 1
concealment 1
conceals 1
conception 1
concerted 1
concluded 1
conclusions 1
conclusive 1
concur 1
concurring 1
concussion 1
condensed 1
condescend 1
conducive 1
conferring 1
confers 1
confide 1
confidence 1
confident 1
confirmation 1
confirmed 1
conflict 1
conflicting 1
confounding 1
confounds 1
confusedly 1
conjecturing 1
conjunction 1
conjure 1
connect 1
connected 1
connection 1
conquerors 1
consciousness 1
consecrate 1
consenting 1
consents 1
considerate 1
considering 1
considers 1
consigned 1
consistency 1
consolations 1
conspire 1
conspires 1
constituent 1
constraint 1
construction 1
consulted 1
consulting 1
contained 1
containing 1
contemn 1
contemplate 1
contemplating 1
contemptuous 1
contented 1
contentious 1
contents 1
continent 1
continual 1
continually 1
continuation 1
contracted 1
contradictory 1
contrary 1
contrasts 1
contributed 1
contributions 1
controvert 1
conversations 1
converses 1
conversing 1
convert 1
conveyance 1
convinced 1
cope 1
cord 1
cordage 1
cormarants 1
cormorants 1
cornice 1
corporation 1
correct 1
correspondent 1
corruptions 1
corse 1
counselled 1
count 1
counterfeit 1
courier 1
courser 1
courted 1
courteous 1
courtiers 1
cover 1
covering 1
coverings 1
cowering 1
craft 1
crafty 1
cram 1
crashing 1
craves 1
crawl 1
create 1
creations 1
credit 1
credits 1
creeps 1
crescents 1
crib 1
cribs 1
crimson 1
critic 1
critical 1
crops 1
crossing 1
crowned 1
crows 1
cubits 1
culminating 1
cultivate 1
cultivation 1
cumber 1
cups 1
curiosities 1
curiosity 1
custom 1
customs 1
cutlass 1
dairy 1
dalliance 1
damage 1
damaged 1
dangling 1
dappled 1
darken 1
darkening 1
dawned 1
daylight 1
dazzles 1
deal 1
deals 1
dealt 1
debarking 1
debates 1
debating 1
debauch 1
decades 1
decaying 1
decays 1
deceive 1
deceives 1
decently 1
decision 1
decks 1
declaring 1
declined 1
decorated 1
dedicate 1
deductible 1
deedless 1
deems 1
deepening 1
defeated 1
defenceless 1
defend 1
defending 1
defensive 1
defiance 1
defies 1
deform 1
deformed 1
defraud 1
defrauded 1
defrauding 1
degrade 1
degraded 1
degree 1
deletions 1
delicate 1
delicious 1
delights 1
delivered 1
delivers 1
deluders 1
demanded 1
demeanour 1
demigods 1
demonstrations 1
denial 1
denote 1
denounce 1
denounced 1
dens 1
depart 1
departing 1
depends 1
deplored 1
deposed 1
depress 1
depths 1
deride 1
describes 1
descry 1
deserted 1
deserve 1
deserves 1
designing 1
designs 1
desired 1
desirous 1
desolate 1
desponding 1
despotisms 1
destine 1
destinies 1
destroyed 1
detach 1
detail 1
details 1
detention 1
determinate 1
determining 1
deterred 1
detesting 1
detests 1
development 1
device 1
devine 1
devious 1
devolved 1
devotions 1
devourers 1
devouring 1
dies 1
difference 1
differing 1
diffused 1
digamma 1
digging 1
dignifies 1
digression 1
dilates 1
dilating 1
diminish 1
dimmed 1
dims 1
dip 1
directed 1
directing 1
direction 1
directly 1
disabled 1
disappoint 1
disappointment 1
disappoints 1
disaster 1
discernible 1
discerns 1
disclaim 1
disclaimed 1
disclaimers 1
discontinue 1
discountenanced 1
discourses 1
discoverable 1
discovered 1
discoveries 1
discovering 1
discovery 1
discumbers 1
discussion 1
discussions 1
disembarking 1
disemboguing 1
disfigure 1
disfigured 1
disguised 1
dishonours 1
disjointed 1
disk 1
dislike 1
dislodge 1
dismission 1
dismounted 1
disorders 1
dispart 1
disparted 1
dispensed 1
dispersing 1
displayed 1
displeasing 1
disposition 1
disproving 1
disqualification 1
disquiet 1
disrespect 1
disrobed 1
dissected 1
dissertation 1
dissipates 1
dissolving 1
dissonance 1
distaff 1
distain 1
distaste 1
distemper 1
distended 1
distills 1
distils 1
distinction 1
distinctive 1
distinguishing 1
distorted 1
distracting 1
distracts 1
distress 1
distressful 1
districts 1
distrustful 1
disunite 1
disused 1
diurnal 1
dive 1
dived 1
divergences 1
divided 1
dividing 1
divined 1
divinity 1
dole 1
dolesome 1
dolorous 1
dolphin 1
dominions 1
donate 1
donation 1
donors 1
dooming 1
dotard 1
doth 1
doubles 1
doubly 1
doubted 1
doubtless 1
dove 1
doves 1
downcast 1
dozy 1
drag 1
dragon 1
drains 1
dramas 1
dramatic 1
draughts 1
drawing 1
dreads 1
dreamed 1
dreamt 1
drench 1
drier 1
drifts 1
drivers 1
drudging 1
dryness 1
duel 1
dulcet 1
dungeons 1
durance 1
dusty 1
dwellers 1
earn 1
earned 1
earthquakes 1
eases 1
easily 1
east 1
eat 1
ebon 1
echo 1
eclipse 1
ecstasies 1
ecstasy 1
ecstatic 1
eddy 1
edge 1
education 1
educational 1
efface 1
effects 1
effeminate 1
effusion 1
effusive 1
eighth 1
elapsed 1
elated 1
elect 1
electronically 1
elemental 1
elephant 1
elephants 1
elevate 1
ell 1
ells 1
eloquent 1
eludes 1
email 1
emanated 1
emancipate 1
embarking 1
embellishment 1
emblem 1
embowering 1
embroidered 1
embroil 1
embroils 1
eminence 1
emotion 1
emotions 1
emphatic 1
employee 1
employees 1
employs 1
emulous 1
enable 1
enabling 1
enamoured 1
enclosed 1
encounter 1
encouraged 1
encourages 1
encumbered 1
encumbrance 1
endearing 1
endeavour 1
endued 1
enfeebled 1
engine 1
enhance 1
enigma 1
enjoins 1
enkindle 1
enlighten 1
enlightenment 1
ennobled 1
ennobling 1
ensued 1
ensuring 1
entangled 1
entangling 1
entered 1
enters 1
entertained 1
entertainments 1
entertains 1
enthroned 1
entranced 1
entreat 1
entreaties 1
entreaty 1
entwined 1
enunciator 1
enviest 1
epics 1
episodes 1
epitaph 1
equalled 1
equally 1
equipment 1
equivalent 1
erased 1
erected 1
escapes 1
espouse 1
essaying 1
essays 1
essential 1
established 1
esteem 1
estimated 1
eternity 1
ether 1
etherial 1
eulogized 1
eum 1
evasive 1
evidently 1
evinced 1
ewe 1
exact 1
exactest 1
exacting 1
exactly 1
examinations 1
examined 1
examines 1
exceed 1
exceedingly 1
exceeds 1
excel 1
excellence 1
excellent 1
excess 1
exchanged 1
excusable 1
excuses 1
execute 1
execution 1
exempted 1
exequial 1
exerts 1
exhorts 1
exigence 1
exist 1
exists 1
expand 1
expanse 1
expatiate 1
expectants 1
expecting 1
expedient 1
expedition 1
expels 1
expend 1
expires 1
explanation 1
exploit 1
explored 1
exportation 1
exporting 1
exposed 1
expounds 1
expunging 1
extending 1
extensive 1
extinguish 1
extol 1
extraordinary 1
extremely 1
exulted 1
eyeball 1
fables 1
fabric 1
faces 1
facilities 1
faction 1
facts 1
fade 1
fades 1
fading 1
fail 1
fainted 1
fairer 1
fairest 1
faithfull 1
faithfully 1
falser 1
familiarize 1
family 1
famous 1
fanciful 1
fangs 1
fans 1
fantastic 1
fared 1
fashion 1
fasque 1
fastens 1
fatally 1
fatigued 1
fatten 1
fattest 1
faults 1
favourites 1
favours 1
fearing 1
feasted 1
feasting 1
feeding 1
feigns 1
fenceful 1
fenceless 1
festivals 1
fiercer 1
fiercest 1
fig 1
figured 1
file 1
filthy 1
fin 1
financial 1
fine 1
fir 1
firmament 1
firmer 1
fisher 1
fishes 1
fit 1
fitter 1
flake 1
flank 1
flap 1
flash 1
flaskets 1
flat 1
flax 1
flay 1
fleeces 1
flexions 1
flitting 1
flouncing 1
flowed 1
flown 1
fluency 1
fluent 1
fluid 1
fluids 1
flutters 1
folded 1
follies 1
follows 1
foments 1
fonder 1
foodful 1
foolish 1
fools 1
footing 1
forbade 1
forbidden 1
forbidding 1
forbids 1
forbore 1
forces 1
forcibly 1
ford 1
foreboded 1
foredooms 1
forerunner 1
foresees 1
foretells 1
forever 1
forgetful 1
forgets 1
forlorn 1
formation 1
formats 1
forsaken 1
forsakes 1
forsook 1
fortieth 1
fortify 1
fortitude 1
fortunately 1
forum 1
fouler 1
foundation 1
founded 1
founts 1
fowlers 1
fowls 1
fragrances 1
framed 1
fraternal 1
fraudulent 1
fray 1
freaks 1
freed 1
freeze 1
freezes 1
freighted 1
frequentation 1
frequented 1
freshness 1
fretted 1
friendless 1
friendlier 1
friendships 1
frightened 1
frisk 1
frisking 1
frost 1
frothy 1
frowns 1
froze 1
frugality 1
fruitless 1
fullest 1
fully 1
fulness 1
functions 1
fund 1
funerals 1
furies 1
furl 1
furrows 1
gaily 1
gains 1
gait 1
gameful 1
gamesome 1
gaps 1
gardener 1
gasp 1
gathered 1
gazers 1
gazes 1
gems 1
generations 1
genuineness 1
germ 1
gets 1
getting 1
gifted 1
gilder 1
gilt 1
girds 1
girt 1
gladden 1
gladdens 1
gladness 1
glads 1
gladsome 1
glanced 1
glances 1
glare 1
glazed 1
gleam 1
gleaming 1
glebe 1
glided 1
glimmering 1
glitter 1
globes 1
gloried 1
gloriously 1
goal 1
goals 1
goatskins 1
goddesses 1
goodliest 1
goodly 1
gored 1
gorgeously 1
gourmand 1
governess 1
gracefulness 1
graceless 1
gradual 1
grammarian 1
grammarians 1
grandsire 1
grandson 1
grandsons 1
grape 1
grasped 1
grasping 1
grass 1
gratefully 1
grazing 1
greens 1
greeted 1
grey 1
grimly 1
grind 1
grins 1
gripes 1
grottoes 1
groundless 1
group 1
grovels 1
growl 1
grows 1
guarded 1
guardianship 1
guardless 1
guidance 1
guideless 1
guile 1
guileful 1
guise 1
gurgling 1
gush 1
gusty 1
hadst 1
haggard 1
hamlet 1
hammer 1
handling 1
handmaidens 1
handsomely 1
hang 1
hanging 1
hap 1
happened 1
happily 1
harboured 1
harbours 1
hardening 1
hardest 1
hardy 1
harmoniously 1
harms 1
harness 1
harp 1
hasted 1
hastening 1
hastens 1
hastily 1
haunts 1
haven 1
heady 1
healthy 1
heaping 1
heapy 1
hearers 1
heartfelt 1
heavenward 1
hecatomb 1
heeded 1
heifer 1
heifers 1
helmets 1
helms 1
helped 1
helps 1
hereafter 1
heroine 1
hesitation 1
hilly 1
hilt 1
hint 1
hire 1
hisses 1
historian 1
historic 1
histories 1
hitherto 1
hogs 1
hoist 1
holder 1
homaeopathic 1
homicidal 1
homicide 1
honorary 1
honourable 1
honouring 1
hopeful 1
hopest 1
horizontal 1
horns 1
horrible 1
horribly 1
hospitably 1
hospitality 1
hot 1
hourly 1
houses 1
howl 1
hue 1
hues 1
humanity 1
humour 1
hundreds 1
hunter 1
hunters 1
hunting 1
hurls 1
hurried 1
hurtling 1
hyacinth 1
hymeneal 1
hypertext 1
hypothesis 1
iambic 1
idea 1
ideal 1
ideas 1
identification 1
identifies 1
ignobler 1
illimitable 1
illusions 1
illustriously 1
imaginary 1
imaginations 1
imbibe 1
imbibed 1
imbowering 1
imbrued 1
imitators 1
immediately 1
immigrants 1
immigrations 1
immolate 1
immortalized 1
immortals 1
impale 1
imparts 1
impels 1
impends 1
impenetrably 1
implied 1
imploring 1
imports 1
importunate 1
impose 1
imposed 1
imposthumate 1
impostor 1
imposture 1
impostures 1
imprecations 1
impressions 1
improve 1
improved 1
imprudence 1
impudence 1
impudent 1
impulse 1
impure 1
impurpled 1
inaccurate 1
inaptly 1
inattention 1
inborn 1
incalculable 1
incautious 1
incense 1
incestuous 1
incidental 1
incidents 1
incite 1
inclemencies 1
inclemency 1
incline 1
inclosed 1
incloses 1
include 1
includes 1
incommodious 1
inconsistency 1
incontinent 1
incredible 1
incursion 1
indebted 1
indelible 1
indemnify 1
indent 1
independent 1
indicate 1
indicating 1
indigested 1
indirectly 1
indiscretion 1
indispensably 1
indissolubly 1
individuals 1
induced 1
inducement 1
indulged 1
indulges 1
ineffectual 1
inexorable 1
infallible 1
infancy 1
infatuates 1
inferiority 1
infers 1
infest 1
inflexible 1
inflict 1
inflicted 1
infold 1
infolding 1
informing 1
infringing 1
infused 1
infusing 1
ingratitude 1
ingredient 1
ingredients 1
inhabit 1
inhabitant 1
inhale 1
inherited 1
inhuman 1
initiates 1
inject 1
injunctions 1
inlay 1
innate 1
innavigable 1
inner 1
innocence 1
innumerable 1
innumerous 1
inquietudes 1
inquired 1
inquires 1
inquisitive 1
inroad 1
inscribed 1
inscriptions 1
insensate 1
inserted 1
inserts 1
insiduous 1
insignificant 1
insinuating 1
insists 1
insolently 1
inspecting 1
inspiriting 1
instinctive 1
instruct 1
instructed 1
instructions 1
instructive 1
instructs 1
instrumental 1
insufferable 1
intellect 1
intelligence 1
intemperate 1
intend 1
intention 1
intentive 1
intercepted 1
interest 1
interesting 1
intermitting 1
interposed 1
interposing 1
interpretation 1
interpreted 1
interrogating 1
interval 1
interview 1
interwove 1
intonations 1
intoned 1
intorted 1
introduce 1
introduced 1
intruder 1
intrusive 1
invaded 1
invader 1
invading 1
invalidity 1
invention 1
inviolable 1
inviolate 1
invisible 1
inviting 1
invoke 1
invokes 1
involve 1
involves 1
inwrapping 1
ireful 1
irradiate 1
irregular 1
irremeable 1
irritate 1
islanders 1
issued 1
ivy 1
jar 1
jelly 1
joined 1
joining 1
joinings 1
joins 1
joints 1
jostling 1
journeyed 1
journeying 1
judged 1
judges 1
judging 1
judicious 1
jus 1
justling 1
keeper 1
kid 1
kids 1
killed 1
kinder 1
kindle 1
kindles 1
kindling 1
kingdom 1
kingdoms 1
knits 1
knocks 1
knot 1
knotty 1
laboriously 1
labyrinth 1
lain 1
lakes 1
lambkin 1
lambs 1
lament 1
lapse 1
lard 1
lassitude 1
lasts 1
latter 1
laud 1
laughing 1
laurels 1
lave 1
lavers 1
laves 1
lawgivers 1
lawn 1
lawns 1
laying 1
lazy 1
leaden 1
leaders 1
leafless 1
league 1
leaguer 1
leagues 1
lean 1
leaning 1
leap 1
learning 1
learnt 1
leathern 1
leer 1
legally 1
legend 1
legions 1
lessened 1
lesser 1
lethargy 1
levelling 1
leveret 1
leviathan 1
liability 1
liberty 1
library 1
lick 1
lid 1
lightnings 1
liking 1
limits 1
lineal 1
lineaments 1
linked 1
lintels 1
liquors 1
list 1
lists 1
lit 1
literal 1
livelihood 1
lively 1
livery 1
livid 1
loaden 1
loan 1
loathed 1
local 1
locations 1
lodging 1
loftier 1
longitude 1
loosed 1
loosely 1
lop 1
lops 1
loquacious 1
loudly 1
loveliest 1
lover 1
lovers 1
loving 1
loyally 1
lumber 1
lurking 1
lusty 1
lute 1
luxuriant 1
lying 1
lyric 1
madness 1
magazine 1
maiden 1
maimed 1
making 1
male 1
malicious 1
manage 1
managed 1
manager 1
manifests 1
mantling 1
manual 1
manufacture 1
manure 1
march 1
marched 1
marching 1
margins 1
maritime 1
marriage 1
married 1
marry 1
marshalling 1
marshes 1
mart 1
marvelled 1
mastiffs 1
masts 1
match 1
material 1
materials 1
maximum 1
mayest 1
maze 1
meals 1
meanwhile 1
mediates 1
medical 1
meditate 1
meditates 1
meditatest 1
meditating 1
mellowing 1
melodious 1
melody 1
melted 1
memoirs 1
memorials 1
menace 1
menaced 1
menaces 1
mendicants 1
mention 1
mentioned 1
meridian 1
merry 1
meshy 1
messengers 1
metals 1
metrical 1
microscope 1
midmost 1
midst 1
mightiest 1
milking 1
milks 1
mill 1
mindless 1
mingles 1
minister 1
minstrelsy 1
minutiae 1
miraculous 1
misdeeds 1
miserably 1
misfortunes 1
misled 1
missive 1
mistrust 1
misty 1
mitigate 1
mixing 1
mock 1
mockery 1
mode 1
moderate 1
modification 1
modified 1
moments 1
monthly 1
monuments 1
moons 1
morbid 1
morsel 1
mothers 1
motion 1
motive 1
motives 1
moulders 1
mounds 1
mounted 1
mourning 1
mulct 1
mule 1
multitude 1
multitudes 1
munificence 1
murky 1
murmurous 1
museful 1
musician 1
muttering 1
mutters 1
myracle 1
myriads 1
mystical 1
mythical 1
naming 1
narrating 1
narrower 1
narrowest 1
navies 1
nearly 1
necessaries 1
necessarily 1
necessary 1
necklace 1
necks 1
neglect 1
negligence 1
negroes 1
net 1
nets 1
network 1
newly 1
newsletter 1
niggard 1
nimbly 1
ninety 1
nobody 1
noiseful 1
nomine 1
nonproprietary 1
noontide 1
nostril 1
notes 1
noticed 1
notifies 1
notion 1
notions 1
notwithstanding 1
nourish 1
novel 1
nowise 1
noxious 1
nurture 1
nurtured 1
oaks 1
oaths 1
objection 1
objections 1
objects 1
oblations 1
obscener 1
observes 1
observing 1
obstinate 1
obtend 1
obtesting 1
obtrude 1
obvious 1
obviously 1
occasion 1
occasional 1
occurrences 1
odious 1
odour 1
offend 1
offender 1
offer 1
offers 1
offices 1
oil 1
oily 1
omitting 1
ones 1
onset 1
onward 1
oozy 1
oped 1
opened 1
openings 1
openness 1
operated 1
opponent 1
opponents 1
opportunities 1
opportunity 1
oppose 1
opposing 1
oppress 1
oppresses 1
oppression 1
opprobrious 1
option 1
oracular 1
oral 1
orbit 1
orchard 1
ordinance 1
ordinarily 1
ordinary 1
organized 1
origin 1
originator 1
orisons 1
osier 1
ostent 1
otherwise 1
outcast 1
outdated 1
outflies 1
outlet 1
outrage 1
outraged 1
outrageous 1
outrages 1
outspread 1
outweighs 1
overboard 1
overcomes 1
overhang 1
overhangs 1
overlooks 1
overtakes 1
owes 1
owning 1
ox 1
paced 1
pack 1
pages 1
palaces 1
palm 1
palpable 1
pampered 1
paper 1
paperwork 1
papyrus 1
paraphrase 1
pard 1
parody 1
partakes 1
parterre 1
partiality 1
partition 1
passengers 1
passive 1
pastime 1
pastors 1
patrimonies 1
pattern 1
paused 1
pauses 1
pears 1
pedestals 1
pellucid 1
penal 1
penalty 1
pension 1
peopled 1
perchance 1
perfectly 1
perfects 1
performance 1
performances 1
performed 1
performing 1
performs 1
perfumed 1
peril 1
perilous 1
periodic 1
perishable 1
perished 1
perjured 1
permits 1
perpetual 1
perpetually 1
perplexed 1
personages 1
persuade 1
persuades 1
persuasion 1
persuasions 1
pertinacious 1
pervade 1
pervading 1
pervious 1
philological 1
philosophical 1
phraseology 1
pictured 1
piecing 1
pigmy 1
piles 1
pilgrim 1
pilgrimage 1
pilgrimages 1
pillaged 1
pillars 1
pines 1
pipes 1
pitied 1
places 1
plague 1
plagued 1
plagues 1
planetary 1
planted 1
plants 1
plates 1
plays 1
plea 1
pleads 1
pleasantry 1
pledges 1
plighted 1
plot 1
plotted 1
ploughshare 1
plumage 1
plumed 1
plumes 1
pluralist 1
plurality 1
poesy 1
poetasters 1
pointless 1
poises 1
polish 1
polishing 1
pollutes 1
pomps 1
pondering 1
pool 1
poplar 1
poplars 1
popularity 1
possible 1
posting 1
pounce 1
pounced 1
pounces 1
powerfully 1
powerless 1
practically 1
praising 1
pray 1
prayed 1
precarious 1
precedes 1
preceptor 1
precipice 1
precludes 1
preface 1
preference 1
prefers 1
pregnant 1
preluding 1
preparation 1
preparing 1
prerogative 1
presaging 1
prescience 1
prescribe 1
presented 1
presenting 1
preserved 1
preserves 1
preside 1
presses 1
presumed 1
pretence 1
pretend 1
prevailed 1
prevailing 1
preventing 1
principle 1
prison 1
privilege 1
prizes 1
probable 1
probity 1
processing 1
procure 1
procured 1
procures 1
prodigious 1
prodigy 1
production 1
profanely 1
profess 1
professed 1
proffer 1
profit 1
profitable 1
profits 1
profusely 1
progeny 1
prohibition 1
project 1
projected 1
projecting 1
projects 1
prolusion 1
promiscuous 1
promising 1
promontory 1
promote 1
promotion 1
prompted 1
prompts 1
pronounced 1
pronunciation 1
proofread 1
proofs 1
prop 1
prophet 1
propitiate 1
proportions 1
proposal 1
proposals 1
proposes 1
proprietary 1
props 1
prospects 1
prostituted 1
prostitutes 1
protract 1
protracted 1
proudly 1
proverb 1
proves 1
providence 1
provides 1
provision 1
provokes 1
provoking 1
prow 1
prowling 1
prudently 1
pruning 1
prythee 1
pseudonyme 1
publication 1
publish 1
published 1
pull 1
pulls 1
pulses 1
punished 1
punishes 1
punishment 1
pupil 1
purchased 1
purely 1
purer 1
purge 1
purify 1
purport 1
purposes 1
pursuing 1
pursuits 1
puts 1
pyre 1
quaff 1
qualification 1
qualified 1
quarries 1
quavering 1
quell 1
questionable 1
questioning 1
quickly 1
quicksand 1
quiet 1
quilts 1
quits 1
quitting 1
quoted 1
racy 1
rages 1
rail 1
railing 1
raiment 1
ramparts 1
rancour 1
rapes 1
rapidly 1
rapturous 1
rashly 1
ratify 1
ravaged 1
ravenous 1
raves 1
ravish 1
raw 1
razed 1
reaches 1
reaching 1
readable 1
realised 1
realize 1
realized 1
reap 1
reasonable 1
reasonableness 1
reassumes 1
rebel 1
rebuke 1
recall 1
recalls 1
recedes 1
receding 1
recitation 1
reciters 1
reclines 1
recognising 1
recognize 1
recommends 1
reconstruct 1
recorded 1
recount 1
recounting 1
recumbent 1
redden 1
reddens 1
redeem 1
redistribute 1
redistributing 1
redoubles 1
reduced 1
reducing 1
redundant 1
reel 1
reeling 1
refit 1
refits 1
reflected 1
reflecting 1
reflects 1
refrain 1
refreshment 1
refuge 1
refutes 1
regarded 1
regardful 1
regards 1
registers 1
regular 1
regulating 1
rein 1
reject 1
rejected 1
rejects 1
rejoicing 1
rejoins 1
relative 1
relieves 1
relight 1
reluctance 1
remarking 1
remarks 1
remits 1
remodelled 1
remorse 1
remotest 1
removing 1
renders 1
rendezvous 1
renowned 1
repaid 1
repairs 1
repeats 1
repent 1
repentance 1
replace 1
reposed 1
repossess 1
representations 1
represented 1
repress 1
republican 1
repulse 1
repulsed 1
reputed 1
requires 1
rescue 1
rescued 1
research 1
resemblance 1
resembling 1
resentful 1
resents 1
resist 1
resisted 1
resists 1
resolve 1
resounded 1
resource 1
respectful 1
respective 1
respite 1
resplendent 1
rested 1
restful 1
resting 1
restoration 1
restrains 1
rests 1
resulting 1
resuming 1
retains 1
retard 1
retentive 1
retire 1
retirement 1
retires 1
retorted 1
retracing 1
retreats 1
returned 1
revenged 1
revenges 1
revenging 1
revenues 1
revere 1
revilers 1
revised 1
revives 1
revolve 1
rhapsodic 1
rhapsodies 1
richer 1
ridge 1
ridgy 1
ridicule 1
ridiculous 1
riding 1
rifled 1
rigged 1
rightlier 1
rill 1
ringlet 1
rioters 1
riotous 1
ripened 1
ripening 1
ripens 1
rivalled 1
river 1
rob 1
rogue 1
romances 1
rounds 1
rouses 1
rovers 1
roving 1
rowers 1
royalty 1
rub 1
rubied 1
ruffling 1
rulest 1
ruminating 1
rung 1
running 1
rusted 1
ruthless 1
sacks 1
sacredness 1
sacrilegious 1
sadness 1
safest 1
sagacious 1
sagacity 1
sagest 1
sake 1
sale 1
sallied 1
salted 1
salutary 1
sand 1
sandal 1
sanguinary 1
sapphire 1
satiety 1
satires 1
satisfactory 1
savours 1
scared 1
scholar 1
school 1
schoolfellows 1
scoffing 1
scorched 1
scorned 1
scorning 1
scour 1
scourges 1
scraps 1
screen 1
scud 1
scudding 1
scythe 1
seafarer 1
seal 1
seamen 1
searches 1
seared 1
seasons 1
seaward 1
secession 1
secondary 1
seconding 1
seconds 1
secretly 1
seducing 1
seeing 1
seemed 1
seemlier 1
seemly 1
selects 1
self 1
semblant 1
seniors 1
senses 1
sensible 1
sepulchral 1
sequel 1
serpent 1
served 1
serves 1
services 1
session 1
seventeenth 1
sewers 1
shafted 1
shaker 1
shallop 1
shallow 1
shallows 1
shameless 1
shapely 1
sharing 1
shear 1
sheathe 1
sheathed 1
sheet 1
shielded 1
shipwreck 1
shoal 1
shoals 1
shock 1
shortening 1
shouting 1
shriek 1
shrieking 1
shrine 1
shrines 1
shrouded 1
shunning 1
shut 1
shuts 1
sicken 1
sickens 1
sickly 1
sickness 1
sideboard 1
sift 1
sighed 1
signatures 1
silvered 1
similarity 1
simples 1
sincerely 1
sincerity 1
sinecures 1
singed 1
singly 1
situation 1
size 1
sketch 1
skilled 1
slack 1
sleek 1
sleeper 1
sleepy 1
slender 1
slew 1
slighted 1
slippery 1
sloped 1
sly 1
smarting 1
smite 1
smith 1
smoothed 1
smoothly 1
smooths 1
smothering 1
sneezed 1
snoring 1
snow 1
snows 1
snuff 1
soak 1
soars 1
soften 1
softened 1
softening 1
softest 1
softly 1
softness 1
solemnize 1
sometimes 1
soothed 1
soothes 1
sore 1
sounder 1
sour 1
sources 1
south 1
sparkled 1
specious 1
spectacle 1
spectator 1
spectators 1
sped 1
speechless 1
speeded 1
speediest 1
spells 1
sphere 1
spider 1
spied 1
spinal 1
spins 1
spirits 1
splendour 1
splitting 1
sport 1
sporting 1
spot 1
spotted 1
spouseless 1
spouses 1
spout 1
squadrons 1
squalid 1
square 1
squared 1
stage 1
staggering 1
stair 1
stalk 1
stalks 1
stall 1
stalls 1
stamp 1
stamped 1
staple 1
startling 1
starve 1
starving 1
stating 1
statue 1
statues 1
stature 1
stayed 1
stealth 1
steam 1
steels 1
steering 1
steersman 1
stench 1
steward 1
stiffening 1
stiffer 1
stills 1
stir 1
stirred 1
stirs 1
stolen 1
stool 1
stoop 1
stooping 1
stoops 1
stopped 1
stops 1
stow 1
strains 1
strait 1
straits 1
strangling 1
stratagems 1
streamed 1
stretched 1
stretches 1
strewn 1
strews 1
strifeful 1
string 1
strings 1
strip 1
stripling 1
stripping 1
strives 1
strolling 1
stronger 1
strows 1
stubble 1
studded 1
studied 1
study 1
stunning 1
stupid 1
stupidity 1
sty 1
stygian 1
subdued 1
subjected 1
sublimity 1
submission 1
subordinate 1
subscribe 1
subsequent 1
subsequently 1
substituted 1
successfully 1
succession 1
successless 1
sucks 1
suddenly 1
sue 1
suffices 1
suffuse 1
suggested 1
suggesting 1
suggests 1
sullied 1
sulphereous 1
sulphurous 1
sultry 1
sumless 1
summarily 1
summers 1
summits 1
sunless 1
superintendence 1
supper 1
supple 1
supplicate 1
supposes 1
supposing 1
supposition 1
suppress 1
supremest 1
surely 1
surer 1
surety 1
surmise 1
surveyed 1
survive 1
survivor 1
suspect 1
suspects 1
suspense 1
sustenance 1
swamp 1
swarming 1
sweat 1
sweeter 1
sweets 1
swifter 1
swiftly 1
swim 1
swimming 1
swineherd 1
sworn 1
swung 1
sympathized 1
synonymous 1
tackle 1
tactics 1
talkative 1
talons 1
tamed 1
tamely 1
tames 1
tapering 1
tapers 1
tatters 1
taunt 1
tawdry 1
teacher 1
team 1
teat 1
teats 1
tedium 1
teeth 1
telling 1
temperate 1
temperates 1
tempers 1
tempts 1
tenacious 1
tended 1
tendencies 1
tendency 1
tents 1
tepid 1
term 1
terminate 1
terrestrials 1
test 1
testifies 1
texts 1
textures 1
thank 1
thankful 1
thanks 1
theatres 1
themes 1
theorists 1
thickened 1
thief 1
thieves 1
thin 1
thinner 1
thirsted 1
thirsting 1
thongs 1
thorns 1
threaded 1
threatens 1
threefold 1
thrilling 1
thrills 1
thriving 1
throats 1
thronged 1
throughout 1
throws 1
thrushes 1
thunderer 1
thwarts 1
tiar 1
tidings 1
timber 1
timed 1
tinged 1
tired 1
tiresome 1
tolerably 1
tone 1
tongs 1
tongued 1
tools 1
tops 1
torment 1
tormenting 1
tormentors 1
torments 1
torrents 1
torture 1
tortured 1
tortures 1
tottering 1
touches 1
touchstone 1
toys 1
traditions 1
traffic 1
tragic 1
trailing 1
trained 1
trampling 1
transcendent 1
transcribe 1
transcript 1
transcription 1
transfer 1
transferred 1
transform 1
transformed 1
transforms 1
transmission 1
transmitted 1
transparent 1
travellers 1
treasury 1
treat 1
treatise 1
treats 1
trenching 1
trial 1
tribunal 1
tripods 1
triumphal 1
trivet 1
trophies 1
truce 1
truest 1
truly 1
trunk 1
trusted 1
trusts 1
trustworthy 1
trusty 1
truths 1
tumults 1
tunics 1
turbulent 1
turf 1
turned 1
tusks 1
tutelary 1
twelvemonth 1
twentieth 1
twilight 1
types 1
udder 1
udders 1
umbrageous 1
unassisted 1
unattended 1
unbelieving 1
unbend 1
unbended 1
unbent 1
unbid 1
unbodied 1
unbound 1
unburied 1
unchangeable 1
unchaste 1
uncommon 1
unconquerably 1
unconsenting 1
unction 1
unctious 1
unctuous 1
undergo 1
undergone 1
understand 1
undertake 1
undertaken 1
undertakes 1
undeserving 1
undisguised 1
undone 1
undoubtedly 1
unenforceability 1
unexpected 1
unfading 1
unfledged 1
unfolding 1
unforeboding 1
unfriended 1
ungentle 1
ungracious 1
unhallowed 1
unheedful 1
uniform 1
uninjured 1
unintelligible 1
unison 1
united 1
unkindly 1
unlade 1
unlamented 1
unlawful 1
unlearning 1
unlink 1
unload 1
unlucky 1
unmask 1
unmingled 1
unmoved 1
unnerve 1
unnerves 1
unnumbered 1
unpardoning 1
unpleased 1
unpleasing 1
unplume 1
unprofitably 1
unprophetic 1
unprosperous 1
unprotected 1
unquiet 1
unravel 1
unrecorded 1
unsavoury 1
unseals 1
unseemly 1
unseparated 1
unsincere 1
unskilfully 1
unsolicited 1
unsuspecting 1
untaught 1
unthought 1
untried 1
untrodden 1
untruths 1
unutterable 1
unwearied 1
unwelcome 1
unwonted 1
unworthy 1
unwrought 1
upbore 1
upborne 1
upbraid 1
upheld 1
uplift 1
uprose 1
upsprung 1
upward 1
urges 1
urging 1
useless 1
usual 1
usually 1
usurpers 1
usurps 1
utility 1
utter 1
utters 1
valleys 1
valuable 1
valued 1
vanish 1
vanishes 1
vanity 1
variegated 1
varies 1
vassals 1
vegetable 1
veiling 1
venal 1
venerates 1
venial 1
venom 1
vent 1
vented 1
vermilion 1
versions 1
vestibule 1
vex 1
viand 1
vicegerents 1
viewed 1
village 1
vindicates 1
vindicating 1
vine 1
vineyard 1
vineyards 1
violated 1
violates 1
violets 1
visibly 1
visiting 1
vivid 1
vividness 1
vocari 1
vollied 1
voluble 1
volumes 1
volunteer 1
voracious 1
votary 1
voted 1
vouch 1
vouchsafes 1
wafting 1
wafts 1
wag 1
wail 1
wailing 1
wails 1
waiting 1
waive 1
wallowing 1
warbles 1
wardrobe 1
wards 1
warfare 1
warmer 1
warmly 1
warnings 1
warp 1
warranted 1
warranties 1
warranting 1
wasted 1
waver 1
wavering 1
waxen 1
weakest 1
weanling 1
weather 1
webs 1
wed 1
wedded 1
wedge 1
weedy 1
weighs 1
welter 1
welters 1
whale 1
wheaten 1
wheeling 1
whelms 1
whelps 1
whenever 1
whereupon 1
wherever 1
whiny 1
whirlpools 1
whirlwinds 1
whistled 1
whistles 1
whiten 1
whitening 1
whiter 1
widely 1
widespread 1
wields 1
wildly 1
wildness 1
wilds 1
willed 1
willingness 1
willows 1
wily 1
wimbles 1
winded 1
windings 1
window 1
windy 1
winning 1
wins 1
wipe 1
wisely 1
wisp 1
wistful 1
withdrawing 1
withdrawn 1
wither 1
withering 1
withstands 1
witnessed 1
wits 1
woful 1
wolves 1
womb 1
woo 1
wooden 1
woodmen 1
wooly 1
woos 1
workman 1
workmanship 1
workmen 1
worms 1
worthlessness 1
wreak 1
wreathy 1
wrestlers 1
yearly 1
yearn 1
yearning 1
yelling 1
yester 1
zealous 1
zephyrs 1
