the 5023
of 3307
and 2620
a 2021
to 1991
in 1380
with 989
that 968
was 876
his 861
her 824
as 821
had 742
it 673
be 554
which 502
not 451
he 443
at 442
or 435
by 421
for 419
have 417
on 414
this 399
I 393
so 381
she 371
is 334
an 331
from 316
all 307
The 291
been 290
but 280
my 280
its 279
would 265
were 262
Hester 247
their 245
into 244
than 236
little 221
no 218
It 212
one 192
if 186
they 186
more 184
old 184
there 176
could 173
upon 171
him 170
thou 170
might 165
other 162
such 150
who 146
what 141
own 137
up 136
But 134
said 134
me 132
you 131
now 127
out 127
some 127
any 123
may 120
will 115
only 114
like 112
we 112
when 112
these 111
has 106
scarlet 105
good 103
over 103
should 103
must 102
man 101
through 101
He 99
before 98
She 96
Pearl 95
made 95
long 93
very 93
seemed 92
about 91
still 89
are 88
most 87
never 86
much 85
himself 84
many 84
minister 84
yet 84
even 82
Prynne 81
In 80
Project 79
life 78
them 78
And 77
Roger 77
There 77
after 76
thy 76
do 74
human 74
letter 73
within 72
child 71
ever 70
where 70
your 68
did 67
our 67
those 67
whom 66
hand 65
shall 64
another 63
answered 63
down 63
same 62
while 62
A 61
among 61
came 61
nor 61
once 60
great 59
whose 59
mother 57
see 57
without 57
here 56
look 56
new 56
looked 55
make 55
THE 54
itself 53
public 53
whether 53
young 53
forth 52
time 52
better 51
can 51
come 51
heart 51
This 50
being 50
first 50
herself 50
seen 50
then 50
almost 49
though 49
far 48
how 48
well 48
towards 47
along 46
eyes 46
thee 46
two 46
whole 46
years 46
under 45
Dimmesdale 44
hath 44
take 44
kind 43
men 43
people 43
brought 42
know 42
less 42
stood 42
work 42
since 41
kept 40
If 39
every 39
felt 39
off 39
often 39
thus 39
woman 39
They 38
back 38
found 38
light 38
looking 38
nothing 38
too 38
wild 38
Reverend 37
against 37
face 37
As 36
His 36
So 36
world 36
Governor 35
deep 35
full 35
give 35
knew 35
poor 35
already 34
cried 34
few 34
hardly 34
nature 34
something 34
always 33
between 33
set 33
strange 33
At 32
black 32
dark 32
enough 32
find 32
put 32
took 32
whatever 32
New 31
both 31
go 31
last 31
part 31
thought 31
because 30
each 30
evil 30
speak 30
us 30
way 30
away 29
day 29
left 29
rather 29
small 29
With 28
across 28
am 28
appeared 28
either 28
grew 28
love 28
saw 28
three 28
around 27
aspect 27
certain 27
electronic 27
half 27
heard 27
shadow 27
spirit 27
state 27
tell 27
themselves 27
Chillingworth 26
again 26
beheld 26
beneath 26
head 26
lay 26
spiritual 26
Mistress 25
What 25
character 25
close 25
days 25
familiar 25
gave 25
just 25
myself 25
native 25
perhaps 25
place 25
until 25
white 25
Her 24
art 24
earthly 24
expression 24
infant 24
longer 24
physician 24
power 24
red 24
secret 24
works 24
asked 23
become 23
else 23
given 23
keep 23
moral 23
open 23
passed 23
soul 23
turned 23
voice 23
All 22
Gutenberg 22
Thou 22
done 22
hast 22
high 22
latter 22
let 22
making 22
moment 22
point 22
replied 22
save 22
went 22
beside 21
best 21
beyond 21
early 21
gone 21
held 21
laid 21
matter 21
right 21
stand 21
taken 21
things 21
yonder 21
Arthur 20
You 20
call 20
during 20
fallen 20
forest 20
idea 20
intellectual 20
known 20
law 20
name 20
need 20
needs 20
object 20
order 20
seven 20
smile 20
soon 20
terms 20
venerable 20
whispered 20
Not 19
OF 19
age 19
bright 19
effect 19
fair 19
former 19
neither 19
period 19
person 19
purpose 19
real 19
sad 19
sought 19
stern 19
thoughts 19
thrown 19
On 18
To 18
We 18
cast 18
copyright 18
does 18
drew 18
figure 18
further 18
iron 18
present 18
rich 18
scene 18
solemn 18
threw 18
truth 18
words 18
wrought 18
Indian 17
Old 17
United 17
When 17
air 17
amid 17
change 17
heavy 17
hidden 17
learned 17
leave 17
marked 17
medium 17
meet 17
merely 17
met 17
mortal 17
none 17
position 17
possessed 17
say 17
shame 17
show 17
side 17
sometimes 17
sympathy 17
think 17
throughout 17
view 17
By 16
Such 16
Surveyor 16
Yet 16
bring 16
cannot 16
eye 16
force 16
gold 16
individual 16
large 16
likewise 16
mind 16
official 16
outward 16
physical 16
portion 16
sin 16
standing 16
strength 16
talk 16
England 15
Puritan 15
Then 15
although 15
bosom 15
children 15
clergyman 15
common 15
continually 15
daily 15
dead 15
embroidered 15
feeling 15
free 15
gleam 15
guilty 15
hard 15
hold 15
miserable 15
near 15
pale 15
past 15
question 15
quiet 15
reference 15
remained 15
reverence 15
seem 15
sphere 15
step 15
symbol 15
town 15
true 15
unless 15
wear 15
wilt 15
written 15
Black 14
For 14
Had 14
My 14
altogether 14
aside 14
began 14
behind 14
burning 14
conscious 14
crowd 14
deeply 14
doubt 14
dreary 14
grown 14
next 14
night 14
office 14
partly 14
passion 14
readily 14
sacred 14
sat 14
sense 14
story 14
sunshine 14
taking 14
together 14
turning 14
use 14
used 14
walk 14
After 13
Archive 13
Even 13
Foundation 13
God 13
Here 13
Literary 13
Master 13
above 13
charge 13
claim 13
death 13
dim 13
evidently 13
except 13
gaze 13
general 13
having 13
hear 13
image 13
impulse 13
means 13
natural 13
probably 13
quite 13
read 13
received 13
recognised 13
regarded 13
relation 13
seek 13
seldom 13
sinful 13
thing 13
That 12
allowed 12
became 12
behold 12
betwixt 12
bodily 12
borne 12
broken 12
brook 12
caused 12
discern 12
earth 12
effort 12
existence 12
features 12
golden 12
guilt 12
hands 12
hide 12
higher 12
holding 12
hours 12
inevitable 12
lonely 12
lost 12
mode 12
morning 12
peculiar 12
pray 12
professional 12
rose 12
sent 12
skill 12
space 12
strong 12
terrible 12
token 12
why 12
wide 12
wore 12
AND 11
Bellingham 11
English 11
How 11
One 11
Providence 11
accustomed 11
agony 11
alone 11
also 11
ancient 11
burden 11
buried 11
business 11
called 11
circle 11
continued 11
donations 11
drawn 11
due 11
fairly 11
fit 11
flung 11
form 11
freely 11
gray 11
grey 11
grow 11
holy 11
interest 11
joy 11
led 11
lived 11
melancholy 11
multitude 11
offered 11
pass 11
pathway 11
pious 11
procession 11
really 11
remarkable 11
remembered 11
respect 11
rest 11
round 11
scaffold 11
scarcely 11
sensitive 11
several 11
sight 11
somewhat 11
thrust 11
touch 11
utterly 11
wise 11
wooden 11
word 11
worthy 11
Let 10
No 10
SCARLET 10
These 10
Thus 10
Would 10
access 10
aged 10
anguish 10
anything 10
ask 10
beautiful 10
bitter 10
bore 10
breast 10
brief 10
capable 10
care 10
chill 10
deemed 10
depth 10
earnest 10
entered 10
false 10
fancied 10
fixed 10
fling 10
future 10
garments 10
godly 10
greatly 10
home 10
imagination 10
immediately 10
invariably 10
knowledge 10
laws 10
mark 10
murmur 10
otherwise 10
paragraph 10
passing 10
precisely 10
quality 10
regard 10
religious 10
repeated 10
reveal 10
revealed 10
rigid 10
rude 10
singular 10
slight 10
social 10
spoken 10
startled 10
task 10
thine 10
thousand 10
torture 10
various 10
warm 10
won 10
Nor 9
Now 9
Wilson 9
accordance 9
ago 9
antique 9
arms 9
awful 9
bear 9
begun 9
body 9
calm 9
canst 9
catch 9
childish 9
cold 9
constant 9
country 9
course 9
departed 9
didst 9
die 9
different 9
dignity 9
distinguished 9
doom 9
door 9
duty 9
easy 9
especially 9
fastened 9
fee 9
forward 9
friend 9
front 9
gather 9
gathered 9
gazed 9
generally 9
going 9
grave 9
hour 9
impelled 9
infamy 9
influence 9
inquired 9
intense 9
living 9
midst 9
mighty 9
military 9
mine 9
morbid 9
mystery 9
naughty 9
nearly 9
picture 9
play 9
political 9
presence 9
pure 9
putting 9
reached 9
reason 9
rejoined 9
return 9
returned 9
ruin 9
run 9
seeking 9
sentence 9
shape 9
shone 9
showed 9
shown 9
simple 9
single 9
sombre 9
spot 9
strangely 9
sunny 9
surely 9
tenderness 9
thyself 9
toil 9
told 9
trouble 9
upward 9
vivid 9
wearer 9
whence 9
win 9
wretched 9
Christian 8
Election 8
HESTER 8
Is 8
License 8
Little 8
Satan 8
Why 8
acquainted 8
activity 8
actual 8
actually 8
adapted 8
agreement 8
alive 8
ascended 8
beauty 8
believe 8
born 8
carefully 8
clad 8
comes 8
connected 8
copy 8
cover 8
crimson 8
dear 8
deem 8
deeper 8
delicate 8
dismal 8
domestic 8
dost 8
dream 8
dusky 8
entire 8
epoch 8
fancy 8
fantastic 8
fear 8
feel 8
fell 8
forgive 8
forms 8
frame 8
friends 8
garb 8
ghastly 8
glimmering 8
greater 8
growing 8
hall 8
happy 8
hearts 8
hither 8
hitherto 8
hope 8
horror 8
house 8
imagine 8
imagined 8
imparted 8
including 8
magic 8
magistrates 8
majestic 8
meant 8
needed 8
number 8
observed 8
occasion 8
ordinary 8
page 8
paid 8
perchance 8
personage 8
pointing 8
powerful 8
presented 8
proper 8
race 8
rank 8
result 8
roots 8
sentiment 8
shadowy 8
shalt 8
share 8
short 8
similar 8
sky 8
slowly 8
soil 8
speech 8
substance 8
support 8
taste 8
taught 8
teach 8
tender 8
therefore 8
third 8
touched 8
touching 8
turn 8
type 8
ugly 8
unhappy 8
usually 8
variety 8
vast 8
verge 8
whenever 8
wherewith 8
worn 8
worst 8
year 8
An 7
Be 7
Come 7
From 7
General 7
Heaven 7
LETTER 7
Or 7
Salem 7
Section 7
Some 7
States 7
Wilt 7
Without 7
account 7
active 7
addressed 7
afterwards 7
agree 7
alike 7
appear 7
approach 7
atmosphere 7
brilliant 7
broad 7
carry 7
case 7
casual 7
celestial 7
choice 7
church 7
clasped 7
comfort 7
coming 7
conceal 7
copies 7
darkened 7
deal 7
demeanour 7
desire 7
desperate 7
difficult 7
disease 7
earliest 7
energy 7
entirely 7
essential 7
exercise 7
experience 7
faculties 7
faith 7
father 7
feeble 7
fierce 7
figures 7
final 7
finally 7
finger 7
fire 7
following 7
footsteps 7
four 7
frequent 7
friendly 7
gazing 7
gentleman 7
gesture 7
glance 7
gloom 7
gloomy 7
green 7
greet 7
haunted 7
help 7
ignominious 7
ignominy 7
illuminated 7
impossible 7
inclined 7
indicated 7
individuals 7
inmost 7
instant 7
intellect 7
interview 7
judgment 7
labour 7
lapse 7
leaves 7
length 7
lie 7
lips 7
live 7
located 7
main 7
margin 7
matters 7
measure 7
medical 7
mirror 7
misery 7
mission 7
mysterious 7
notice 7
observation 7
original 7
others 7
pain 7
passionate 7
peace 7
peril 7
persons 7
pleasure 7
potent 7
profound 7
prospect 7
purport 7
reader 7
ready 7
receive 7
remarked 7
responded 7
room 7
savage 7
seems 7
sick 7
sit 7
sitting 7
smiling 7
society 7
sole 7
sorrow 7
sort 7
spell 7
spent 7
spite 7
stately 7
study 7
subsequent 7
sudden 7
suggested 7
summoned 7
tale 7
talked 7
tremulous 7
triumphant 7
unaccustomed 7
vague 7
victim 7
volume 7
walks 7
watching 7
witnessed 7
women 7
wonder 7
wrong 7
Do 6
Father 6
Its 6
Man 6
OR 6
Of 6
Uncle 6
Was 6
While 6
YOU 6
able 6
absolutely 6
advanced 6
airy 6
anxious 6
appearance 6
apt 6
arrangement 6
associated 6
assume 6
assumed 6
attempt 6
authority 6
awe 6
bitterness 6
book 6
bringing 6
burdened 6
burst 6
bygone 6
caught 6
cause 6
ceased 6
characterised 6
charm 6
chief 6
circumstances 6
closest 6
compelled 6
comply 6
conscience 6
considerable 6
continual 6
cost 6
covered 6
curious 6
curiously 6
custom 6
deadly 6
degree 6
depths 6
died 6
directly 6
distance 6
distributing 6
distribution 6
divine 6
doing 6
dreamed 6
dwelt 6
dying 6
eBook 6
earlier 6
elsewhere 6
eminent 6
enjoyment 6
ere 6
external 6
faces 6
fall 6
feet 6
fine 6
flight 6
flow 6
flush 6
follow 6
followed 6
foot 6
genial 6
gentlemen 6
gifts 6
glad 6
gladly 6
glittering 6
glow 6
gown 6
grasp 6
grass 6
habit 6
hair 6
happiness 6
heavenly 6
heavily 6
highly 6
honourable 6
however 6
hundred 6
impression 6
inevitably 6
inhabitants 6
instead 6
intelligence 6
intercourse 6
intimacy 6
keeping 6
knowest 6
lack 6
late 6
leaning 6
least 6
leaving 6
lightly 6
literary 6
lurid 6
mankind 6
material 6
mayest 6
mere 6
mingled 6
months 6
mood 6
moved 6
music 6
objects 6
ones 6
opportunities 6
originally 6
party 6
passage 6
perfect 6
permission 6
platform 6
played 6
ponderous 6
possess 6
preacher 6
previous 6
prison 6
private 6
profit 6
provide 6
pulpit 6
purity 6
purposes 6
raised 6
rare 6
reality 6
reflected 6
refund 6
regret 6
relief 6
remainder 6
richness 6
scenes 6
scorn 6
secrets 6
secure 6
semblance 6
silent 6
smiled 6
sound 6
stepped 6
stole 6
stranger 6
street 6
strongly 6
struck 6
suddenly 6
sufficient 6
talking 6
tax 6
tendency 6
termed 6
thereby 6
twilight 6
unknown 6
using 6
utmost 6
vain 6
vainly 6
valuable 6
victory 6
warmth 6
weary 6
weight 6
wherefore 6
wicked 6
wont 6
worshipful 6
wouldst 6
wronged 6
zeal 6
Another 5
Before 5
King 5
Never 5
None 5
Nothing 5
Puritanic 5
Spanish 5
Were 5
Ye 5
advantage 5
affected 5
affection 5
animal 5
answer 5
apart 5
approaching 5
arm 5
attached 5
avail 5
avoid 5
babe 5
bad 5
besides 5
bestowed 5
bird 5
blood 5
breath 5
breathed 5
brother 5
brow 5
cared 5
carried 5
centre 5
century 5
characters 5
cheek 5
chiefly 5
circumstance 5
clear 5
communicated 5
companion 5
completely 5
concerning 5
confined 5
considered 5
converted 5
corrupt 5
cottage 5
courage 5
covering 5
creep 5
crept 5
cry 5
curiosity 5
danced 5
decaying 5
deportment 5
destiny 5
detect 5
developed 5
discover 5
discussion 5
disorder 5
distribute 5
doubtless 5
dwell 5
eBooks 5
elf 5
embroidery 5
emerging 5
encounter 5
end 5
energies 5
error 5
escaped 5
event 5
exclaimed 5
fact 5
faculty 5
fail 5
fain 5
faithfully 5
familiarity 5
family 5
famous 5
favour 5
field 5
flame 5
flew 5
flinging 5
flitting 5
food 5
forcibly 5
forefinger 5
forgotten 5
formed 5
framework 5
gained 5
genuine 5
germ 5
gives 5
giving 5
glancing 5
gorgeous 5
granite 5
granted 5
grievous 5
grim 5
ground 5
group 5
happened 5
harmless 5
haunts 5
heads 5
health 5
heap 5
herbs 5
hereafter 5
hereditary 5
heroic 5
horrible 5
household 5
husband 5
imparting 5
important 5
imposed 5
impressed 5
included 5
infancy 5
interpret 5
interpreted 5
involuntary 5
judge 5
kiss 5
kissed 5
lacked 5
lady 5
laughed 5
laughing 5
learn 5
lies 5
likely 5
listening 5
lofty 5
loved 5
low 5
maiden 5
manner 5
marvellous 5
materials 5
merchants 5
mercy 5
merry 5
mingle 5
mischief 5
modern 5
modes 5
momentary 5
moments 5
mossy 5
moving 5
murmured 5
mutual 5
mystic 5
narrow 5
naturally 5
nearer 5
nervous 5
nodding 5
observe 5
officer 5
overthrown 5
owing 5
paternal 5
path 5
peculiarity 5
pedestal 5
peeped 5
permitted 5
personal 5
phrase 5
picturesque 5
playing 5
pleasant 5
pointed 5
poison 5
possibly 5
press 5
produced 5
promise 5
protected 5
proved 5
provided 5
proving 5
punishment 5
quest 5
quit 5
ran 5
range 5
ray 5
reasonable 5
recall 5
remarkably 5
remember 5
remove 5
repelled 5
required 5
requital 5
resolved 5
reverend 5
richest 5
rising 5
risk 5
sacrifice 5
scandal 5
scope 5
seated 5
seclusion 5
second 5
seemingly 5
sensibility 5
sensible 5
series 5
served 5
settlement 5
ship 5
showing 5
souls 5
spoke 5
staff 5
steps 5
stretched 5
stronger 5
strove 5
struggle 5
subject 5
sufferer 5
suitable 5
summer 5
supposed 5
sure 5
sword 5
sympathies 5
tempestuous 5
term 5
terror 5
thoroughly 5
threshold 5
throb 5
tidings 5
track 5
trademark 5
traits 5
transformed 5
trees 5
trial 5
troubled 5
truths 5
twenty 5
twice 5
universe 5
unlike 5
uttered 5
veil 5
virtue 5
visible 5
walls 5
watch 5
watched 5
whither 5
window 5
wiser 5
withered 5
worse 5
worth 5
write 5
writing 5
ye 5
yellow 5
yielded 5
youthful 5
AT 4
According 4
Apostle 4
Could 4
Divine 4
Dost 4
HIS 4
Hath 4
Heavenly 4
Hibbins 4
Information 4
John 4
LEECH 4
Like 4
MINISTER 4
Many 4
Men 4
More 4
Most 4
Nature 4
O 4
PEARL 4
PROJECT 4
Puritans 4
Scarlet 4
Speak 4
Your 4
ability 4
accompanied 4
accomplished 4
achieved 4
acquire 4
added 4
admitted 4
affair 4
affairs 4
afforded 4
afraid 4
ages 4
aid 4
akin 4
angel 4
angels 4
anyone 4
apparel 4
appeal 4
appointed 4
approached 4
appropriate 4
armour 4
ascend 4
asleep 4
assigned 4
assuming 4
attainments 4
attempted 4
attention 4
attracted 4
attribute 4
aught 4
aware 4
baby 4
backward 4
badge 4
begin 4
belief 4
betake 4
bid 4
blacker 4
blast 4
blessing 4
blossom 4
bond 4
bound 4
brave 4
brethren 4
brightened 4
broke 4
brotherhood 4
built 4
caprice 4
careful 4
centuries 4
chamber 4
characteristic 4
check 4
cheerful 4
cheerfulness 4
cheery 4
choose 4
citizen 4
civil 4
clerical 4
comfortable 4
commercial 4
companionship 4
company 4
complete 4
compliance 4
comprehend 4
conceive 4
condemned 4
confidence 4
connexion 4
consciousness 4
consider 4
constrained 4
contain 4
content 4
contrive 4
control 4
convulsive 4
countenance 4
created 4
creating 4
creature 4
crime 4
cross 4
cup 4
current 4
customary 4
dancing 4
danger 4
dared 4
darker 4
darkly 4
date 4
decoration 4
deepest 4
dell 4
demanded 4
demon 4
described 4
development 4
devoid 4
devoted 4
dignified 4
discourse 4
discovered 4
disposition 4
distributed 4
doors 4
doubted 4
dread 4
dreadful 4
dust 4
duties 4
dwelling 4
earnestly 4
efforts 4
elder 4
elfish 4
embodied 4
emphasis 4
encountered 4
endowed 4
endure 4
enemy 4
enter 4
entitled 4
establish 4
eternal 4
ethereal 4
events 4
excellent 4
excited 4
exhibition 4
exist 4
express 4
expressed 4
exquisite 4
extent 4
failed 4
faintly 4
fashion 4
fashions 4
fast 4
fate 4
fathers 4
feature 4
fed 4
fiend 4
fingers 4
flowers 4
fond 4
footstep 4
forefathers 4
foreign 4
format 4
freedom 4
frown 4
frowned 4
fully 4
futurity 4
garden 4
generations 4
ghost 4
gigantic 4
gleaming 4
gliding 4
glimmered 4
glory 4
greeted 4
grimly 4
growth 4
guardianship 4
hadst 4
harm 4
hatred 4
heed 4
hideous 4
history 4
hoped 4
hopeless 4
hung 4
hurried 4
idle 4
imaginary 4
imaginative 4
immortal 4
incident 4
infinite 4
infirmity 4
information 4
infrequent 4
inherited 4
iniquity 4
inner 4
insomuch 4
instinctive 4
instinctively 4
intensity 4
intent 4
interests 4
intrusive 4
invested 4
keeps 4
kindly 4
knows 4
land 4
laughter 4
leading 4
leaf 4
legal 4
lest 4
lieu 4
limits 4
line 4
linked 4
links 4
listened 4
lock 4
longed 4
looks 4
lot 4
loud 4
loves 4
lower 4
magistrate 4
majesty 4
makes 4
manifest 4
marble 4
medicine 4
memorable 4
memory 4
merriment 4
method 4
ministers 4
move 4
necessarily 4
newly 4
noted 4
oaken 4
obscure 4
occupied 4
offer 4
online 4
onward 4
opportunity 4
ought 4
outside 4
overcome 4
owed 4
pages 4
painful 4
painted 4
pair 4
papers 4
parents 4
particular 4
parting 4
patriarchal 4
pay 4
pen 4
perceive 4
perception 4
permitting 4
piece 4
piercing 4
pity 4
plain 4
please 4
pleased 4
poisonous 4
portraits 4
possession 4
posted 4
practices 4
precious 4
preternatural 4
principle 4
proceeded 4
properties 4
property 4
proportion 4
providing 4
quietude 4
reach 4
reasonably 4
receipt 4
recently 4
recognise 4
regular 4
religion 4
reluctant 4
remain 4
remains 4
remind 4
remote 4
rendered 4
require 4
requisite 4
responsibility 4
revelations 4
revenge 4
rough 4
row 4
rumour 4
running 4
rush 4
rushed 4
sable 4
safely 4
sake 4
sanctity 4
sank 4
sea 4
search 4
self 4
serious 4
serve 4
severity 4
shapes 4
shelter 4
shining 4
shoulder 4
silently 4
sister 4
sketch 4
sluggish 4
snatch 4
solid 4
somewhere 4
sore 4
spectacle 4
spend 4
splendour 4
sportive 4
stands 4
start 4
states 4
status 4
stigma 4
stirred 4
striven 4
subtle 4
successive 4
suffered 4
sufficed 4
sufficiently 4
supported 4
suppose 4
sustaining 4
system 4
talisman 4
tarry 4
telling 4
temper 4
tempered 4
thrill 4
thronged 4
throw 4
till 4
times 4
tone 4
tongue 4
tortured 4
townspeople 4
traces 4
trait 4
tread 4
treasure 4
triumph 4
truest 4
understood 4
united 4
unquiet 4
unwonted 4
upper 4
utter 4
utterance 4
varied 4
viewed 4
vigour 4
visit 4
vista 4
vital 4
vivacity 4
volunteers 4
walking 4
wast 4
website 4
welfare 4
whisper 4
whit 4
wholesome 4
wilderness 4
windows 4
withdrawal 4
withdrawn 4
wonderful 4
wood 4
wrinkled 4
ANY 3
Art 3
Canst 3
Did 3
Elizabethan 3
European 3
Except 3
FOR 3
GUTENBERG 3
Good 3
Hast 3
Hawthorne 3
Him 3
IN 3
Indians 3
Inspector 3
Isaac 3
Knowing 3
LIMITED 3
Looking 3
Madame 3
Massachusetts 3
Much 3
Nathaniel 3
Neither 3
Once 3
Revenue 3
Sabbath 3
See 3
Since 3
Sir 3
THIS 3
TO 3
Their 3
Two 3
Whenever 3
Whether 3
Who 3
Will 3
abode 3
absolute 3
absorbed 3
according 3
accordingly 3
acknowledge 3
acknowledged 3
acquaintance 3
act 3
acts 3
add 3
additional 3
address 3
addressing 3
administered 3
admiration 3
adorn 3
adornment 3
adown 3
advance 3
advancing 3
advantages 3
afternoon 3
agreeable 3
alarm 3
aloft 3
alternative 3
amidst 3
amongst 3
announced 3
anywhere 3
appears 3
applicable 3
application 3
applied 3
arched 3
argument 3
armorial 3
arrived 3
assistance 3
attachment 3
attained 3
attempting 3
attended 3
audience 3
author 3
avenged 3
awaited 3
awake 3
axe 3
balcony 3
bar 3
bargain 3
beginning 3
behalf 3
beings 3
believed 3
belonging 3
bent 3
betokened 3
betray 3
betrayed 3
bewildered 3
bitterest 3
blaze 3
blessed 3
bloody 3
blush 3
bold 3
border 3
bottom 3
bought 3
bowed 3
brain 3
branches 3
breadth 3
break 3
breathing 3
brighter 3
brilliancy 3
carved 3
certainly 3
chain 3
chair 3
chanced 3
childhood 3
chose 3
chosen 3
claims 3
clamour 3
clapped 3
class 3
clerks 3
clinging 3
closely 3
coarse 3
collection 3
commission 3
committed 3
communicating 3
companions 3
comparatively 3
complying 3
comprehending 3
concealed 3
concentrated 3
concerns 3
condition 3
confess 3
confided 3
confinement 3
confronting 3
consequence 3
consolation 3
constantly 3
contact 3
contained 3
containing 3
continuance 3
continuing 3
contributing 3
conversation 3
convert 3
corps 3
court 3
create 3
credit 3
crisis 3
culprit 3
cultivated 3
cunningly 3
dame 3
dance 3
darksome 3
daughter 3
decked 3
decorated 3
decrepit 3
deed 3
deeds 3
defect 3
deformity 3
delight 3
demand 3
derivative 3
derive 3
desert 3
deserted 3
design 3
desolate 3
despondency 3
determined 3
detriment 3
develop 3
devoting 3
dexterity 3
difficulties 3
diffused 3
direct 3
discipline 3
disciplined 3
display 3
displayed 3
displaying 3
distant 3
distinct 3
doomed 3
doubtful 3
dreaded 3
driven 3
drops 3
drove 3
dull 3
ear 3
earnestness 3
easily 3
edge 3
edifice 3
editions 3
effectual 3
efficacy 3
elaborate 3
elements 3
emaciated 3
eminence 3
emotions 3
employment 3
engraved 3
enjoined 3
entering 3
entertained 3
entity 3
equally 3
erring 3
escape 3
established 3
estimate 3
estranged 3
everywhere 3
evidence 3
evident 3
examine 3
examining 3
excitement 3
exemplary 3
exhausted 3
exhibited 3
expanse 3
expected 3
explanation 3
extended 3
extinguished 3
extravagant 3
extremity 3
faded 3
fading 3
faint 3
fainter 3
fame 3
familiarly 3
fantastically 3
favourable 3
favourite 3
federal 3
fellowship 3
firmly 3
fitful 3
fitter 3
fixing 3
flashes 3
flesh 3
flit 3
flock 3
floor 3
flourish 3
foliage 3
foolish 3
forbidden 3
forlorn 3
formal 3
formerly 3
forthwith 3
fortune 3
forty 3
foul 3
founders 3
fragments 3
fragrance 3
frequently 3
frightful 3
fro 3
frozen 3
gaining 3
gallant 3
gathering 3
gentle 3
gently 3
get 3
gift 3
gifted 3
glanced 3
gleamed 3
glided 3
glistening 3
gloomier 3
glorified 3
glowing 3
gnawed 3
got 3
government 3
grace 3
gradually 3
grisly 3
grotesque 3
guest 3
guided 3
guise 3
gushed 3
habits 3
hanging 3
harsh 3
harvest 3
hate 3
haughty 3
hearing 3
heaven 3
heavenward 3
hinted 3
holds 3
holiday 3
honest 3
hostile 3
hot 3
humblest 3
ideas 3
imbued 3
immediate 3
imp 3
impalpable 3
impart 3
impending 3
imperious 3
importance 3
improbably 3
impulses 3
incapable 3
incomprehensible 3
indeed 3
independent 3
indescribable 3
indications 3
indistinctly 3
infernal 3
infirmities 3
inflicted 3
infliction 3
inheritance 3
innocent 3
inscrutable 3
interested 3
interior 3
intervening 3
intimate 3
intolerant 3
introduced 3
involved 3
irresistible 3
irreverent 3
journey 3
judging 3
justice 3
kindled 3
kindred 3
knot 3
labyrinth 3
lantern 3
largely 3
larger 3
later 3
learning 3
legitimate 3
liable 3
licence 3
license 3
lighted 3
limitation 3
lines 3
linger 3
lingered 3
livelier 3
lives 3
lonesome 3
lose 3
loss 3
luxuriant 3
machinery 3
manifested 3
manifesting 3
matronly 3
meaning 3
member 3
members 3
mental 3
message 3
meteor 3
mightier 3
miracle 3
miraculous 3
mirth 3
misshapen 3
mockery 3
modified 3
money 3
moss 3
mostly 3
motherly 3
motion 3
mould 3
muffled 3
multitudinous 3
muttered 3
natal 3
necessity 3
noble 3
noticed 3
obtain 3
occasional 3
occasionally 3
occasions 3
occupants 3
occupy 3
occurred 3
odd 3
officers 3
older 3
operations 3
opposite 3
organ 3
origin 3
outcast 3
painfully 3
paler 3
pang 3
paragraphs 3
pardon 3
partner 3
parts 3
passes 3
patient 3
paused 3
paying 3
payments 3
perfectly 3
perforce 3
periods 3
permanent 3
personages 3
persuade 3
petty 3
pick 3
piety 3
pile 3
placed 3
plead 3
plumage 3
polluted 3
popular 3
port 3
positively 3
possessing 3
powerfully 3
powers 3
practical 3
praiseworthy 3
prayer 3
pressing 3
pretty 3
previously 3
pride 3
printed 3
proceeding 3
produce 3
promotion 3
proof 3
prying 3
quaint 3
qualities 3
questioned 3
quickly 3
quietly 3
quitted 3
rapid 3
recent 3
reckoned 3
recognition 3
recognize 3
record 3
redeemed 3
references 3
reflection 3
regards 3
regions 3
regularity 3
relations 3
relieve 3
relieved 3
remaining 3
remorse 3
remoteness 3
repentance 3
repetition 3
replacement 3
representative 3
represented 3
resembled 3
reserve 3
residence 3
respecting 3
responding 3
restrain 3
resumed 3
retained 3
retiring 3
retribution 3
returning 3
revelation 3
robes 3
rock 3
roll 3
root 3
rubbish 3
ruff 3
ruined 3
rule 3
ruler 3
sacredness 3
safety 3
satisfied 3
sayest 3
scattered 3
scenery 3
scheme 3
seafaring 3
seasons 3
secrecy 3
seized 3
select 3
sermon 3
settlements 3
severe 3
shade 3
shaking 3
shaped 3
shared 3
sharp 3
shield 3
shoulders 3
shows 3
shuddering 3
shy 3
sink 3
sinking 3
sinned 3
sins 3
site 3
situation 3
six 3
sleep 3
slightly 3
slow 3
softened 3
softer 3
soldier 3
solitary 3
sooner 3
sorely 3
sorrows 3
sour 3
spake 3
speaking 3
species 3
specimens 3
spectator 3
spectators 3
spirits 3
sport 3
spread 3
spring 3
sprung 3
stain 3
started 3
starting 3
stay 3
steadfastly 3
steal 3
steel 3
stir 3
stooped 3
stooping 3
streets 3
strict 3
striking 3
striving 3
struggling 3
studied 3
subdued 3
subsequently 3
subsided 3
substantial 3
successful 3
suffering 3
suit 3
sun 3
surface 3
surprise 3
surrounded 3
suspicion 3
sustain 3
sustained 3
symptom 3
symptoms 3
takes 3
tales 3
tears 3
tellest 3
temperament 3
ten 3
terrific 3
terrors 3
testimony 3
text 3
thank 3
thin 3
thirty 3
thorough 3
throng 3
tide 3
tinge 3
title 3
tolerably 3
torments 3
torn 3
torpid 3
trace 3
traced 3
transitory 3
tree 3
tremor 3
trifling 3
trodden 3
troubles 3
truly 3
trunk 3
trusting 3
tumult 3
twigs 3
uglier 3
ugliest 3
ultimately 3
unaccountable 3
undergoing 3
undergone 3
understand 3
unfortunate 3
unfrequently 3
universal 3
unkindly 3
unnatural 3
untimely 3
unutterable 3
upright 3
uttering 3
vacant 3
vaguely 3
value 3
vanish 3
vanished 3
vessel 3
vibrated 3
village 3
violence 3
visage 3
vividly 3
voices 3
volumes 3
walked 3
wandering 3
warmer 3
warned 3
wary 3
wasted 3
weeds 3
weighty 3
western 3
whereby 3
whereof 3
wherever 3
wife 3
wings 3
wish 3
wished 3
withdrew 3
witness 3
wondered 3
woods 3
worship 3
worshipping 3
worthier 3
wrath 3
younger 3
youngest 3
yourself 3
youth 3
AGREE 2
ANOTHER 2
About 2
Again 2
Among 2
Ann 2
Any 2
Are 2
BREACH 2
BROOKSIDE 2
Boston 2
Breathe 2
British 2
CHILD 2
CONCLUSION 2
Certainly 2
Chapel 2
Church 2
College 2
DAMAGES 2
DOOR 2
Day 2
Democrats 2
Detecting 2
Donations 2
Doth 2
During 2
EBOOK 2
ENGLAND 2
Each 2
Else 2
Eternal 2
FLOOD 2
FOREST 2
FULL 2
Few 2
Finding 2
Full 2
Geneva 2
HALL 2
HEART 2
HER 2
HOLIDAY 2
Happy 2
Hebrew 2
INTERIOR 2
INTERVIEW 2
Individuals 2
Just 2
LICENSE 2
Letter 2
Lifting 2
Look 2
Lord 2
MAZE 2
May 2
Meanwhile 2
Methinks 2
Might 2
Mother 2
Must 2
NEEDLE 2
NEW 2
NO 2
NOT 2
Next 2
Over 2
PARISHIONER 2
PASTOR 2
PATIENT 2
PHYSICIAN 2
PRISON 2
PROCESSION 2
Perhaps 2
Prince 2
Protestant 2
RECOGNITION 2
REVELATION 2
Royalty 2
SUNSHINE 2
Scriptural 2
Scripture 2
Seen 2
Sister 2
Sometimes 2
Soon 2
Stand 2
Standing 2
THAT 2
Terms 2
Thomas 2
Throughout 2
Under 2
Unless 2
Use 2
VIEW 2
VIGIL 2
Vanilla 2
WALK 2
WARRANTIES 2
Walking 2
Wherever 2
abased 2
abide 2
abroad 2
abyss 2
accepted 2
accepting 2
accomplish 2
accomplishing 2
accord 2
accorded 2
accurate 2
acquaintances 2
acquired 2
action 2
actor 2
acute 2
adequate 2
administration 2
admirers 2
admit 2
admitting 2
adorned 2
advice 2
afar 2
affirmed 2
afresh 2
agency 2
agent 2
agitated 2
aided 2
albeit 2
alien 2
allow 2
allowing 2
amenable 2
amused 2
analysis 2
anger 2
antipathy 2
anxiously 2
apartment 2
apostle 2
appalled 2
apparently 2
appliances 2
apprehension 2
archives 2
argue 2
armed 2
arrange 2
arranged 2
array 2
arrayed 2
arraying 2
arrow 2
arrows 2
article 2
articles 2
ascending 2
ashore 2
ashy 2
assure 2
assured 2
astonished 2
attempts 2
attire 2
attributed 2
attributes 2
authenticity 2
authorised 2
autobiographical 2
autumnal 2
available 2
availed 2
avenger 2
averred 2
avowed 2
awakened 2
awfulness 2
awhile 2
awoke 2
babies 2
balm 2
barbed 2
bare 2
barely 2
based 2
basket 2
battle 2
beard 2
bearded 2
bearing 2
bears 2
beckoned 2
beckoning 2
becoming 2
bed 2
bedside 2
befallen 2
behaviour 2
beholder 2
beholding 2
behoves 2
belong 2
beloved 2
below 2
bending 2
benefits 2
benevolence 2
besought 2
bestow 2
bethought 2
betraying 2
bewilderment 2
big 2
birth 2
bitterly 2
blackness 2
blazing 2
bleared 2
blossoms 2
blue 2
boats 2
bodice 2
bones 2
boon 2
boyhood 2
brand 2
branded 2
bravely 2
breathe 2
breathless 2
breeding 2
breeze 2
briefer 2
briefly 2
brightly 2
brightness 2
brings 2
brood 2
brooding 2
bunch 2
burn 2
burned 2
burnished 2
burrow 2
burrs 2
bustle 2
bustling 2
busy 2
calculate 2
calculated 2
calls 2
calmly 2
calmness 2
capacity 2
capering 2
careering 2
careless 2
careworn 2
caring 2
cautious 2
ceases 2
chance 2
chances 2
characterized 2
chattered 2
cheeks 2
cherished 2
chinks 2
choicest 2
citizens 2
claimed 2
clasp 2
clasping 2
classic 2
clearly 2
climbed 2
cloak 2
cloud 2
clue 2
clutch 2
coarser 2
code 2
coin 2
coldly 2
colonial 2
colony 2
command 2
commander 2
commencing 2
commerce 2
commonplace 2
communicate 2
communication 2
communion 2
communities 2
community 2
comparative 2
completest 2
comprehended 2
compressed 2
computer 2
concept 2
conclusion 2
concoct 2
confession 2
confine 2
confirmed 2
confused 2
conjoined 2
conjunction 2
considerably 2
consideration 2
conspicuous 2
constitution 2
constraining 2
contest 2
continue 2
contract 2
contribute 2
contrivance 2
contrived 2
controlled 2
convince 2
convinced 2
cope 2
copied 2
copying 2
cordial 2
corner 2
corpse 2
costs 2
countenances 2
creeping 2
crew 2
crossed 2
cruel 2
cruelty 2
crumbling 2
crushed 2
cure 2
customs 2
cut 2
dare 2
darkening 2
darting 2
deacon 2
deacons 2
deadlier 2
dearth 2
debt 2
decay 2
decayed 2
deceive 2
decided 2
decision 2
decorous 2
defective 2
define 2
defined 2
definition 2
deformed 2
delving 2
demanding 2
dense 2
dependent 2
descend 2
descendants 2
descended 2
describe 2
description 2
desirable 2
desired 2
despair 2
destined 2
destroy 2
device 2
dewy 2
difficulty 2
diffuse 2
dig 2
dilapidated 2
dingy 2
direction 2
disastrous 2
discerned 2
discerning 2
disclaimer 2
disclosed 2
discovery 2
distinction 2
distinctly 2
distinctness 2
disturb 2
diversity 2
divided 2
domain 2
doubly 2
downward 2
drama 2
draught 2
draw 2
drawing 2
dreading 2
dreams 2
dreamy 2
drop 2
dropped 2
dropping 2
drugs 2
dry 2
dug 2
duskily 2
eager 2
earn 2
east 2
eat 2
eaves 2
eccentricities 2
ecstasy 2
effected 2
effervescence 2
effluence 2
elaborately 2
elbow 2
elderly 2
elders 2
eldest 2
election 2
electric 2
elevated 2
eligible 2
eloquence 2
elvish 2
emblem 2
embody 2
emphatically 2
enable 2
enabled 2
encountering 2
endeavoured 2
endless 2
engage 2
enjoy 2
enlivened 2
enterprise 2
enthusiasm 2
entrance 2
entry 2
enveloped 2
errand 2
escort 2
especial 2
essence 2
essentially 2
everybody 2
everything 2
evoked 2
exaggerated 2
examination 2
example 2
exceedingly 2
excite 2
excuse 2
exempt 2
exertion 2
exhausting 2
exists 2
facts 2
failing 2
faintness 2
fairer 2
faithful 2
falling 2
fantasies 2
fatal 2
fated 2
favoured 2
fearful 2
fearfully 2
feelings 2
fees 2
fellow 2
fellows 2
female 2
feminine 2
fervent 2
fibre 2
fiends 2
fiercely 2
fiercer 2
fiery 2
fifteen 2
fill 2
filled 2
filling 2
fittest 2
fitting 2
flannel 2
flashed 2
flavours 2
fled 2
flee 2
flickering 2
floating 2
flood 2
flourishes 2
flowed 2
flower 2
fluttered 2
fly 2
folds 2
footpath 2
forbode 2
forborne 2
forcible 2
foreboded 2
foregoing 2
forehead 2
foremost 2
forget 2
forgetting 2
fortified 2
fortunate 2
fortunes 2
fought 2
foundered 2
fourscore 2
frailty 2
freaks 2
fresh 2
freshly 2
freshness 2
fulfilment 2
fulness 2
furrowed 2
gasping 2
gatherer 2
getting 2
ghostly 2
giant 2
glimmer 2
glimpse 2
glimpses 2
glorify 2
glossy 2
gloves 2
glows 2
gnawing 2
goes 2
gorgeously 2
gossips 2
graceful 2
grand 2
grassy 2
grateful 2
gratitude 2
graveyard 2
grief 2
grin 2
gripe 2
grizzled 2
groped 2
gross 2
groundwork 2
grovelling 2
guess 2
guide 2
gush 2
gushing 2
habitation 2
habitual 2
habitually 2
halo 2
happen 2
happens 2
happier 2
happiest 2
hardness 2
haste 2
hastily 2
hearers 2
heat 2
height 2
hellish 2
helpful 2
hemmed 2
henceforth 2
heretofore 2
hesitate 2
hesitated 2
hesitation 2
heterogeneous 2
hid 2
highest 2
hills 2
hint 2
hit 2
hollow 2
honoured 2
hue 2
huge 2
humorous 2
hungry 2
hurry 2
ideal 2
identity 2
idly 2
ill 2
images 2
imbibed 2
imbue 2
immense 2
immortality 2
imperfect 2
imperfectly 2
importunate 2
imposing 2
impracticable 2
impress 2
impressive 2
impulsive 2
inadequate 2
inasmuch 2
inauspicious 2
increase 2
incurred 2
indefatigable 2
indestructible 2
indicate 2
indicating 2
indistinct 2
infecting 2
infer 2
inflicting 2
influenced 2
influences 2
influential 2
inform 2
ingenuity 2
inmate 2
innate 2
inquire 2
inspiration 2
installation 2
instance 2
instructed 2
intangible 2
integrity 2
intelligent 2
intensely 2
intermingled 2
interpretation 2
interval 2
intimately 2
intolerable 2
intricacies 2
introspection 2
investigations 2
invisible 2
involuntarily 2
inward 2
irregular 2
irrepressibly 2
irresistibly 2
irritation 2
issue 2
issued 2
jail 2
jest 2
jollity 2
joyless 2
judged 2
junior 2
kindle 2
kindness 2
kisses 2
knees 2
knocking 2
lamp 2
laugh 2
lawless 2
lead 2
ledst 2
legislators 2
leisure 2
lengthened 2
lesson 2
level 2
lifetime 2
lift 2
lifted 2
lightsome 2
limited 2
lineage 2
link 2
loathed 2
local 2
locks 2
lodged 2
loose 2
lounging 2
lovely 2
loving 2
lowly 2
loyalty 2
lucubrations 2
lustre 2
luxuriance 2
machinations 2
magnetic 2
maid 2
maidens 2
malice 2
manifestation 2
manifold 2
mansion 2
mariner 2
marks 2
martial 2
martyrdom 2
marvelled 2
mask 2
maternal 2
mean 2
meditations 2
melt 2
merchandise 2
merest 2
messenger 2
meteoric 2
methinks 2
methods 2
mien 2
mimic 2
minded 2
miner 2
mingling 2
mirthful 2
miscellaneous 2
miserably 2
mishap 2
mixed 2
mobile 2
mock 2
mocking 2
moderate 2
momentous 2
monkish 2
month 2
moods 2
mortality 2
motive 2
mouldy 2
mountain 2
mournful 2
mouth 2
movement 2
mud 2
murmuring 2
musty 2
mysteries 2
naked 2
nameless 2
names 2
narrative 2
nearest 2
necessary 2
neck 2
needful 2
neighbouring 2
nerve 2
nether 2
nevertheless 2
nigh 2
nod 2
noise 2
noontide 2
novelty 2
nucleus 2
nurture 2
observer 2
observing 2
obstructed 2
obtaining 2
obvious 2
occur 2
offers 2
offspring 2
oftener 2
oftentimes 2
opened 2
openly 2
opinion 2
ordained 2
ornament 2
ornamental 2
outbreak 2
outcry 2
outline 2
outskirts 2
outwardly 2
overflowing 2
overgrown 2
overmuch 2
overshadowed 2
overwhelmed 2
owned 2
owner 2
owns 2
pace 2
pains 2
paper 2
parchment 2
parent 2
partially 2
passages 2
passionately 2
passport 2
pausing 2
peaceful 2
peculiarities 2
penal 2
penalty 2
penance 2
perceiving 2
perceptions 2
perform 2
performing 2
perilous 2
perish 2
permit 2
perpetually 2
perpetuated 2
persisted 2
persuaded 2
pertaining 2
pervaded 2
perverse 2
petrified 2
phantasmagoric 2
phantasy 2
phantom 2
phantoms 2
phase 2
physiognomy 2
pig 2
piled 2
pilgrim 2
pillow 2
pipe 2
pith 2
plainly 2
planted 2
plants 2
plaything 2
plea 2
pleasantly 2
plebeian 2
plot 2
pluck 2
plucked 2
plunge 2
pocket 2
points 2
pomp 2
pool 2
poorly 2
possibility 2
pouring 2
powerless 2
preach 2
preceding 2
prefigured 2
preliminary 2
preparation 2
prepared 2
preservation 2
preserve 2
pressed 2
pressure 2
preternaturally 2
price 2
prickly 2
principles 2
print 2
prisoner 2
pristine 2
prize 2
process 2
productions 2
profession 2
projected 2
prominent 2
prominently 2
promised 2
promote 2
promoting 2
prophecy 2
prophetic 2
protect 2
proud 2
prove 2
proximity 2
purge 2
purify 2
pursuing 2
pursuit 2
quaff 2
quarter 2
questionable 2
questioning 2
questions 2
quick 2
quickened 2
quivered 2
radiance 2
radiant 2
rag 2
raise 2
raising 2
rankle 2
ranks 2
rays 2
reading 2
realized 2
recalled 2
receiving 2
reckless 2
reckon 2
recognising 2
recognized 2
recollect 2
recollection 2
recollections 2
recorded 2
redeem 2
referred 2
refined 2
refused 2
region 2
registered 2
regularly 2
regulations 2
reject 2
rejected 2
relate 2
relaxing 2
released 2
relics 2
remedy 2
reminiscences 2
remorseful 2
removed 2
renown 2
repented 2
repose 2
represent 2
representing 2
repressed 2
repugnance 2
requested 2
requirements 2
requited 2
researches 2
resemblance 2
resolve 2
respectable 2
rested 2
restless 2
restoring 2
restrictions 2
retain 2
retaining 2
reverberated 2
reverential 2
reviled 2
rid 2
righteous 2
rightfully 2
rightly 2
rights 2
rigidity 2
rise 2
roamed 2
roar 2
robe 2
rooted 2
royalties 2
rugged 2
ruled 2
rulers 2
rural 2
sadly 2
sages 2
saint 2
sainted 2
saintly 2
sanctified 2
satisfaction 2
satisfactory 2
scale 2
scatter 2
scholar 2
school 2
schooled 2
science 2
scorned 2
scornful 2
searching 2
seared 2
season 2
security 2
seeks 2
sees 2
seize 2
selfsame 2
send 2
sending 2
sends 2
senses 2
sensuous 2
separate 2
separated 2
seriously 2
servant 2
settled 2
settler 2
sexton 2
shapeless 2
sheet 2
shimmer 2
shine 2
shocked 2
shortly 2
shower 2
shriek 2
shrieked 2
shrink 2
shrivelled 2
shuddered 2
shut 2
sighing 2
sign 2
signed 2
silence 2
simplicity 2
sinfulness 2
singularity 2
sinless 2
sinner 2
sinners 2
sisterhood 2
slighter 2
smaller 2
smooth 2
smouldering 2
snow 2
snowy 2
soften 2
softening 2
softly 2
softness 2
solicit 2
solitude 2
solution 2
soothing 2
sooty 2
sorrowful 2
sounded 2
spacious 2
sparkled 2
special 2
specified 2
specimen 2
spectral 2
spending 2
spends 2
spiritualized 2
spiritually 2
sports 2
springs 2
stage 2
stainless 2
stamp 2
stamped 2
stamping 2
stare 2
staring 2
startle 2
statue 2
steadfast 2
steadily 2
steals 2
stepping 2
sternly 2
stiff 2
sting 2
stitch 2
storm 2
strain 2
strangeness 2
stray 2
streak 2
stream 2
strewn 2
strike 2
stripes 2
stripped 2
struggled 2
stubborn 2
stumbling 2
subserve 2
succeeded 2
suffer 2
suffice 2
suffices 2
suggestions 2
summon 2
sumptuary 2
sunken 2
superstition 2
suppressing 2
surgeon 2
surround 2
survive 2
suspended 2
sustains 2
swayed 2
sweet 2
swell 2
sympathetic 2
table 2
taint 2
tall 2
tape 2
tarnished 2
teacher 2
tear 2
tease 2
tells 2
tempt 2
tempted 2
tenure 2
testified 2
thawed 2
theme 2
thence 2
thenceforth 2
thereof 2
thinkest 2
thither 2
thitherward 2
thoughtful 2
threaten 2
threatening 2
threats 2
throbs 2
throwing 2
thwarted 2
tin 2
tinged 2
tipped 2
tokens 2
tones 2
tooth 2
topic 2
tossed 2
townsman 2
traffic 2
train 2
training 2
tramp 2
transcribe 2
transfer 2
transferred 2
transfigured 2
transformation 2
transforming 2
transgressed 2
transmitted 2
transporting 2
treatment 2
tremble 2
trembled 2
tribe 2
tripping 2
trod 2
trusted 2
try 2
tunic 2
twisted 2
typified 2
ugliness 2
unamiable 2
unattainable 2
unattended 2
uncouth 2
undertake 2
undertone 2
undid 2
undo 2
undoubtedly 2
unfinished 2
unintelligible 2
unprofitable 2
unquestionable 2
unquestionably 2
unrelenting 2
unsightly 2
unto 2
unusual 2
unutterably 2
unvaried 2
unworthy 2
uphold 2
uprooted 2
upwards 2
urged 2
user 2
utterances 2
valued 2
vastly 2
vegetable 2
velvet 2
veneration 2
ventured 2
ventures 2
verily 2
versed 2
version 2
vessels 2
victims 2
vigorous 2
violated 2
virgin 2
virgins 2
visionary 2
visions 2
visited 2
vocal 2
voluntary 2
waist 2
wanderer 2
wanted 2
war 2
warn 2
washed 2
watchful 2
wave 2
wavering 2
waves 2
waving 2
waxing 2
wayfarers 2
ways 2
weakness 2
wealth 2
wearest 2
weariness 2
wearing 2
wearisome 2
wearisomely 2
wears 2
weep 2
weigh 2
weighed 2
welcome 2
wickedness 2
widely 2
widest 2
widow 2
wig 2
willing 2
wind 2
wine 2
winged 2
wintry 2
wisdom 2
witch 2
witchcraft 2
withal 2
withdraw 2
withheld 2
witnesses 2
wives 2
wonted 2
working 2
worldly 2
worthless 2
wound 2
wreathed 2
writer 2
writhing 2
wrote 2
yielding 2
AGREEMENT 1
ANYTHING 1
Above 1
Acts 1
Actual 1
Additional 1
Administer 1
Africa 1
Aged 1
Alone 1
Amen 1
American 1
Amongst 1
Anne 1
April 1
Attempting 1
Attiring 1
BE 1
BEFORE 1
BUT 1
Backward 1
Baptist 1
Begin 1
Behind 1
Beholding 1
Believe 1
Betimes 1
Between 1
Beyond 1
Bible 1
Billy 1
Boreas 1
Borne 1
Bowers 1
Bred 1
Bristol 1
Brooding 1
Brook 1
Burns 1
CONTRACT 1
Cabbages 1
Care 1
Carried 1
Cast 1
Catholic 1
Certain 1
Children 1
Chippewa 1
Chronicles 1
Clergymen 1
Clerk 1
Closely 1
Cluster 1
Collector 1
Compliance 1
Conscious 1
Contact 1
Contents 1
Contributions 1
Copyright 1
Cornwall 1
Couldst 1
Council 1
Countries 1
Cowardice 1
Creating 1
Creator 1
Crime 1
Customs 1
DECAPITATED 1
DISCLAIMER 1
DISTRIBUTE 1
DISTRIBUTOR 1
DONATIONS 1
Dames 1
Daniel 1
Dartmouth 1
David 1
Death 1
December 1
Deep 1
Deeper 1
Defect 1
Deity 1
Democrat 1
Denying 1
Deputy 1
Derby 1
Despite 1
Devil 1
Didst 1
Digby 1
Digest 1
Discerning 1
Doctor 1
Doomed 1
Dreadful 1
Drink 1
EIN 1
END 1
EVEN 1
EXCEPT 1
EXPRESS 1
Earlier 1
Elixir 1
Elizabeth 1
Ellery 1
Elsewhere 1
Email 1
Especially 1
Essex 1
Europeans 1
Ever 1
Every 1
Everything 1
Evil 1
Exchange 1
Exhort 1
FITNESS 1
Far 1
Fate 1
Fathers 1
Fear 1
First 1
Fort 1
Forth 1
GIVE 1
Gallows 1
Gathering 1
Gazing 1
German 1
Ghost 1
Ghosts 1
Give 1
Glancing 1
Go 1
Gobelin 1
Gospel 1
Great 1
Guinea 1
HAVE 1
Hart 1
Headless 1
Henceforth 1
Herein 1
High 1
Hill 1
Historical 1
Holy 1
House 1
Human 1
Hurrying 1
Hush 1
Hutchinson 1
IF 1
INCIDENTAL 1
INCLUDING 1
INDEMNITY 1
INTRODUCTORY 1
Imaginary 1
Increase 1
India 1
Infamy 1
Infinite 1
Influence 1
Inhabitant 1
Instead 1
Internal 1
International 1
Interpreting 1
Into 1
Involved 1
Israel 1
Jewish 1
Johnson 1
Jonathan 1
Justice 1
Keep 1
Keeping 1
Kenelm 1
Knights 1
LIABLE 1
Lake 1
Lapland 1
Large 1
Laughing 1
Leap 1
Leave 1
Leaving 1
Left 1
Lethe 1
Letters 1
Letting 1
Life 1
Locofoco 1
London 1
Lonely 1
Lost 1
Love 1
Low 1
MERCHANTABILITY 1
Matthew 1
Me 1
Measured 1
Meddle 1
Meeting 1
Mercy 1
Merry 1
Michael 1
Mighty 1
Miller 1
Mine 1
Misshapen 1
Mission 1
Mississippi 1
Morning 1
Moses 1
Muffled 1
NOTICE 1
Napoleon 1
Nathan 1
Naval 1
Near 1
Nearly 1
Niagara 1
North 1
Notwithstanding 1
Nova 1
OTHER 1
Oftenest 1
Oftentimes 1
Oldest 1
Oriental 1
Others 1
Overhead 1
PAPERS 1
PARAGRAPH 1
PG 1
PLEASE 1
POSSIBILITY 1
POSTHUMOUS 1
PROVIDED 1
PUNITIVE 1
Pacify 1
Papist 1
Partly 1
Passion 1
Peace 1
Peninsula 1
Pentecost 1
Pequod 1
Peradventure 1
Perceiving 1
Pestilence 1
Philosophically 1
Physic 1
Physical 1
Physician 1
Pilgrims 1
Planted 1
Please 1
Pluck 1
Poking 1
Port 1
Power 1
Praised 1
Pray 1
Preceded 1
Presidencies 1
Presidential 1
Prior 1
Prison 1
Privy 1
Produced 1
Professor 1
Prophets 1
Province 1
Prying 1
Public 1
Pursuing 1
READ 1
REFUND 1
REMEDIES 1
REPLACEMENT 1
RIGHT 1
Recognise 1
Red 1
Redistributing 1
Redistribution 1
Release 1
Remembering 1
Remorse 1
Replacement 1
Resolve 1
Revolution 1
Revolutionary 1
Rome 1
Rusty 1
SEND 1
START 1
STRICT 1
SUCH 1
Sagaciously 1
Salt 1
Sam 1
Save 1
Scotia 1
Sections 1
Sermon 1
Shall 1
Shortly 1
Shouldst 1
Show 1
Simon 1
Skilful 1
Slowly 1
Sombre 1
Somebody 1
Sooner 1
South 1
Special 1
Spring 1
Still 1
Strengthened 1
Stretching 1
Suffice 1
Support 1
THOSE 1
TOWN 1
TRADEMARK 1
Take 1
Taking 1
Taylor 1
Tell 1
Tempted 1
Therefore 1
Think 1
Thoreau 1
Those 1
Though 1
Throwing 1
Thy 1
Tomorrow 1
Tongue 1
Towards 1
Truly 1
Trust 1
Trusting 1
Truth 1
UNDER 1
USE 1
UT 1
Unable 1
Unbending 1
Universal 1
Unknown 1
Unscrupulous 1
Updated 1
Utopia 1
Very 1
Vicinity 1
Volunteers 1
WARRANTY 1
WILL 1
WITH 1
WORK 1
Wapping 1
Weighers 1
Well 1
Western 1
Westminster 1
Where 1
Wherefore 1
Whig 1
Whigs 1
Whither 1
Whoever 1
Whom 1
Winthrop 1
Within 1
Women 1
Word 1
Wrestling 1
Wretched 1
Yankee 1
Years 1
Yes 1
Yonder 1
York 1
Youthful 1
abate 1
abbreviating 1
abilities 1
aboard 1
abound 1
absorbing 1
abstracted 1
abstruse 1
absurd 1
absurdly 1
abundance 1
abundant 1
abundantly 1
abuse 1
accents 1
accept 1
acceptable 1
accessible 1
accident 1
accidents 1
accost 1
accosted 1
accosting 1
accountability 1
accountable 1
accounted 1
accrued 1
accumulate 1
accumulating 1
accumulation 1
accursed 1
achieve 1
acknowledging 1
acquiescing 1
acquiring 1
acrid 1
acted 1
actuates 1
acutely 1
acuteness 1
acutest 1
adaptation 1
adding 1
addition 1
additions 1
addresses 1
adduced 1
adequately 1
adjacent 1
administer 1
administering 1
administrations 1
admirable 1
admirably 1
admiringly 1
admixture 1
admonished 1
adopt 1
adopted 1
adore 1
advancement 1
advent 1
adventures 1
adverse 1
advise 1
adviser 1
affect 1
affections 1
affinity 1
affirming 1
afflicted 1
affrighting 1
aforesaid 1
agitation 1
agitations 1
agone 1
agonies 1
agonised 1
agreed 1
aiding 1
ail 1
ailed 1
ailment 1
ails 1
aim 1
aimed 1
aiming 1
aims 1
airily 1
airing 1
alacrity 1
alas 1
alchemist 1
alchemy 1
ale 1
alertness 1
alienation 1
alight 1
alighted 1
allot 1
allowable 1
alloy 1
alternate 1
alternatives 1
amazed 1
ambition 1
amiss 1
amount 1
amounted 1
amplest 1
amusement 1
amusing 1
analogy 1
analyse 1
analysed 1
anathemas 1
ancestors 1
ancestral 1
anew 1
angelical 1
angry 1
animadversion 1
anniversary 1
announce 1
annoyance 1
annual 1
annuals 1
anticipated 1
antiquary 1
antiquated 1
antiquity 1
anxiety 1
ape 1
apostolic 1
apotheosised 1
apparatus 1
apparition 1
apparitions 1
appealed 1
appeals 1
appearing 1
appellation 1
appellations 1
appended 1
appetite 1
appetizing 1
applauses 1
apple 1
apply 1
appreciate 1
appreciation 1
apprehending 1
apprehensions 1
apron 1
arch 1
architectural 1
arduous 1
argued 1
arguments 1
arise 1
aristocracy 1
armourer 1
army 1
arouse 1
aroused 1
arraigned 1
arrangements 1
arrival 1
arrive 1
artistically 1
ascends 1
ascertain 1
ascetic 1
ashamed 1
askance 1
asperity 1
aspirations 1
aspire 1
aspiring 1
aspiringly 1
assemblage 1
assembled 1
assert 1
assign 1
assignable 1
assimilate 1
assimilations 1
associates 1
association 1
astonishment 1
ate 1
attaching 1
attain 1
attaining 1
attending 1
attentive 1
attestation 1
attitude 1
attract 1
attractiveness 1
attracts 1
audible 1
auditor 1
auditors 1
augured 1
auspicious 1
austerity 1
authentic 1
authenticated 1
authoritative 1
authorized 1
autumn 1
availability 1
avenge 1
avenues 1
avowal 1
await 1
awaits 1
awaken 1
awakening 1
awarded 1
awards 1
awfully 1
babble 1
babbled 1
babbling 1
backed 1
backs 1
backwardness 1
bade 1
baffling 1
baggage 1
balance 1
bales 1
balked 1
band 1
bandied 1
bandying 1
bane 1
bank 1
banner 1
banquet 1
baptism 1
bargained 1
bark 1
barrels 1
barren 1
barter 1
bartered 1
base 1
basin 1
bask 1
baskets 1
bathed 1
battery 1
battled 1
bayonets 1
beadle 1
beak 1
beam 1
beamed 1
beaming 1
beards 1
bearings 1
beasts 1
beaten 1
becomes 1
bedazzled 1
bedizen 1
beef 1
befell 1
befits 1
befitted 1
beginnings 1
begins 1
behave 1
behest 1
beholdest 1
behoof 1
bellow 1
belonged 1
belongs 1
benevolent 1
benign 1
bequeathed 1
berth 1
beseech 1
beseeching 1
besmirches 1
besom 1
bespatter 1
bestirred 1
bestowing 1
bestrew 1
bethinking 1
betokening 1
betook 1
bewildering 1
bidding 1
bids 1
bind 1
binding 1
bipeds 1
blacken 1
blackest 1
blades 1
blameless 1
blasoned 1
blasphemous 1
blasted 1
blended 1
blew 1
blight 1
blighted 1
blind 1
bliss 1
bloodthirstiness 1
bloom 1
bloomed 1
blooming 1
blow 1
blown 1
blushed 1
blushes 1
blustered 1
board 1
bolder 1
boldly 1
boldness 1
bondage 1
bonds 1
books 1
boorish 1
bordered 1
borrow 1
boughs 1
boulders 1
boundary 1
bounding 1
boundless 1
bout 1
bow 1
bowing 1
boy 1
boyish 1
brains 1
branch 1
brat 1
brazen 1
breach 1
bread 1
breaking 1
breathes 1
bred 1
breed 1
brick 1
brightening 1
brightest 1
brilliantly 1
brims 1
brisk 1
briskly 1
broadcast 1
broadest 1
broidered 1
brooded 1
broom 1
broomstick 1
brushed 1
brutal 1
bubbling 1
buccaneer 1
buckler 1
buckramed 1
budding 1
build 1
building 1
bulk 1
bulky 1
bundle 1
bundles 1
buoy 1
burdock 1
burial 1
burns 1
burrowing 1
bursting 1
bury 1
bush 1
busying 1
cabalistic 1
cackle 1
cackled 1
cadence 1
calculable 1
calculation 1
callest 1
calling 1
cankered 1
cap 1
capability 1
caper 1
capital 1
capricious 1
captain 1
captains 1
card 1
career 1
carelessly 1
caress 1
caresses 1
cargo 1
carpenter 1
carpeted 1
carries 1
casts 1
casually 1
catarrh 1
causes 1
caution 1
cease 1
ceasing 1
celebrate 1
celebrated 1
celebrating 1
celibacy 1
centrifugal 1
ceremonial 1
ceremonials 1
ceremonies 1
chairs 1
changed 1
changing 1
chaos 1
characteristics 1
characterize 1
characterizes 1
charitable 1
charities 1
chase 1
chased 1
chatting 1
cheat 1
cherish 1
cherishing 1
childlike 1
chillest 1
chilliness 1
chills 1
chimney 1
chin 1
chirography 1
chirurgical 1
choked 1
choleric 1
chop 1
chopped 1
christened 1
churchyard 1
circuit 1
circumference 1
cited 1
city 1
civilised 1
civilization 1
civilized 1
clarion 1
classed 1
clause 1
cleared 1
clench 1
clergymen 1
cliffs 1
climate 1
climb 1
clings 1
clog 1
clogged 1
clogging 1
closed 1
closer 1
closing 1
cloth 1
clouded 1
clucked 1
clump 1
clustered 1
clustering 1
clusters 1
clutched 1
clutching 1
coadjutors 1
coal 1
coarsest 1
cobwebs 1
codes 1
coexist 1
coffins 1
coincidence 1
coldness 1
collector 1
colloquy 1
colonists 1
colour 1
colouring 1
colourless 1
colours 1
columbines 1
column 1
columns 1
combative 1
combine 1
combined 1
comely 1
comforted 1
commanding 1
commiseration 1
commit 1
committing 1
commodiousness 1
commodities 1
commodity 1
commonly 1
commonwealth 1
communed 1
communications 1
communicative 1
compact 1
compare 1
compass 1
compassionate 1
compel 1
compels 1
compilation 1
complaint 1
complexion 1
compliments 1
comport 1
comports 1
compose 1
composed 1
compositions 1
compounded 1
compounding 1
comprise 1
comprised 1
compulsion 1
computers 1
concealment 1
conceits 1
conceived 1
conception 1
conceptions 1
concerned 1
concluded 1
conclusions 1
concord 1
condemnation 1
condense 1
confer 1
conferred 1
confessed 1
confidant 1
confident 1
confidential 1
confidentially 1
confidently 1
confiding 1
confirm 1
confirmation 1
confirms 1
conflict 1
conform 1
congenial 1
congratulate 1
congregated 1
connect 1
connecting 1
conquered 1
consciences 1
consecrated 1
consecration 1
consent 1
consented 1
consequences 1
considering 1
consigned 1
consist 1
consisted 1
consolations 1
consolatory 1
constitute 1
constituted 1
constitutes 1
constrain 1
consummation 1
contagion 1
contagious 1
contemplate 1
contemplated 1
contemplation 1
contemporaries 1
contemporary 1
contemptuous 1
contend 1
contended 1
contented 1
contentment 1
contiguity 1
contiguous 1
continental 1
contingency 1
contorted 1
contrast 1
contributed 1
contributes 1
contributions 1
contriving 1
contumaciously 1
convenient 1
conversant 1
converse 1
converting 1
converts 1
convex 1
conveyed 1
conveys 1
convulsed 1
convulsion 1
convulsions 1
cool 1
cordially 1
corporate 1
corporation 1
corrected 1
correspond 1
correspondents 1
corresponding 1
corrupted 1
couldst 1
counsel 1
counselled 1
countenanced 1
countersigns 1
countries 1
countrymen 1
courteous 1
courteously 1
courtesy 1
cowardice 1
craftsmen 1
crave 1
craving 1
creaked 1
creates 1
creation 1
creator 1
creatures 1
credibility 1
creed 1
creeps 1
crevice 1
crevices 1
criminal 1
critical 1
criticising 1
criticism 1
crooked 1
crow 1
crowds 1
crown 1
crowned 1
crumble 1
crumbled 1
crumpled 1
crust 1
culprits 1
cultivation 1
cumber 1
cumbrous 1
cunning 1
cures 1
curls 1
curse 1
curtain 1
curtains 1
cushioned 1
cushions 1
dab 1
dainty 1
damage 1
damaged 1
dames 1
dangerous 1
dank 1
dares 1
darkness 1
darted 1
dated 1
daughters 1
dauntless 1
dawning 1
daybreak 1
daylight 1
dazzlingly 1
deadliest 1
dealt 1
dearest 1
debated 1
decapitated 1
decease 1
deceived 1
decide 1
decipherable 1
decline 1
declined 1
decorations 1
decree 1
decried 1
deductible 1
deems 1
deerskin 1
defence 1
defenceless 1
defend 1
defiant 1
definite 1
defrauding 1
defunct 1
degenerate 1
degrees 1
delay 1
deleterious 1
deletions 1
deliberate 1
deliberations 1
delicately 1
delicious 1
delights 1
delinquencies 1
delinquent 1
deliver 1
delivered 1
delivery 1
delude 1
deluded 1
demerits 1
democracy 1
democratic 1
demons 1
demonstration 1
denied 1
deniest 1
denizens 1
denote 1
denoted 1
denounced 1
denying 1
depart 1
departs 1
departure 1
depend 1
dependence 1
depends 1
deposited 1
depositing 1
depredations 1
depressed 1
deprive 1
derisively 1
derived 1
deriving 1
descending 1
descends 1
descent 1
deservedly 1
deserving 1
desirous 1
desk 1
despondent 1
despotic 1
despots 1
destinies 1
detach 1
detected 1
detecting 1
determine 1
devices 1
devil 1
devilish 1
devising 1
devotes 1
devotion 1
devotional 1
devoured 1
devout 1
devoutest 1
diabolic 1
diabolical 1
diamonds 1
diet 1
differed 1
difference 1
diffusion 1
digest 1
digging 1
dignitaries 1
diluted 1
diminished 1
dimmed 1
dimmer 1
dimmest 1
dimness 1
dinner 1
dinners 1
directed 1
directness 1
direst 1
disagreeable 1
disappointment 1
disarranged 1
disarray 1
discharge 1
discharging 1
disciples 1
disclaim 1
disclaimers 1
disclosure 1
disconnect 1
discontented 1
discontinue 1
discoursing 1
discourtesy 1
discoverable 1
discovers 1
discuss 1
discussed 1
discussing 1
disdainful 1
diseases 1
disembodied 1
disentangling 1
disgrace 1
disgraced 1
dishonour 1
dishonoured 1
disinclined 1
disk 1
dismissed 1
disordered 1
disorganize 1
dispelling 1
dispense 1
disporting 1
disposed 1
disposing 1
dispute 1
disputing 1
disregarded 1
disreputable 1
disrespect 1
dissolute 1
distil 1
distilled 1
distilling 1
distinguish 1
distinguishes 1
distorted 1
distracted 1
distrust 1
disturbed 1
disturbing 1
diverge 1
diversify 1
doctors 1
doctrinal 1
document 1
documents 1
dog 1
dogged 1
doings 1
dolefully 1
dome 1
donate 1
donation 1
donors 1
doorsteps 1
doorway 1
doth 1
double 1
doubtfully 1
doubting 1
downfall 1
drag 1
dragged 1
drained 1
drank 1
drapery 1
draughts 1
draws 1
dreads 1
dreaming 1
dreariest 1
dreariness 1
dress 1
dresses 1
dressing 1
drifted 1
driftwood 1
drive 1
drowned 1
drowning 1
drowsy 1
drug 1
drum 1
drunken 1
dulness 1
duly 1
dungeon 1
duplicity 1
duskiness 1
dutiable 1
dweller 1
dwellest 1
dwindling 1
dye 1
dyed 1
dynasty 1
eagerly 1
earned 1
ears 1
ease 1
eastern 1
eaten 1
ebb 1
eccentricity 1
echoes 1
eddies 1
education 1
educational 1
efficiency 1
effusion 1
egotism 1
eiderdown 1
ejected 1
elaborated 1
elasticity 1
elbowing 1
eldritch 1
elect 1
electronically 1
elegance 1
element 1
elfs 1
eloquent 1
email 1
emblematic 1
embowed 1
embroider 1
embroidering 1
embryo 1
emerge 1
emergencies 1
emigrant 1
emigrants 1
eminently 1
emotion 1
employed 1
employee 1
employees 1
enabling 1
enchantment 1
encircled 1
enclosing 1
encouraged 1
encumbrance 1
endeavouring 1
endowing 1
endowment 1
endowments 1
endue 1
endured 1
endures 1
energetic 1
enervating 1
enfeebled 1
engages 1
engaging 1
engrossed 1
enigma 1
enjoin 1
enjoyed 1
enjoyments 1
enlarged 1
enlivening 1
enmity 1
enormous 1
enshrined 1
ensued 1
ensuring 1
entangled 1
entertain 1
enticed 1
entreat 1
entreaty 1
envelop 1
envelope 1
enveloping 1
environment 1
equal 1
equipment 1
era 1
erase 1
erratic 1
errors 1
erudite 1
escapes 1
escaping 1
esoteric 1
estate 1
esteem 1
esteemed 1
estimation 1
ether 1
etherealised 1
ethics 1
eulogium 1
evading 1
evanescent 1
evening 1
eventful 1
eventide 1
everlasting 1
evidences 1
evolutions 1
exaggerate 1
exalt 1
examined 1
exceed 1
exception 1
exchange 1
excluded 1
exclusion 1
exclusively 1
excursions 1
excused 1
executed 1
execution 1
executive 1
exercising 1
exert 1
exerting 1
exertions 1
exhales 1
exhibits 1
exhilarating 1
exhilaration 1
exhort 1
exhorted 1
exigencies 1
existed 1
expanding 1
expatiate 1
expatiating 1
expect 1
expectant 1
expecting 1
expel 1
expelled 1
expend 1
expenditure 1
expense 1
expensive 1
experienced 1
experiencing 1
expiring 1
explain 1
explaining 1
explains 1
explanatory 1
exporting 1
expostulation 1
exposure 1
expound 1
expressing 1
expressive 1
expressly 1
exquisitely 1
extant 1
extend 1
extending 1
extensively 1
extenuation 1
exterminating 1
externally 1
extort 1
extra 1
extraordinary 1
extravagances 1
extreme 1
eyelids 1
fabrics 1
fade 1
failure 1
fairies 1
fairs 1
faithless 1
falsehood 1
families 1
fancifully 1
fantasy 1
fared 1
farthingale 1
fascination 1
fashioned 1
fastidious 1
fasts 1
fateful 1
fathomed 1
fathomless 1
fault 1
faultless 1
faults 1
feared 1
fearest 1
fears 1
feather 1
feebleness 1
feebly 1
feed 1
feeding 1
feelest 1
feels 1
feigned 1
fertility 1
fervently 1
fervour 1
festal 1
festoon 1
fever 1
feverish 1
fictitious 1
fidelity 1
fields 1
fierceness 1
fife 1
fifty 1
fig 1
fight 1
figurative 1
file 1
files 1
filial 1
filthy 1
financial 1
finer 1
finery 1
firelight 1
fireside 1
firewater 1
firewood 1
firm 1
firmament 1
fish 1
fitness 1
fitted 1
fittingly 1
fix 1
fixture 1
flabby 1
flagrant 1
flake 1
flames 1
flaming 1
flanked 1
flap 1
fleeing 1
flickered 1
flickers 1
flightiness 1
flighty 1
flirted 1
floats 1
flocking 1
floral 1
florid 1
flourished 1
flourishing 1
flowing 1
fluttering 1
foam 1
foamed 1
foe 1
folio 1
folios 1
fondness 1
foolscap 1
footing 1
forbade 1
forbearance 1
forbid 1
foreboding 1
forebore 1
forecastle 1
foregone 1
forenoon 1
foreseeing 1
foreseen 1
foretaste 1
foretell 1
forever 1
forfeited 1
forgiven 1
forgiveness 1
forgiving 1
forgot 1
formalities 1
formats 1
forming 1
forsook 1
forthcoming 1
fortitude 1
fortress 1
fouler 1
foundations 1
foundress 1
fourteen 1
fourth 1
fragile 1
fragment 1
fragmentary 1
frank 1
frankly 1
frantic 1
frayed 1
freak 1
freakish 1
freer 1
freight 1
freighted 1
freshest 1
fretted 1
fretting 1
frighten 1
frightened 1
frightfully 1
fringed 1
frisked 1
frisking 1
frizzled 1
frontispiece 1
frothy 1
fruit 1
fuel 1
fugitives 1
functionary 1
furniture 1
furtherance 1
fuss 1
futile 1
gaily 1
gain 1
gait 1
gale 1
gallery 1
galliard 1
galling 1
gang 1
gap 1
gaping 1
garlands 1
garment 1
gasped 1
gat 1
gauntlets 1
gem 1
generation 1
generosity 1
gentility 1
gentleness 1
gentler 1
gentlewoman 1
geometrical 1
gesticulating 1
gesticulation 1
gestures 1
gets 1
ghosts 1
gibberish 1
gibe 1
gild 1
gilded 1
girdled 1
girl 1
girlish 1
gladden 1
gladdening 1
glare 1
glass 1
glazed 1
gleams 1
gleaned 1
gleeman 1
glitter 1
glittered 1
gloat 1
gloated 1
glorifying 1
glorious 1
glove 1
glowed 1
goals 1
goodly 1
goods 1
goose 1
gorget 1
gourmandism 1
gouty 1
govern 1
gracious 1
gradations 1
gradual 1
grain 1
grandfather 1
grandfatherly 1
grandsires 1
grant 1
grapes 1
grasped 1
gratefully 1
gratuitous 1
gravely 1
graver 1
gravest 1
greatest 1
greeting 1
grieved 1
grievously 1
grinned 1
griping 1
groaned 1
groaning 1
groans 1
grosser 1
grossness 1
grovelled 1
grubbed 1
guard 1
guarded 1
guardian 1
guards 1
guessed 1
guidance 1
guillotine 1
guiltiness 1
gulf 1
gushes 1
gusts 1
gusty 1
habituated 1
hag 1
haggard 1
hale 1
halls 1
hammer 1
handful 1
handfuls 1
handiwork 1
handle 1
handling 1
hangdog 1
hanged 1
hangs 1
hap 1
happening 1
harassed 1
harassing 1
harden 1
harder 1
hardest 1
hardships 1
harmony 1
harp 1
harrowed 1
harshly 1
hasten 1
hastened 1
hastening 1
hat 1
hateful 1
hats 1
haunt 1
haze 1
heal 1
healing 1
healthfulness 1
healthy 1
hearest 1
heartlessness 1
hearty 1
heathen 1
heathenish 1
heaved 1
heaves 1
heaviest 1
heaving 1
heedful 1
heeding 1
heighten 1
heightened 1
heights 1
heiress 1
helmet 1
helpfulness 1
helpless 1
hence 1
henceforward 1
heraldic 1
herd 1
hereby 1
hermitage 1
hers 1
heterodox 1
hewn 1
hides 1
hillock 1
hillocks 1
hind 1
historical 1
hitting 1
hoarsely 1
holder 1
holiest 1
homely 1
homeward 1
honestly 1
honorary 1
honours 1
hopelessly 1
hoping 1
hopping 1
horrid 1
horse 1
hospitality 1
host 1
houses 1
hover 1
hovering 1
hovers 1
humanise 1
humanity 1
humiliating 1
humouring 1
humourous 1
humours 1
humoursome 1
hump 1
hundredfold 1
hundreds 1
hurled 1
hurriedly 1
hurrieth 1
hurrying 1
hurts 1
hush 1
hussy 1
hypertext 1
hypocrisy 1
hypocrite 1
identical 1
identification 1
idler 1
idolized 1
ignominiously 1
illuminates 1
illuminating 1
illumination 1
illumined 1
illusive 1
illustrated 1
illustration 1
illustrious 1
imaged 1
imagines 1
imagining 1
imbecility 1
imbibes 1
imbibing 1
imitative 1
immaterial 1
immature 1
immeasurable 1
immemorial 1
immensity 1
imminent 1
immortally 1
immunity 1
imparts 1
impassioned 1
impeded 1
impediment 1
impel 1
imperatively 1
imperceptible 1
implicated 1
implicitly 1
implied 1
implore 1
imply 1
import 1
importunately 1
impose 1
impossibility 1
impossibly 1
impressiveness 1
imprinted 1
imprisoned 1
improbable 1
improper 1
improperly 1
impropriety 1
impute 1
inaccurate 1
inactive 1
inactivity 1
inalienable 1
inanimate 1
inarticulate 1
incantations 1
inch 1
inches 1
incited 1
inclement 1
include 1
includes 1
incoherent 1
incommodities 1
incomplete 1
incongruity 1
inconsistency 1
inconvenient 1
incorporated 1
increased 1
increasing 1
incredulity 1
incumbent 1
incurious 1
incurring 1
indefeasible 1
indemnify 1
indicates 1
indication 1
indicative 1
indifferent 1
indirectly 1
indistinctness 1
indistinguishable 1
indubitably 1
induced 1
inducements 1
induces 1
indulge 1
indulgent 1
indulging 1
ineffectual 1
inexhaustible 1
inexplicable 1
inexpressibly 1
inextricable 1
infantile 1
infect 1
infectious 1
inference 1
inferior 1
inferred 1
infinitely 1
infirm 1
inflexible 1
infused 1
ingenuities 1
inhabitant 1
inhabited 1
inimical 1
initials 1
injured 1
injury 1
inky 1
inmates 1
innermost 1
innocence 1
innumerable 1
inoffensive 1
inopportune 1
inopportuneness 1
inquest 1
inquietude 1
inquiries 1
inquisitions 1
inquisitively 1
inquisitorial 1
insidious 1
insist 1
insisted 1
inspection 1
inspired 1
inspires 1
instantaneously 1
instilment 1
institution 1
instrument 1
insubordination 1
insulated 1
insulted 1
insurmountable 1
intangibility 1
intelligently 1
intelligible 1
intended 1
intending 1
intensest 1
intently 1
interfere 1
interference 1
interferes 1
internal 1
interpose 1
interposition 1
interrupted 1
intertwined 1
intervals 1
intervolutions 1
intimated 1
intimations 1
intreaty 1
intricate 1
intrinsic 1
introduce 1
introduction 1
intruder 1
intruding 1
intrusively 1
intrusted 1
intuitions 1
inured 1
invalidity 1
invaluable 1
inventive 1
invest 1
investigator 1
investing 1
investment 1
invests 1
inveterately 1
invigorated 1
invigorating 1
inviolable 1
invited 1
involve 1
irks 1
irregularity 1
irrelevant 1
irreparably 1
irrepressible 1
irresponsibility 1
irreverence 1
irreverently 1
irrevocable 1
irrevocably 1
irritated 1
isolated 1
issuing 1
item 1
jailer 1
jealousy 1
jeering 1
jet 1
jewel 1
jocularity 1
joined 1
joining 1
joint 1
joints 1
jolly 1
joyful 1
joyfully 1
judgement 1
judgments 1
judicial 1
jurisdiction 1
justification 1
justify 1
justly 1
jutting 1
keen 1
keeper 1
key 1
kick 1
killed 1
kindest 1
kindles 1
kindlier 1
kindliness 1
kinds 1
knelt 1
knewest 1
knock 1
knowing 1
laboratory 1
labouring 1
labours 1
lace 1
lacking 1
lacks 1
ladies 1
lain 1
lamentation 1
landsman 1
lane 1
language 1
languid 1
languidly 1
lapsed 1
lasted 1
latitude 1
latterly 1
lattice 1
latticed 1
laughs 1
laurel 1
lavish 1
lavished 1
lavishing 1
laying 1
lazily 1
lazy 1
leaden 1
leads 1
leans 1
leap 1
leaped 1
learnt 1
lease 1
leathern 1
leech 1
lees 1
legally 1
legendary 1
legends 1
legislative 1
legs 1
lending 1
lent 1
lessen 1
lessons 1
lettered 1
letters 1
letting 1
levelling 1
liability 1
liberal 1
liberality 1
library 1
licensed 1
lifeless 1
lifelong 1
lifting 1
lighting 1
likeness 1
liking 1
lily 1
limb 1
limbs 1
lined 1
liquefied 1
listener 1
listeners 1
listlessness 1
literal 1
livelihood 1
loathsome 1
locality 1
locations 1
loftiest 1
log 1
loiter 1
longing 1
longs 1
lookest 1
loom 1
lore 1
losing 1
louder 1
lounged 1
lovest 1
lowering 1
lowest 1
lukewarm 1
lumber 1
lumbering 1
luminary 1
lump 1
lurked 1
lust 1
luxury 1
mad 1
madness 1
magician 1
magnate 1
magnet 1
magnetism 1
magnificent 1
mahogany 1
maidenhood 1
mainspring 1
maintaining 1
majority 1
malefactresses 1
malevolence 1
malignant 1
malleable 1
manager 1
manhood 1
manifestly 1
manliness 1
manly 1
manners 1
manufactured 1
manuscript 1
march 1
marches 1
marching 1
margined 1
marker 1
marketplace 1
marriageable 1
married 1
marry 1
marshal 1
marshalled 1
marvelling 1
marvelous 1
masculine 1
mass 1
massive 1
master 1
masters 1
mastery 1
match 1
materiality 1
matron 1
mattered 1
mature 1
maturer 1
maximum 1
maze 1
meals 1
measured 1
meat 1
meddle 1
meddlest 1
meddling 1
medicinal 1
medicines 1
meditated 1
meditation 1
meditative 1
meed 1
meetest 1
meeting 1
meets 1
memorial 1
memorials 1
memories 1
mended 1
mercenary 1
merchant 1
merciful 1
mesh 1
messages 1
metallic 1
metaphor 1
metropolis 1
midnight 1
mightest 1
mightily 1
mild 1
mildest 1
mildewed 1
miles 1
millionfold 1
mindful 1
mingles 1
miniature 1
ministerial 1
mint 1
minute 1
minutely 1
minutest 1
misanthropy 1
misbegotten 1
mischance 1
misdemeanours 1
misfortune 1
misgivings 1
mishaps 1
missed 1
misses 1
missile 1
mist 1
mistaken 1
mistook 1
misty 1
mixture 1
moan 1
moans 1
mocked 1
mockest 1
model 1
modelled 1
modest 1
modification 1
moist 1
mollified 1
monarch 1
monopolized 1
monthly 1
monuments 1
moonlight 1
moralist 1
morality 1
morals 1
morbidly 1
moreover 1
morn 1
morsel 1
mortify 1
moth 1
mothers 1
motions 1
motives 1
motto 1
mottoes 1
moulder 1
mouldering 1
mountebank 1
mourn 1
muddy 1
muffling 1
mumbled 1
murmurs 1
muster 1
mutability 1
mutton 1
mythological 1
named 1
nap 1
narratives 1
narrator 1
narrower 1
nation 1
national 1
nations 1
naturalised 1
nautical 1
necessities 1
necks 1
necromancy 1
needest 1
needle 1
needlessly 1
neglected 1
neighbourhood 1
nerveless 1
nerves 1
nervously 1
nestlings 1
network 1
neutral 1
newness 1
newsletter 1
newspaper 1
nightmare 1
nightmares 1
nighttime 1
nine 1
nineteen 1
nobles 1
nobody 1
nonproprietary 1
noon 1
northern 1
noteworthy 1
noticing 1
notifies 1
notion 1
nourish 1
nugatory 1
numbness 1
nuptial 1
nurtured 1
nut 1
nutriment 1
nymph 1
oaks 1
obeisance 1
obeying 1
obliterated 1
obscured 1
obscurely 1
obscuring 1
observable 1
observance 1
observances 1
obstacles 1
obstinacy 1
obtained 1
obtrusive 1
obtuseness 1
occurrence 1
ocean 1
odious 1
offence 1
offering 1
officials 1
offshoot 1
offsprings 1
oil 1
olden 1
ominous 1
ominously 1
oneness 1
opaque 1
opening 1
opens 1
operate 1
operated 1
operation 1
opinions 1
opportune 1
opposed 1
opposes 1
opposing 1
optics 1
option 1
oracles 1
oral 1
orb 1
ordeal 1
ordering 1
orders 1
ordinances 1
ordinarily 1
organized 1
organs 1
originator 1
ornamented 1
orthodox 1
outbreaks 1
outburst 1
outdated 1
outlaw 1
outlawed 1
outlaws 1
outrage 1
outskirt 1
outspoken 1
outspread 1
outstretched 1
overcomes 1
overfilling 1
overflows 1
overheard 1
overhearing 1
overpowered 1
overshadows 1
overspread 1
overthrow 1
owning 1
pacifying 1
pacing 1
package 1
painters 1
palace 1
palate 1
paleness 1
pall 1
pallid 1
palsied 1
panelling 1
panels 1
panoply 1
paperwork 1
pardonable 1
parochial 1
particles 1
particularly 1
particulars 1
partisans 1
partook 1
passenger 1
passions 1
passive 1
passiveness 1
passwords 1
pastor 1
pastoral 1
pat 1
pathos 1
paths 1
patients 1
patriarchs 1
patted 1
pattering 1
pauper 1
pauses 1
pavement 1
pavements 1
peaches 1
peaks 1
peal 1
pealed 1
pealing 1
pearl 1
pears 1
peculiarly 1
peep 1
peeping 1
peered 1
pelting 1
penetrated 1
penetrating 1
penitence 1
penitential 1
pensiveness 1
peremptory 1
perfecting 1
perfection 1
performance 1
performances 1
performed 1
perilled 1
periodic 1
periodical 1
permanence 1
permanently 1
perpetrate 1
perpetration 1
perpetual 1
perpetuate 1
perplex 1
perplexed 1
perplexity 1
persecuting 1
personally 1
persuasive 1
pertains 1
pervading 1
perverted 1
pestered 1
pestilence 1
petted 1
petticoat 1
petulant 1
pewter 1
phenomena 1
philanthropists 1
philosophised 1
phosphorescent 1
physiognomies 1
picked 1
picking 1
pickle 1
pictured 1
picturesqueness 1
pierced 1
pilloried 1
pillory 1
pine 1
pines 1
pirate 1
pitch 1
pitching 1
pitfalls 1
pitiably 1
pitied 1
pitiless 1
pitilessly 1
pittance 1
pitying 1
placidity 1
plague 1
plainer 1
plainest 1
plainness 1
planned 1
plans 1
plant 1
planting 1
plashy 1
plate 1
playmate 1
plays 1
pleaded 1
pleads 1
pleases 1
pleasures 1
pledge 1
pledging 1
plentifully 1
plied 1
plunged 1
plying 1
pockets 1
poetic 1
pointless 1
poisoned 1
polemical 1
policy 1
polish 1
polished 1
politician 1
pollution 1
popping 1
popularity 1
pore 1
portent 1
portico 1
positive 1
possesses 1
possibilities 1
possible 1
post 1
posterior 1
postpone 1
potentate 1
powdered 1
powwow 1
practicable 1
practically 1
practice 1
practised 1
praises 1
prate 1
prattle 1
prattled 1
prayed 1
prayers 1
praying 1
preached 1
preaching 1
precincts 1
precise 1
precocity 1
predilections 1
predominant 1
prefer 1
preferable 1
preference 1
prefixed 1
prejudice 1
prejudices 1
premeditated 1
premises 1
prepare 1
preparing 1
presentiments 1
presenting 1
presents 1
preserved 1
pretend 1
prettiness 1
prevail 1
prevailed 1
prevailing 1
prevent 1
priceless 1
prick 1
priestly 1
priests 1
primeval 1
primitive 1
prince 1
princely 1
principal 1
privacy 1
privilege 1
privileged 1
probable 1
probing 1
probity 1
problem 1
problems 1
proceed 1
processes 1
processing 1
proclamations 1
producing 1
product 1
products 1
profane 1
professed 1
professors 1
proffered 1
proffering 1
profited 1
profits 1
profounder 1
profoundly 1
profusion 1
progress 1
progressive 1
prohibition 1
projection 1
prolific 1
prolix 1
prolixity 1
prolonging 1
prominence 1
promising 1
promoted 1
promotes 1
prompted 1
promptitude 1
proneness 1
pronounce 1
proofread 1
proofs 1
propagate 1
propensities 1
propensity 1
prophet 1
prophets 1
propinquity 1
proportioned 1
proposed 1
propounded 1
proprietary 1
proprietor 1
propriety 1
prosperity 1
protection 1
proudest 1
proudly 1
providential 1
provision 1
provoked 1
prow 1
psychological 1
publicly 1
publish 1
puff 1
pull 1
pulling 1
punish 1
punished 1
punishes 1
puny 1
puppets 1
purchased 1
purchasing 1
purple 1
pursuance 1
pursue 1
pursued 1
pursuits 1
puts 1
puzzled 1
quadrupeds 1
quaffing 1
quake 1
qualifications 1
quantities 1
quaver 1
queer 1
quell 1
quench 1
questioner 1
quitting 1
quivering 1
radically 1
rafters 1
rage 1
rainy 1
ramble 1
rambled 1
rambles 1
ramparts 1
rang 1
rankles 1
rankling 1
ransacked 1
ransomed 1
rapidly 1
rapture 1
rapturously 1
rarely 1
rarest 1
rate 1
ravenous 1
reaching 1
readable 1
readier 1
realise 1
realities 1
realm 1
reams 1
rear 1
reasoned 1
reasons 1
rebuke 1
recalling 1
reception 1
recess 1
recipe 1
reciprocated 1
recklessness 1
recluse 1
recognises 1
recoil 1
recounted 1
recovering 1
recreate 1
recreation 1
recurring 1
redden 1
redemption 1
redistribute 1
redistributing 1
reduced 1
reduplicate 1
refinement 1
reflections 1
reflex 1
reform 1
reforms 1
refrain 1
refreshed 1
refuge 1
refusals 1
refuseth 1
regimen 1
regiment 1
regulating 1
regulation 1
reins 1
rejecting 1
rejoice 1
rejoiced 1
rejoicing 1
related 1
release 1
relentless 1
relied 1
relinquish 1
relinquished 1
reluctance 1
remaineth 1
remark 1
remarks 1
remembers 1
reminded 1
reminding 1
remnant 1
remonstrance 1
remotely 1
remotest 1
render 1
renders 1
renew 1
renewal 1
renewing 1
renowned 1
repaid 1
repining 1
replace 1
replete 1
reply 1
report 1
reported 1
representation 1
representations 1
reprimand 1
reproached 1
reproof 1
republican 1
repudiate 1
repulsive 1
reputable 1
reputation 1
reputations 1
repute 1
reputed 1
requires 1
requite 1
rescue 1
rescuing 1
research 1
resembles 1
resembling 1
reserved 1
residences 1
resident 1
resisted 1
resolute 1
resort 1
resources 1
respected 1
respective 1
respects 1
response 1
responsibilities 1
responsible 1
restored 1
restrained 1
restraint 1
restrictive 1
resulted 1
results 1
resume 1
retire 1
retired 1
retrieving 1
revealing 1
revenue 1
reverberating 1
revisits 1
revived 1
reviving 1
revolution 1
revolutionary 1
revolving 1
reward 1
rewarded 1
rheumatic 1
ribbons 1
richer 1
richly 1
riddle 1
ride 1
rides 1
ridicule 1
rightful 1
riotous 1
riotously 1
ripe 1
ripen 1
ripened 1
ripening 1
risen 1
risking 1
road 1
roast 1
rode 1
rolled 1
rolling 1
rooms 1
roses 1
rotted 1
rotundity 1
roughly 1
rouse 1
royal 1
royalty 1
rubies 1
ruddiness 1
ruddy 1
rudeness 1
rudest 1
ruffs 1
rules 1
runs 1
russet 1
rust 1
rustic 1
rustle 1
rusty 1
sacrificed 1
sacrilegious 1
saddens 1
saddest 1
safe 1
safer 1
sagacity 1
sagamores 1
sage 1
sail 1
sailing 1
sailor 1
sailors 1
saints 1
sale 1
salt 1
sanctuary 1
sane 1
satiating 1
satisfactorily 1
satisfy 1
saved 1
savour 1
says 1
scalps 1
scamper 1
scampering 1
scantly 1
scared 1
scarf 1
scaring 1
schemes 1
scholars 1
schoolmates 1
schooners 1
scientific 1
scintillating 1
scorch 1
scorched 1
scorching 1
score 1
scourged 1
scourging 1
scowled 1
scratch 1
scratchings 1
screamed 1
scribbler 1
scroll 1
scrubby 1
scrupulous 1
scrutinised 1
scurrilous 1
scurvy 1
scythe 1
seal 1
sealed 1
seals 1
seaman 1
sear 1
searched 1
sears 1
seasonably 1
seat 1
seaweed 1
securely 1
sedulous 1
seeing 1
seeming 1
seemly 1
seer 1
seers 1
seest 1
seething 1
segment 1
selected 1
selection 1
selfish 1
selfishness 1
sensation 1
sensibilities 1
sensual 1
sentimental 1
sepulchres 1
sere 1
serene 1
serenity 1
serf 1
sergeants 1
serpent 1
servants 1
service 1
serviceable 1
services 1
serving 1
sets 1
setting 1
settlers 1
seventeenth 1
seventy 1
severely 1
severest 1
shaded 1
shadowed 1
shadows 1
shake 1
shaken 1
shallow 1
sham 1
sharing 1
sharpened 1
shattered 1
sheaf 1
shed 1
sheets 1
shells 1
shifting 1
shipwreck 1
shiver 1
shivers 1
shook 1
shops 1
shores 1
shot 1
shouldered 1
shouldst 1
shout 1
shouts 1
shove 1
showy 1
shrewd 1
shrewdly 1
shrill 1
shrilly 1
shrine 1
shrinking 1
shrinks 1
shrubs 1
shrunk 1
shutters 1
shyly 1
sickened 1
sigh 1
signified 1
silk 1
sill 1
silly 1
simultaneous 1
sincere 1
sinews 1
singing 1
singularly 1
sinkings 1
sinks 1
sire 1
sires 1
sites 1
sixty 1
sketched 1
skilful 1
skilled 1
skipped 1
skull 1
slab 1
slain 1
sleepers 1
sleeping 1
slender 1
slightest 1
slip 1
slovenliness 1
slumberers 1
slumbering 1
slumberous 1
slumbers 1
smack 1
smart 1
smartly 1
smelt 1
smiles 1
smiting 1
smitten 1
smoking 1
smote 1
smuggled 1
snake 1
snatched 1
snatching 1
snowflakes 1
snugness 1
sob 1
sober 1
soberer 1
soiled 1
sojourn 1
solace 1
sold 1
soldiers 1
solely 1
solemnity 1
solemnly 1
solicitation 1
solidity 1
solve 1
somniferous 1
son 1
soothe 1
soothed 1
sorrowed 1
sounder 1
sounds 1
sources 1
sourer 1
sowing 1
sows 1
spare 1
spared 1
sparkles 1
sparkling 1
speaker 1
speckled 1
spectre 1
speculate 1
speculation 1
speedily 1
spiritualise 1
spiritualised 1
spirituality 1
splash 1
splendid 1
spontaneously 1
sportiveness 1
spots 1
spotted 1
spray 1
springing 1
spruce 1
spurn 1
squad 1
square 1
squirrel 1
stab 1
stability 1
stabs 1
stages 1
stained 1
stains 1
stalked 1
stalwart 1
standard 1
starched 1
stared 1
stars 1
startling 1
stated 1
statements 1
statesman 1
statesmen 1
station 1
statistics 1
stealing 1
stealthy 1
stencil 1
sterile 1
sterling 1
sternest 1
sternness 1
steward 1
stiffen 1
stifled 1
stifling 1
stigmatised 1
stilled 1
stings 1
stirring 1
stirrings 1
stitched 1
stock 1
stolen 1
stones 1
stony 1
stool 1
stoop 1
stop 1
stopping 1
stored 1
storey 1
storeys 1
storied 1
stove 1
straggled 1
straight 1
straitly 1
strangers 1
strayed 1
straying 1
streaked 1
streamed 1
streamlet 1
strengthened 1
strenuously 1
stretch 1
stretching 1
stricken 1
stride 1
strikingly 1
strip 1
stroke 1
strolled 1
strongest 1
structure 1
strutting 1
stubbornly 1
stuck 1
studded 1
studies 1
studious 1
stuff 1
stumbled 1
stupefied 1
sturdier 1
sturdily 1
sturdy 1
subjected 1
subjugated 1
submitted 1
subordinates 1
subscribe 1
subside 1
subsisted 1
subsistence 1
subsisting 1
substances 1
substituted 1
subtile 1
subtlety 1
subtly 1
succeed 1
success 1
successor 1
successors 1
succour 1
sufferings 1
suggest 1
suggesting 1
suited 1
sullied 1
sum 1
summoning 1
summons 1
sunburnt 1
sundering 1
sunk 1
sunless 1
sunlight 1
sunniest 1
sunrise 1
superfluous 1
superior 1
supernatural 1
supernaturally 1
supervision 1
supplied 1
supply 1
supporting 1
supposes 1
supposition 1
surer 1
surmise 1
surmounted 1
surrounding 1
survived 1
suspected 1
suspicious 1
sustenance 1
swallow 1
swamp 1
swarm 1
swarming 1
sweep 1
sweeter 1
sweetness 1
swelled 1
swelling 1
swells 1
swept 1
swifter 1
swiftly 1
swollen 1
symbolise 1
sympathise 1
sympathized 1
symphonious 1
synonymous 1
systematic 1
talent 1
talks 1
tampering 1
tangled 1
tantalizing 1
taper 1
tapestried 1
tasks 1
tasted 1
teaches 1
teaching 1
tearful 1
tedious 1
temporal 1
temporary 1
tempter 1
tempts 1
tenaciously 1
tenacity 1
tendencies 1
tendered 1
tenderest 1
tenderloin 1
tenement 1
tenfold 1
tension 1
terminate 1
terminating 1
terrorists 1
test 1
testimonials 1
testing 1
texts 1
texture 1
thanked 1
thatch 1
thatched 1
theatrical 1
themes 1
therein 1
thief 1
thinking 1
thinly 1
thinner 1
thirteen 1
thousandth 1
thresholds 1
thriving 1
throat 1
throbbings 1
throes 1
throws 1
thunderbolts 1
thundered 1
tie 1
tied 1
ties 1
tight 1
tilted 1
timbered 1
tint 1
tiny 1
tiptoes 1
tiresome 1
tissues 1
tobacco 1
toiled 1
toils 1
toilsome 1
tolerable 1
tomb 1
tombstone 1
ton 1
tongues 1
tools 1
topics 1
topmost 1
torch 1
tore 1
torment 1
tormented 1
torrent 1
tortures 1
tossing 1
tossings 1
total 1
totter 1
tottered 1
tottering 1
touches 1
tougher 1
tower 1
towns 1
townward 1
tracing 1
tract 1
traded 1
tradition 1
traditionary 1
tragic 1
trained 1
trammelled 1
trample 1
transcription 1
transform 1
transgress 1
transgressions 1
transgressor 1
transmit 1
transmuted 1
transmuting 1
transparent 1
transplantation 1
transported 1
travel 1
traversed 1
treadest 1
treat 1
trembling 1
tremulously 1
tresses 1
trials 1
tribunal 1
tribunals 1
tricks 1
trifle 1
trifled 1
trifles 1
trip 1
triple 1
triumphs 1
trode 1
tropical 1
troublesome 1
trough 1
trousers 1
trow 1
truculency 1
trunks 1
trying 1
tuft 1
tumultuous 1
turkey 1
twine 1
twined 1
twinkle 1
twist 1
twitted 1
types 1
typical 1
ulcerated 1
ulterior 1
ultimate 1
unable 1
unaccountably 1
unacquainted 1
unadulterated 1
unaltered 1
unanswerable 1
unappropriate 1
unawares 1
unbarred 1
unbenignantly 1
unborn 1
unbreeched 1
uncaptivating 1
unceremonious 1
uncheerful 1
unclasp 1
unclean 1
unclosed 1
uncommon 1
uncomplainingly 1
uncongenial 1
unconscious 1
uncontrollable 1
uncovered 1
unction 1
undergo 1
undermine 1
understandest 1
understanding 1
underwent 1
undesirable 1
undisguised 1
undissembled 1
undue 1
undutiful 1
unearthly 1
uneasy 1
unenforceability 1
unequal 1
unerring 1
unexpressed 1
unfailing 1
unfaithful 1
unfavourable 1
unfeignedly 1
unflinching 1
unfolding 1
unforgotten 1
ungladdened 1
ungracious 1
ungrateful 1
unhallowed 1
unhealed 1
unhealthy 1
unhumanised 1
uniform 1
unimaginable 1
unimpassioned 1
uninstructed 1
unintelligent 1
union 1
unison 1
unite 1
universally 1
university 1
unjoyous 1
unkind 1
unlikeliest 1
unlink 1
unlocked 1
unmalleable 1
unmanageable 1
unmercifully 1
unmistakable 1
unnecessary 1
unobtrusive 1
unperformed 1
unpicturesque 1
unpleasant 1
unpremeditated 1
unprosperous 1
unprotected 1
unprovoked 1
unravelled 1
unrealities 1
unreasonable 1
unreasonably 1
unrecognised 1
unreserved 1
unreservedly 1
unripe 1
unsavoury 1
unsearchable 1
unseasonably 1
unseemly 1
unseen 1
unshaken 1
unsolicited 1
unsolved 1
unsought 1
unspeakable 1
unspotted 1
unsubstantial 1
unsuitable 1
unsunned 1
unsuspicious 1
unsympathising 1
unsympathizing 1
untamed 1
untempered 1
unthrifty 1
untransmitted 1
untried 1
untrue 1
untutored 1
unvalued 1
unweariable 1
unwelcome 1
unworn 1
unworthiness 1
upbraided 1
uplifted 1
uppermost 1
uproar 1
urgently 1
usefully 1
ushering 1
usual 1
usurping 1
vagrant 1
valiantly 1
valour 1
valueless 1
vanishing 1
variance 1
variously 1
vault 1
vehemence 1
vehemently 1
vehicle 1
velveted 1
venom 1
venomous 1
venture 1
verbal 1
verdict 1
veriest 1
vestige 1
veteran 1
veterans 1
vexed 1
vibrate 1
vicinity 1
vicissitude 1
victorious 1
vied 1
viewing 1
vigilance 1
vigils 1
vilely 1
vileness 1
viler 1
vilest 1
vilified 1
vindicate 1
violates 1
violating 1
violets 1
virtues 1
virtuous 1
visaged 1
visages 1
vision 1
visiting 1
visitors 1
vitiated 1
vivacious 1
vivify 1
vixenly 1
void 1
volatile 1
volley 1
voluminous 1
volunteer 1
vowed 1
voyage 1
vulgar 1
wag 1
wages 1
wailings 1
wait 1
waiting 1
waits 1
waiving 1
waking 1
wall 1
wan 1
wandered 1
want 1
warfare 1
warmed 1
warmest 1
warning 1
warrant 1
warranties 1
warrior 1
wash 1
wasting 1
water 1
waved 1
waywardness 1
weak 1
weapons 1
wearers 1
web 1
wedging 1
weed 1
week 1
weighing 1
weightily 1
weird 1
welcomed 1
wharves 1
wheels 1
whereabouts 1
whereas 1
wherein 1
whichever 1
whiff 1
whimsies 1
whirlpool 1
whispering 1
whispers 1
whiteness 1
whitest 1
wholesomeness 1
wholly 1
wicker 1
wider 1
widespread 1
widows 1
wielding 1
wilder 1
wildest 1
wildly 1
wildness 1
wilds 1
willingly 1
willow 1
wilting 1
winced 1
wing 1
wink 1
winked 1
winking 1
wiry 1
wisely 1
wisest 1
wistfully 1
withering 1
withholding 1
witticisms 1
wizard 1
woe 1
wofully 1
womanhood 1
womanly 1
wondering 1
wonderingly 1
wonders 1
wondrous 1
wooded 1
wording 1
worked 1
workest 1
workshops 1
wormwood 1
wot 1
wots 1
wottest 1
wreak 1
wreaked 1
wreaking 1
wreaths 1
wreck 1
wrench 1
wretch 1
wretches 1
wrinkles 1
writers 1
writes 1
writhed 1
wronging 1
wrongs 1
yards 1
yearns 1
yesterday 1
yield 1
zenith 1
zigzag 1
